{"C:\\Applic\\Server\\DBNode-4.0.0-beta-3\\htdocs\\__Projects\\xassist\\dist\\xAssist.js":{"path":"C:\\Applic\\Server\\DBNode-4.0.0-beta-3\\htdocs\\__Projects\\xassist\\dist\\xAssist.js","s":{"1":1,"2":1,"3":1,"4":1,"5":1,"6":1,"7":0,"8":0,"9":0,"10":0,"11":0,"12":1,"13":0,"14":1,"15":0,"16":0,"17":0,"18":0,"19":0,"20":1,"21":0,"22":0,"23":0,"24":0,"25":0,"26":0,"27":1,"28":0,"29":0,"30":0,"31":0,"32":1,"33":0,"34":0,"35":0,"36":0,"37":0,"38":1,"39":0,"40":0,"41":0,"42":0,"43":0,"44":0,"45":0,"46":0,"47":0,"48":0,"49":0,"50":0,"51":0,"52":0,"53":1,"54":0,"55":1,"56":0,"57":0,"58":0,"59":0,"60":1,"61":0,"62":0,"63":0,"64":1,"65":0,"66":1,"67":0,"68":0,"69":0,"70":0,"71":0,"72":1,"73":0,"74":0,"75":0,"76":0,"77":0,"78":1,"79":0,"80":0,"81":0,"82":0,"83":0,"84":0,"85":0,"86":0,"87":1,"88":0,"89":0,"90":0,"91":1,"92":0,"93":1,"94":0,"95":0,"96":0,"97":1,"98":1,"99":1,"100":0,"101":1,"102":0,"103":0,"104":0,"105":0,"106":0,"107":0,"108":0,"109":1,"110":0,"111":0,"112":0,"113":0,"114":0,"115":0,"116":0,"117":0,"118":0,"119":0,"120":0,"121":0,"122":0,"123":0,"124":0,"125":1,"126":0,"127":0,"128":0,"129":0,"130":0,"131":0,"132":0,"133":0,"134":0,"135":0,"136":0,"137":0,"138":1,"139":0,"140":1,"141":0,"142":0,"143":0,"144":0,"145":0,"146":0,"147":1,"148":0,"149":0,"150":0,"151":1,"152":0,"153":0,"154":0,"155":1,"156":0,"157":0,"158":0,"159":0,"160":0,"161":1,"162":0,"163":0,"164":0,"165":0,"166":0,"167":0,"168":0,"169":1,"170":1,"171":1,"172":1,"173":0,"174":1,"175":0,"176":0,"177":0,"178":0,"179":1,"180":0,"181":1,"182":0,"183":0,"184":0,"185":0,"186":0,"187":0,"188":0,"189":0,"190":0,"191":0,"192":1,"193":0,"194":1,"195":0,"196":0,"197":0,"198":0,"199":0,"200":0,"201":0,"202":0,"203":0,"204":0,"205":0,"206":0,"207":0,"208":0,"209":0,"210":0,"211":0,"212":0,"213":0,"214":0,"215":0,"216":0,"217":1,"218":0,"219":0,"220":0,"221":0,"222":1,"223":0,"224":0,"225":1,"226":0,"227":0,"228":0,"229":0,"230":0,"231":0,"232":0,"233":0,"234":0,"235":0,"236":1,"237":0,"238":0,"239":0,"240":1,"241":0,"242":0,"243":0,"244":0,"245":0,"246":0,"247":0,"248":0,"249":0,"250":0,"251":0,"252":1,"253":0,"254":0,"255":0,"256":0,"257":0,"258":0,"259":0,"260":0,"261":0,"262":1,"263":0,"264":0,"265":0,"266":0,"267":0,"268":0,"269":0,"270":0,"271":0,"272":0,"273":0,"274":0,"275":1,"276":0,"277":0,"278":0,"279":0,"280":0,"281":0,"282":0,"283":0,"284":0,"285":1,"286":0,"287":0,"288":0,"289":0,"290":0,"291":1,"292":0,"293":0,"294":0,"295":0,"296":0,"297":0,"298":0,"299":0,"300":1,"301":0,"302":1,"303":0,"304":0,"305":1,"306":0,"307":0,"308":0,"309":0,"310":0,"311":0,"312":1,"313":0,"314":0,"315":0,"316":0,"317":0,"318":0,"319":0,"320":0,"321":0,"322":0,"323":0,"324":0,"325":0,"326":0,"327":0,"328":0,"329":0,"330":0,"331":0,"332":0,"333":0,"334":0,"335":0,"336":0,"337":0,"338":0,"339":0,"340":0,"341":0,"342":0,"343":0,"344":0,"345":0,"346":1,"347":0,"348":0,"349":0,"350":0,"351":0,"352":0,"353":0,"354":0,"355":0,"356":0,"357":0,"358":0,"359":0,"360":0,"361":0,"362":0,"363":0,"364":0,"365":0,"366":0,"367":0,"368":0,"369":0,"370":0,"371":0,"372":0,"373":0,"374":0,"375":0,"376":0,"377":0,"378":0,"379":1,"380":0,"381":1,"382":1,"383":1,"384":1,"385":1,"386":1,"387":1,"388":1,"389":1},"b":{"1":[1,0],"2":[1,1],"3":[0,0],"4":[0,0],"5":[0,0],"6":[0,0],"7":[0,0],"8":[0,0],"9":[0,0],"10":[0,0],"11":[0,0],"12":[0,0],"13":[0,0],"14":[0,0],"15":[0,0],"16":[0,0],"17":[0,0],"18":[0,0],"19":[0,0],"20":[0,0],"21":[0,0],"22":[0,0],"23":[0,0],"24":[0,0],"25":[0,0],"26":[0,0],"27":[0,0],"28":[0,0],"29":[0,0],"30":[0,0],"31":[0,0],"32":[0,0],"33":[0,0],"34":[0,0],"35":[0,0],"36":[0,0],"37":[0,0],"38":[0,0],"39":[0,0],"40":[0,0],"41":[0,0],"42":[0,0],"43":[0,0],"44":[0,0],"45":[0,0],"46":[0,0],"47":[0,0],"48":[0,0],"49":[0,0],"50":[0,0],"51":[0,0],"52":[0,0],"53":[0,0],"54":[0,0],"55":[0,0],"56":[0,0],"57":[0,0],"58":[0,0],"59":[0,0],"60":[0,0],"61":[0,0],"62":[0,0],"63":[0,0],"64":[0,0],"65":[0,0],"66":[0,0],"67":[0,0],"68":[0,0],"69":[0,0],"70":[0,0],"71":[0,0],"72":[0,0],"73":[0,0],"74":[0,0],"75":[0,0],"76":[0,0],"77":[0,0],"78":[0,0],"79":[0,0],"80":[0,0],"81":[0,0],"82":[0,0],"83":[0,0],"84":[0,0],"85":[0,0],"86":[0,0],"87":[0,0],"88":[0,0],"89":[0,0,0],"90":[0,0],"91":[0,0],"92":[0,0],"93":[0,0,0],"94":[0,0],"95":[0,0,0,0,0,0,0],"96":[0,0,0],"97":[0,0,0],"98":[0,0],"99":[0,0],"100":[0,0],"101":[0,0],"102":[0,0],"103":[0,0],"104":[0,0],"105":[0,0],"106":[0,0],"107":[0,0,0],"108":[0,0]},"f":{"1":1,"2":1,"3":0,"4":0,"5":0,"6":0,"7":0,"8":0,"9":0,"10":0,"11":0,"12":0,"13":0,"14":0,"15":0,"16":0,"17":0,"18":0,"19":0,"20":0,"21":0,"22":0,"23":0,"24":0,"25":0,"26":0,"27":0,"28":0,"29":0,"30":0,"31":0,"32":0,"33":0,"34":0,"35":0,"36":0,"37":0,"38":0,"39":0,"40":0,"41":0,"42":0,"43":0,"44":0,"45":0,"46":0,"47":0,"48":0,"49":0,"50":0,"51":0,"52":0,"53":0,"54":0,"55":0,"56":0,"57":0,"58":0,"59":0,"60":0,"61":0,"62":0,"63":0,"64":0,"65":0,"66":0,"67":0,"68":0,"69":0,"70":0,"71":0,"72":0,"73":0,"74":0,"75":0,"76":0,"77":0,"78":0,"79":0,"80":0},"fnMap":{"1":{"name":"(anonymous_1)","line":7,"loc":{"start":{"line":7,"column":1},"end":{"line":7,"column":28}}},"2":{"name":"(anonymous_2)","line":11,"loc":{"start":{"line":11,"column":9},"end":{"line":11,"column":28}}},"3":{"name":"readyHandler","line":20,"loc":{"start":{"line":20,"column":0},"end":{"line":20,"column":23}}},"4":{"name":"(anonymous_4)","line":23,"loc":{"start":{"line":23,"column":24},"end":{"line":23,"column":36}}},"5":{"name":"id","line":30,"loc":{"start":{"line":30,"column":0},"end":{"line":30,"column":19}}},"6":{"name":"ready","line":35,"loc":{"start":{"line":35,"column":0},"end":{"line":35,"column":32}}},"7":{"name":"template","line":50,"loc":{"start":{"line":50,"column":0},"end":{"line":50,"column":40}}},"8":{"name":"(anonymous_8)","line":52,"loc":{"start":{"line":52,"column":36},"end":{"line":52,"column":54}}},"9":{"name":"(anonymous_9)","line":54,"loc":{"start":{"line":54,"column":30},"end":{"line":54,"column":48}}},"10":{"name":"pushUnique","line":63,"loc":{"start":{"line":63,"column":0},"end":{"line":63,"column":35}}},"11":{"name":"groupSequence","line":73,"loc":{"start":{"line":73,"column":0},"end":{"line":73,"column":35}}},"12":{"name":"(anonymous_12)","line":76,"loc":{"start":{"line":76,"column":19},"end":{"line":76,"column":53}}},"13":{"name":"replaceNull","line":89,"loc":{"start":{"line":89,"column":0},"end":{"line":89,"column":34}}},"14":{"name":"(anonymous_14)","line":94,"loc":{"start":{"line":94,"column":12},"end":{"line":94,"column":25}}},"15":{"name":"(anonymous_15)","line":100,"loc":{"start":{"line":100,"column":12},"end":{"line":100,"column":22}}},"16":{"name":"array","line":113,"loc":{"start":{"line":113,"column":0},"end":{"line":113,"column":19}}},"17":{"name":"EventDispatcher","line":121,"loc":{"start":{"line":121,"column":0},"end":{"line":121,"column":28}}},"18":{"name":"(anonymous_18)","line":129,"loc":{"start":{"line":129,"column":40},"end":{"line":129,"column":71}}},"19":{"name":"(anonymous_19)","line":140,"loc":{"start":{"line":140,"column":35},"end":{"line":140,"column":54}}},"20":{"name":"(anonymous_20)","line":143,"loc":{"start":{"line":143,"column":29},"end":{"line":143,"column":65}}},"21":{"name":"(anonymous_21)","line":154,"loc":{"start":{"line":154,"column":31},"end":{"line":154,"column":67}}},"22":{"name":"(anonymous_22)","line":166,"loc":{"start":{"line":166,"column":31},"end":{"line":166,"column":59}}},"23":{"name":"(anonymous_23)","line":177,"loc":{"start":{"line":177,"column":77},"end":{"line":177,"column":88}}},"24":{"name":"(anonymous_24)","line":184,"loc":{"start":{"line":184,"column":30},"end":{"line":184,"column":58}}},"25":{"name":"(anonymous_25)","line":186,"loc":{"start":{"line":186,"column":77},"end":{"line":186,"column":88}}},"26":{"name":"object","line":192,"loc":{"start":{"line":192,"column":0},"end":{"line":192,"column":22}}},"27":{"name":"XaObject","line":195,"loc":{"start":{"line":195,"column":0},"end":{"line":195,"column":23}}},"28":{"name":"_getType","line":202,"loc":{"start":{"line":202,"column":0},"end":{"line":202,"column":25}}},"29":{"name":"_transformType","line":205,"loc":{"start":{"line":205,"column":0},"end":{"line":205,"column":37}}},"30":{"name":"(anonymous_30)","line":217,"loc":{"start":{"line":217,"column":30},"end":{"line":217,"column":58}}},"31":{"name":"(anonymous_31)","line":232,"loc":{"start":{"line":232,"column":8},"end":{"line":232,"column":25}}},"32":{"name":"(anonymous_32)","line":239,"loc":{"start":{"line":239,"column":8},"end":{"line":239,"column":20}}},"33":{"name":"(anonymous_33)","line":245,"loc":{"start":{"line":245,"column":28},"end":{"line":245,"column":51}}},"34":{"name":"(anonymous_34)","line":266,"loc":{"start":{"line":266,"column":27},"end":{"line":266,"column":39}}},"35":{"name":"(anonymous_35)","line":269,"loc":{"start":{"line":269,"column":33},"end":{"line":269,"column":51}}},"36":{"name":"(anonymous_36)","line":274,"loc":{"start":{"line":274,"column":35},"end":{"line":274,"column":56}}},"37":{"name":"(anonymous_37)","line":282,"loc":{"start":{"line":282,"column":29},"end":{"line":282,"column":41}}},"38":{"name":"(anonymous_38)","line":284,"loc":{"start":{"line":284,"column":37},"end":{"line":284,"column":62}}},"39":{"name":"(anonymous_39)","line":288,"loc":{"start":{"line":288,"column":32},"end":{"line":288,"column":44}}},"40":{"name":"(anonymous_40)","line":290,"loc":{"start":{"line":290,"column":37},"end":{"line":290,"column":62}}},"41":{"name":"(anonymous_41)","line":294,"loc":{"start":{"line":294,"column":29},"end":{"line":294,"column":52}}},"42":{"name":"(anonymous_42)","line":299,"loc":{"start":{"line":299,"column":41},"end":{"line":299,"column":66}}},"43":{"name":"(anonymous_43)","line":303,"loc":{"start":{"line":303,"column":25},"end":{"line":303,"column":48}}},"44":{"name":"(anonymous_44)","line":309,"loc":{"start":{"line":309,"column":34},"end":{"line":309,"column":59}}},"45":{"name":"_setOptions","line":331,"loc":{"start":{"line":331,"column":0},"end":{"line":331,"column":32}}},"46":{"name":"_setDelimiter","line":334,"loc":{"start":{"line":334,"column":0},"end":{"line":334,"column":26}}},"47":{"name":"_getReFormat","line":341,"loc":{"start":{"line":341,"column":0},"end":{"line":341,"column":33}}},"48":{"name":"csv","line":344,"loc":{"start":{"line":344,"column":0},"end":{"line":344,"column":37}}},"49":{"name":"_isNumeric","line":361,"loc":{"start":{"line":361,"column":1},"end":{"line":361,"column":24}}},"50":{"name":"_getHeader","line":365,"loc":{"start":{"line":365,"column":1},"end":{"line":365,"column":27}}},"51":{"name":"(anonymous_51)","line":372,"loc":{"start":{"line":372,"column":50},"end":{"line":372,"column":63}}},"52":{"name":"formatResult","line":404,"loc":{"start":{"line":404,"column":1},"end":{"line":404,"column":43}}},"53":{"name":"rowArrayToText","line":411,"loc":{"start":{"line":411,"column":1},"end":{"line":411,"column":33}}},"54":{"name":"(anonymous_54)","line":412,"loc":{"start":{"line":412,"column":17},"end":{"line":412,"column":30}}},"55":{"name":"rowObjectToText","line":416,"loc":{"start":{"line":416,"column":1},"end":{"line":416,"column":35}}},"56":{"name":"(anonymous_56)","line":417,"loc":{"start":{"line":417,"column":25},"end":{"line":417,"column":46}}},"57":{"name":"(anonymous_57)","line":421,"loc":{"start":{"line":421,"column":9},"end":{"line":421,"column":27}}},"58":{"name":"(anonymous_58)","line":423,"loc":{"start":{"line":423,"column":23},"end":{"line":423,"column":45}}},"59":{"name":"valueToText","line":430,"loc":{"start":{"line":430,"column":1},"end":{"line":430,"column":29}}},"60":{"name":"arrayToObject","line":439,"loc":{"start":{"line":439,"column":1},"end":{"line":439,"column":41}}},"61":{"name":"(anonymous_61)","line":443,"loc":{"start":{"line":443,"column":26},"end":{"line":443,"column":44}}},"62":{"name":"(anonymous_62)","line":449,"loc":{"start":{"line":449,"column":9},"end":{"line":449,"column":24}}},"63":{"name":"(anonymous_63)","line":450,"loc":{"start":{"line":450,"column":21},"end":{"line":450,"column":53}}},"64":{"name":"toArray","line":458,"loc":{"start":{"line":458,"column":1},"end":{"line":458,"column":43}}},"65":{"name":"toObject","line":477,"loc":{"start":{"line":477,"column":1},"end":{"line":477,"column":44}}},"66":{"name":"(anonymous_66)","line":497,"loc":{"start":{"line":497,"column":18},"end":{"line":497,"column":36}}},"67":{"name":"fromObject","line":502,"loc":{"start":{"line":502,"column":1},"end":{"line":502,"column":36}}},"68":{"name":"(anonymous_68)","line":508,"loc":{"start":{"line":508,"column":9},"end":{"line":508,"column":24}}},"69":{"name":"(anonymous_69)","line":513,"loc":{"start":{"line":513,"column":22},"end":{"line":513,"column":35}}},"70":{"name":"fromArray","line":519,"loc":{"start":{"line":519,"column":1},"end":{"line":519,"column":35}}},"71":{"name":"(anonymous_71)","line":521,"loc":{"start":{"line":521,"column":9},"end":{"line":521,"column":24}}},"72":{"name":"csvParser","line":538,"loc":{"start":{"line":538,"column":0},"end":{"line":538,"column":76}}},"73":{"name":"parseRows","line":548,"loc":{"start":{"line":548,"column":1},"end":{"line":548,"column":26}}},"74":{"name":"setError","line":561,"loc":{"start":{"line":561,"column":2},"end":{"line":561,"column":31}}},"75":{"name":"getNextValue","line":570,"loc":{"start":{"line":570,"column":2},"end":{"line":570,"column":26}}},"76":{"name":"checkCRLF","line":581,"loc":{"start":{"line":581,"column":3},"end":{"line":581,"column":24}}},"77":{"name":"getResult","line":638,"loc":{"start":{"line":638,"column":2},"end":{"line":638,"column":23}}},"78":{"name":"(anonymous_78)","line":640,"loc":{"start":{"line":640,"column":63},"end":{"line":640,"column":79}}},"79":{"name":"(anonymous_79)","line":653,"loc":{"start":{"line":653,"column":27},"end":{"line":653,"column":43}}},"80":{"name":"version$1","line":698,"loc":{"start":{"line":698,"column":0},"end":{"line":698,"column":20}}}},"statementMap":{"1":{"start":{"line":7,"column":0},"end":{"line":711,"column":5}},"2":{"start":{"line":8,"column":1},"end":{"line":10,"column":42}},"3":{"start":{"line":13,"column":0},"end":{"line":13,"column":22}},"4":{"start":{"line":15,"column":0},"end":{"line":18,"column":15}},"5":{"start":{"line":19,"column":0},"end":{"line":19,"column":73}},"6":{"start":{"line":20,"column":0},"end":{"line":29,"column":1}},"7":{"start":{"line":22,"column":1},"end":{"line":22,"column":36}},"8":{"start":{"line":23,"column":1},"end":{"line":25,"column":4}},"9":{"start":{"line":24,"column":2},"end":{"line":24,"column":42}},"10":{"start":{"line":27,"column":1},"end":{"line":27,"column":19}},"11":{"start":{"line":28,"column":1},"end":{"line":28,"column":14}},"12":{"start":{"line":30,"column":0},"end":{"line":34,"column":1}},"13":{"start":{"line":32,"column":1},"end":{"line":32,"column":53}},"14":{"start":{"line":35,"column":0},"end":{"line":49,"column":1}},"15":{"start":{"line":37,"column":1},"end":{"line":39,"column":2}},"16":{"start":{"line":38,"column":2},"end":{"line":38,"column":19}},"17":{"start":{"line":41,"column":1},"end":{"line":47,"column":2}},"18":{"start":{"line":42,"column":2},"end":{"line":42,"column":47}},"19":{"start":{"line":46,"column":2},"end":{"line":46,"column":42}},"20":{"start":{"line":50,"column":0},"end":{"line":61,"column":1}},"21":{"start":{"line":51,"column":1},"end":{"line":51,"column":45}},"22":{"start":{"line":52,"column":1},"end":{"line":60,"column":4}},"23":{"start":{"line":54,"column":2},"end":{"line":59,"column":9}},"24":{"start":{"line":55,"column":3},"end":{"line":57,"column":4}},"25":{"start":{"line":56,"column":4},"end":{"line":56,"column":21}},"26":{"start":{"line":58,"column":3},"end":{"line":58,"column":23}},"27":{"start":{"line":63,"column":0},"end":{"line":72,"column":1}},"28":{"start":{"line":64,"column":1},"end":{"line":64,"column":52}},"29":{"start":{"line":65,"column":1},"end":{"line":71,"column":2}},"30":{"start":{"line":66,"column":2},"end":{"line":66,"column":23}},"31":{"start":{"line":70,"column":2},"end":{"line":70,"column":20}},"32":{"start":{"line":73,"column":0},"end":{"line":88,"column":1}},"33":{"start":{"line":76,"column":1},"end":{"line":87,"column":7}},"34":{"start":{"line":78,"column":2},"end":{"line":85,"column":3}},"35":{"start":{"line":80,"column":3},"end":{"line":80,"column":39}},"36":{"start":{"line":84,"column":3},"end":{"line":84,"column":24}},"37":{"start":{"line":86,"column":2},"end":{"line":86,"column":16}},"38":{"start":{"line":89,"column":0},"end":{"line":112,"column":1}},"39":{"start":{"line":92,"column":1},"end":{"line":92,"column":25}},"40":{"start":{"line":93,"column":1},"end":{"line":101,"column":2}},"41":{"start":{"line":94,"column":2},"end":{"line":94,"column":46}},"42":{"start":{"line":94,"column":26},"end":{"line":94,"column":44}},"43":{"start":{"line":96,"column":6},"end":{"line":101,"column":2}},"44":{"start":{"line":97,"column":2},"end":{"line":97,"column":21}},"45":{"start":{"line":100,"column":2},"end":{"line":100,"column":40}},"46":{"start":{"line":100,"column":23},"end":{"line":100,"column":38}},"47":{"start":{"line":102,"column":1},"end":{"line":110,"column":2}},"48":{"start":{"line":103,"column":2},"end":{"line":103,"column":11}},"49":{"start":{"line":104,"column":2},"end":{"line":109,"column":3}},"50":{"start":{"line":105,"column":3},"end":{"line":105,"column":31}},"51":{"start":{"line":108,"column":3},"end":{"line":108,"column":18}},"52":{"start":{"line":111,"column":1},"end":{"line":111,"column":15}},"53":{"start":{"line":113,"column":0},"end":{"line":119,"column":1}},"54":{"start":{"line":114,"column":1},"end":{"line":118,"column":3}},"55":{"start":{"line":121,"column":0},"end":{"line":127,"column":1}},"56":{"start":{"line":122,"column":1},"end":{"line":124,"column":2}},"57":{"start":{"line":123,"column":2},"end":{"line":123,"column":31}},"58":{"start":{"line":125,"column":1},"end":{"line":125,"column":17}},"59":{"start":{"line":126,"column":1},"end":{"line":126,"column":17}},"60":{"start":{"line":129,"column":0},"end":{"line":139,"column":2}},"61":{"start":{"line":130,"column":1},"end":{"line":138,"column":2}},"62":{"start":{"line":131,"column":2},"end":{"line":134,"column":4}},"63":{"start":{"line":137,"column":2},"end":{"line":137,"column":59}},"64":{"start":{"line":140,"column":0},"end":{"line":142,"column":2}},"65":{"start":{"line":141,"column":1},"end":{"line":141,"column":47}},"66":{"start":{"line":143,"column":0},"end":{"line":153,"column":2}},"67":{"start":{"line":144,"column":1},"end":{"line":146,"column":3}},"68":{"start":{"line":147,"column":1},"end":{"line":149,"column":2}},"69":{"start":{"line":148,"column":2},"end":{"line":148,"column":27}},"70":{"start":{"line":150,"column":1},"end":{"line":152,"column":2}},"71":{"start":{"line":151,"column":2},"end":{"line":151,"column":51}},"72":{"start":{"line":154,"column":0},"end":{"line":165,"column":2}},"73":{"start":{"line":155,"column":1},"end":{"line":158,"column":3}},"74":{"start":{"line":159,"column":1},"end":{"line":161,"column":2}},"75":{"start":{"line":160,"column":2},"end":{"line":160,"column":27}},"76":{"start":{"line":162,"column":1},"end":{"line":164,"column":2}},"77":{"start":{"line":163,"column":2},"end":{"line":163,"column":51}},"78":{"start":{"line":166,"column":0},"end":{"line":182,"column":2}},"79":{"start":{"line":167,"column":1},"end":{"line":167,"column":17}},"80":{"start":{"line":168,"column":1},"end":{"line":168,"column":52}},"81":{"start":{"line":169,"column":1},"end":{"line":180,"column":2}},"82":{"start":{"line":170,"column":2},"end":{"line":170,"column":46}},"83":{"start":{"line":171,"column":2},"end":{"line":176,"column":9}},"84":{"start":{"line":172,"column":12},"end":{"line":175,"column":5}},"85":{"start":{"line":177,"column":2},"end":{"line":179,"column":5}},"86":{"start":{"line":178,"column":3},"end":{"line":178,"column":18}},"87":{"start":{"line":184,"column":0},"end":{"line":190,"column":2}},"88":{"start":{"line":185,"column":1},"end":{"line":189,"column":2}},"89":{"start":{"line":186,"column":2},"end":{"line":188,"column":5}},"90":{"start":{"line":187,"column":3},"end":{"line":187,"column":26}},"91":{"start":{"line":192,"column":0},"end":{"line":194,"column":1}},"92":{"start":{"line":193,"column":1},"end":{"line":193,"column":26}},"93":{"start":{"line":195,"column":0},"end":{"line":199,"column":1}},"94":{"start":{"line":196,"column":1},"end":{"line":196,"column":19}},"95":{"start":{"line":197,"column":1},"end":{"line":197,"column":34}},"96":{"start":{"line":198,"column":1},"end":{"line":198,"column":25}},"97":{"start":{"line":200,"column":0},"end":{"line":200,"column":62}},"98":{"start":{"line":201,"column":0},"end":{"line":201,"column":42}},"99":{"start":{"line":202,"column":0},"end":{"line":204,"column":1}},"100":{"start":{"line":203,"column":1},"end":{"line":203,"column":21}},"101":{"start":{"line":205,"column":0},"end":{"line":216,"column":1}},"102":{"start":{"line":206,"column":1},"end":{"line":208,"column":2}},"103":{"start":{"line":207,"column":2},"end":{"line":207,"column":17}},"104":{"start":{"line":209,"column":1},"end":{"line":211,"column":2}},"105":{"start":{"line":210,"column":2},"end":{"line":210,"column":23}},"106":{"start":{"line":212,"column":1},"end":{"line":214,"column":2}},"107":{"start":{"line":213,"column":2},"end":{"line":213,"column":23}},"108":{"start":{"line":215,"column":1},"end":{"line":215,"column":14}},"109":{"start":{"line":217,"column":0},"end":{"line":244,"column":2}},"110":{"start":{"line":219,"column":1},"end":{"line":220,"column":18}},"111":{"start":{"line":221,"column":1},"end":{"line":223,"column":2}},"112":{"start":{"line":222,"column":2},"end":{"line":222,"column":59}},"113":{"start":{"line":224,"column":1},"end":{"line":228,"column":2}},"114":{"start":{"line":225,"column":2},"end":{"line":225,"column":53}},"115":{"start":{"line":226,"column":2},"end":{"line":226,"column":45}},"116":{"start":{"line":227,"column":2},"end":{"line":227,"column":18}},"117":{"start":{"line":229,"column":1},"end":{"line":229,"column":73}},"118":{"start":{"line":230,"column":1},"end":{"line":243,"column":2}},"119":{"start":{"line":231,"column":2},"end":{"line":242,"column":5}},"120":{"start":{"line":233,"column":4},"end":{"line":233,"column":41}},"121":{"start":{"line":234,"column":4},"end":{"line":234,"column":34}},"122":{"start":{"line":235,"column":4},"end":{"line":237,"column":5}},"123":{"start":{"line":236,"column":5},"end":{"line":236,"column":65}},"124":{"start":{"line":240,"column":4},"end":{"line":240,"column":33}},"125":{"start":{"line":245,"column":0},"end":{"line":265,"column":2}},"126":{"start":{"line":246,"column":1},"end":{"line":248,"column":2}},"127":{"start":{"line":247,"column":2},"end":{"line":247,"column":96}},"128":{"start":{"line":249,"column":1},"end":{"line":251,"column":2}},"129":{"start":{"line":250,"column":2},"end":{"line":250,"column":68}},"130":{"start":{"line":252,"column":1},"end":{"line":252,"column":30}},"131":{"start":{"line":253,"column":1},"end":{"line":263,"column":2}},"132":{"start":{"line":254,"column":2},"end":{"line":254,"column":36}},"133":{"start":{"line":255,"column":2},"end":{"line":262,"column":3}},"134":{"start":{"line":256,"column":3},"end":{"line":261,"column":4}},"135":{"start":{"line":258,"column":4},"end":{"line":260,"column":5}},"136":{"start":{"line":259,"column":5},"end":{"line":259,"column":39}},"137":{"start":{"line":264,"column":1},"end":{"line":264,"column":11}},"138":{"start":{"line":266,"column":0},"end":{"line":268,"column":2}},"139":{"start":{"line":267,"column":1},"end":{"line":267,"column":48}},"140":{"start":{"line":269,"column":0},"end":{"line":281,"column":2}},"141":{"start":{"line":270,"column":1},"end":{"line":270,"column":15}},"142":{"start":{"line":273,"column":1},"end":{"line":279,"column":2}},"143":{"start":{"line":274,"column":2},"end":{"line":278,"column":5}},"144":{"start":{"line":275,"column":3},"end":{"line":277,"column":4}},"145":{"start":{"line":276,"column":4},"end":{"line":276,"column":93}},"146":{"start":{"line":280,"column":1},"end":{"line":280,"column":20}},"147":{"start":{"line":282,"column":0},"end":{"line":287,"column":2}},"148":{"start":{"line":283,"column":1},"end":{"line":283,"column":15}},"149":{"start":{"line":284,"column":1},"end":{"line":286,"column":4}},"150":{"start":{"line":285,"column":2},"end":{"line":285,"column":34}},"151":{"start":{"line":288,"column":0},"end":{"line":293,"column":2}},"152":{"start":{"line":289,"column":1},"end":{"line":289,"column":15}},"153":{"start":{"line":290,"column":1},"end":{"line":292,"column":4}},"154":{"start":{"line":291,"column":2},"end":{"line":291,"column":51}},"155":{"start":{"line":294,"column":0},"end":{"line":302,"column":2}},"156":{"start":{"line":295,"column":1},"end":{"line":295,"column":15}},"157":{"start":{"line":296,"column":1},"end":{"line":298,"column":2}},"158":{"start":{"line":297,"column":2},"end":{"line":297,"column":24}},"159":{"start":{"line":299,"column":1},"end":{"line":301,"column":13}},"160":{"start":{"line":300,"column":2},"end":{"line":300,"column":71}},"161":{"start":{"line":303,"column":0},"end":{"line":313,"column":2}},"162":{"start":{"line":304,"column":1},"end":{"line":304,"column":15}},"163":{"start":{"line":305,"column":1},"end":{"line":307,"column":2}},"164":{"start":{"line":306,"column":2},"end":{"line":306,"column":24}},"165":{"start":{"line":308,"column":1},"end":{"line":308,"column":20}},"166":{"start":{"line":309,"column":1},"end":{"line":311,"column":13}},"167":{"start":{"line":310,"column":2},"end":{"line":310,"column":98}},"168":{"start":{"line":312,"column":1},"end":{"line":312,"column":18}},"169":{"start":{"line":315,"column":0},"end":{"line":315,"column":22}},"170":{"start":{"line":316,"column":0},"end":{"line":326,"column":2}},"171":{"start":{"line":327,"column":0},"end":{"line":330,"column":2}},"172":{"start":{"line":331,"column":0},"end":{"line":333,"column":1}},"173":{"start":{"line":332,"column":1},"end":{"line":332,"column":39}},"174":{"start":{"line":334,"column":0},"end":{"line":340,"column":1}},"175":{"start":{"line":335,"column":1},"end":{"line":335,"column":20}},"176":{"start":{"line":336,"column":1},"end":{"line":338,"column":2}},"177":{"start":{"line":337,"column":2},"end":{"line":337,"column":34}},"178":{"start":{"line":339,"column":1},"end":{"line":339,"column":18}},"179":{"start":{"line":341,"column":0},"end":{"line":343,"column":2}},"180":{"start":{"line":342,"column":2},"end":{"line":342,"column":83}},"181":{"start":{"line":344,"column":0},"end":{"line":536,"column":1}},"182":{"start":{"line":345,"column":1},"end":{"line":348,"column":40}},"183":{"start":{"line":349,"column":1},"end":{"line":360,"column":2}},"184":{"start":{"line":350,"column":2},"end":{"line":355,"column":3}},"185":{"start":{"line":351,"column":3},"end":{"line":351,"column":41}},"186":{"start":{"line":352,"column":3},"end":{"line":352,"column":42}},"187":{"start":{"line":354,"column":3},"end":{"line":354,"column":45}},"188":{"start":{"line":356,"column":8},"end":{"line":360,"column":2}},"189":{"start":{"line":357,"column":2},"end":{"line":357,"column":40}},"190":{"start":{"line":358,"column":2},"end":{"line":358,"column":41}},"191":{"start":{"line":359,"column":2},"end":{"line":359,"column":44}},"192":{"start":{"line":361,"column":1},"end":{"line":364,"column":2}},"193":{"start":{"line":363,"column":2},"end":{"line":363,"column":46}},"194":{"start":{"line":365,"column":1},"end":{"line":403,"column":2}},"195":{"start":{"line":366,"column":2},"end":{"line":366,"column":50}},"196":{"start":{"line":367,"column":2},"end":{"line":367,"column":23}},"197":{"start":{"line":368,"column":2},"end":{"line":368,"column":158}},"198":{"start":{"line":370,"column":2},"end":{"line":401,"column":3}},"199":{"start":{"line":372,"column":3},"end":{"line":372,"column":96}},"200":{"start":{"line":372,"column":64},"end":{"line":372,"column":93}},"201":{"start":{"line":374,"column":3},"end":{"line":400,"column":4}},"202":{"start":{"line":376,"column":4},"end":{"line":376,"column":34}},"203":{"start":{"line":377,"column":4},"end":{"line":398,"column":5}},"204":{"start":{"line":379,"column":5},"end":{"line":379,"column":40}},"205":{"start":{"line":380,"column":5},"end":{"line":396,"column":6}},"206":{"start":{"line":381,"column":6},"end":{"line":381,"column":29}},"207":{"start":{"line":382,"column":6},"end":{"line":382,"column":16}},"208":{"start":{"line":385,"column":6},"end":{"line":385,"column":30}},"209":{"start":{"line":386,"column":6},"end":{"line":394,"column":7}},"210":{"start":{"line":387,"column":7},"end":{"line":387,"column":29}},"211":{"start":{"line":388,"column":7},"end":{"line":388,"column":37}},"212":{"start":{"line":391,"column":7},"end":{"line":391,"column":52}},"213":{"start":{"line":392,"column":7},"end":{"line":392,"column":17}},"214":{"start":{"line":397,"column":5},"end":{"line":397,"column":42}},"215":{"start":{"line":399,"column":4},"end":{"line":399,"column":34}},"216":{"start":{"line":402,"column":2},"end":{"line":402,"column":13}},"217":{"start":{"line":404,"column":1},"end":{"line":410,"column":2}},"218":{"start":{"line":405,"column":2},"end":{"line":405,"column":29}},"219":{"start":{"line":406,"column":2},"end":{"line":408,"column":3}},"220":{"start":{"line":407,"column":3},"end":{"line":407,"column":64}},"221":{"start":{"line":409,"column":2},"end":{"line":409,"column":19}},"222":{"start":{"line":411,"column":1},"end":{"line":415,"column":2}},"223":{"start":{"line":412,"column":2},"end":{"line":414,"column":13}},"224":{"start":{"line":413,"column":3},"end":{"line":413,"column":25}},"225":{"start":{"line":416,"column":1},"end":{"line":429,"column":2}},"226":{"start":{"line":417,"column":2},"end":{"line":420,"column":10}},"227":{"start":{"line":418,"column":4},"end":{"line":418,"column":15}},"228":{"start":{"line":419,"column":4},"end":{"line":419,"column":15}},"229":{"start":{"line":421,"column":2},"end":{"line":428,"column":4}},"230":{"start":{"line":422,"column":3},"end":{"line":422,"column":19}},"231":{"start":{"line":423,"column":3},"end":{"line":426,"column":6}},"232":{"start":{"line":424,"column":4},"end":{"line":424,"column":63}},"233":{"start":{"line":424,"column":32},"end":{"line":424,"column":63}},"234":{"start":{"line":425,"column":4},"end":{"line":425,"column":40}},"235":{"start":{"line":427,"column":3},"end":{"line":427,"column":25}},"236":{"start":{"line":430,"column":1},"end":{"line":438,"column":2}},"237":{"start":{"line":433,"column":2},"end":{"line":437,"column":3}},"238":{"start":{"line":434,"column":3},"end":{"line":434,"column":13}},"239":{"start":{"line":436,"column":3},"end":{"line":436,"column":83}},"240":{"start":{"line":439,"column":1},"end":{"line":456,"column":2}},"241":{"start":{"line":440,"column":2},"end":{"line":440,"column":50}},"242":{"start":{"line":441,"column":2},"end":{"line":441,"column":30}},"243":{"start":{"line":443,"column":2},"end":{"line":448,"column":14}},"244":{"start":{"line":444,"column":4},"end":{"line":446,"column":5}},"245":{"start":{"line":445,"column":5},"end":{"line":445,"column":21}},"246":{"start":{"line":447,"column":4},"end":{"line":447,"column":15}},"247":{"start":{"line":449,"column":2},"end":{"line":455,"column":4}},"248":{"start":{"line":450,"column":3},"end":{"line":454,"column":10}},"249":{"start":{"line":451,"column":4},"end":{"line":451,"column":49}},"250":{"start":{"line":452,"column":4},"end":{"line":452,"column":24}},"251":{"start":{"line":453,"column":4},"end":{"line":453,"column":18}},"252":{"start":{"line":458,"column":1},"end":{"line":476,"column":2}},"253":{"start":{"line":461,"column":2},"end":{"line":461,"column":8}},"254":{"start":{"line":462,"column":2},"end":{"line":473,"column":3}},"255":{"start":{"line":463,"column":3},"end":{"line":463,"column":24}},"256":{"start":{"line":464,"column":3},"end":{"line":469,"column":4}},"257":{"start":{"line":465,"column":4},"end":{"line":465,"column":20}},"258":{"start":{"line":468,"column":4},"end":{"line":468,"column":27}},"259":{"start":{"line":472,"column":3},"end":{"line":472,"column":10}},"260":{"start":{"line":474,"column":2},"end":{"line":474,"column":25}},"261":{"start":{"line":475,"column":2},"end":{"line":475,"column":96}},"262":{"start":{"line":477,"column":1},"end":{"line":501,"column":2}},"263":{"start":{"line":480,"column":2},"end":{"line":482,"column":4}},"264":{"start":{"line":483,"column":2},"end":{"line":494,"column":3}},"265":{"start":{"line":484,"column":3},"end":{"line":484,"column":24}},"266":{"start":{"line":485,"column":3},"end":{"line":490,"column":4}},"267":{"start":{"line":486,"column":4},"end":{"line":486,"column":20}},"268":{"start":{"line":489,"column":4},"end":{"line":489,"column":27}},"269":{"start":{"line":493,"column":3},"end":{"line":493,"column":10}},"270":{"start":{"line":495,"column":2},"end":{"line":495,"column":25}},"271":{"start":{"line":496,"column":2},"end":{"line":496,"column":59}},"272":{"start":{"line":497,"column":2},"end":{"line":499,"column":16}},"273":{"start":{"line":498,"column":3},"end":{"line":498,"column":38}},"274":{"start":{"line":500,"column":2},"end":{"line":500,"column":89}},"275":{"start":{"line":502,"column":1},"end":{"line":518,"column":2}},"276":{"start":{"line":503,"column":2},"end":{"line":505,"column":7}},"277":{"start":{"line":506,"column":2},"end":{"line":506,"column":26}},"278":{"start":{"line":507,"column":2},"end":{"line":507,"column":37}},"279":{"start":{"line":508,"column":2},"end":{"line":510,"column":4}},"280":{"start":{"line":509,"column":3},"end":{"line":509,"column":26}},"281":{"start":{"line":511,"column":2},"end":{"line":511,"column":26}},"282":{"start":{"line":512,"column":2},"end":{"line":512,"column":17}},"283":{"start":{"line":513,"column":2},"end":{"line":517,"column":14}},"284":{"start":{"line":514,"column":4},"end":{"line":514,"column":26}},"285":{"start":{"line":519,"column":1},"end":{"line":528,"column":2}},"286":{"start":{"line":520,"column":2},"end":{"line":523,"column":4}},"287":{"start":{"line":522,"column":3},"end":{"line":522,"column":33}},"288":{"start":{"line":524,"column":2},"end":{"line":524,"column":26}},"289":{"start":{"line":525,"column":2},"end":{"line":527,"column":14}},"290":{"start":{"line":530,"column":1},"end":{"line":535,"column":3}},"291":{"start":{"line":538,"column":0},"end":{"line":696,"column":1}},"292":{"start":{"line":540,"column":1},"end":{"line":540,"column":16}},"293":{"start":{"line":541,"column":1},"end":{"line":541,"column":18}},"294":{"start":{"line":542,"column":1},"end":{"line":542,"column":17}},"295":{"start":{"line":543,"column":1},"end":{"line":543,"column":16}},"296":{"start":{"line":544,"column":1},"end":{"line":544,"column":14}},"297":{"start":{"line":545,"column":1},"end":{"line":545,"column":14}},"298":{"start":{"line":546,"column":1},"end":{"line":546,"column":16}},"299":{"start":{"line":547,"column":1},"end":{"line":547,"column":73}},"300":{"start":{"line":548,"column":1},"end":{"line":693,"column":2}},"301":{"start":{"line":549,"column":2},"end":{"line":560,"column":20}},"302":{"start":{"line":561,"column":2},"end":{"line":569,"column":3}},"303":{"start":{"line":562,"column":3},"end":{"line":566,"column":5}},"304":{"start":{"line":567,"column":3},"end":{"line":567,"column":17}},"305":{"start":{"line":570,"column":2},"end":{"line":637,"column":3}},"306":{"start":{"line":571,"column":3},"end":{"line":574,"column":26}},"307":{"start":{"line":575,"column":3},"end":{"line":575,"column":24}},"308":{"start":{"line":576,"column":3},"end":{"line":577,"column":15}},"309":{"start":{"line":577,"column":4},"end":{"line":577,"column":15}},"310":{"start":{"line":578,"column":3},"end":{"line":579,"column":28}},"311":{"start":{"line":579,"column":4},"end":{"line":579,"column":28}},"312":{"start":{"line":581,"column":3},"end":{"line":597,"column":4}},"313":{"start":{"line":587,"column":4},"end":{"line":595,"column":5}},"314":{"start":{"line":588,"column":5},"end":{"line":588,"column":16}},"315":{"start":{"line":590,"column":9},"end":{"line":595,"column":5}},"316":{"start":{"line":591,"column":5},"end":{"line":591,"column":16}},"317":{"start":{"line":593,"column":5},"end":{"line":594,"column":18}},"318":{"start":{"line":594,"column":6},"end":{"line":594,"column":18}},"319":{"start":{"line":596,"column":4},"end":{"line":596,"column":15}},"320":{"start":{"line":598,"column":3},"end":{"line":598,"column":21}},"321":{"start":{"line":599,"column":3},"end":{"line":599,"column":22}},"322":{"start":{"line":600,"column":3},"end":{"line":600,"column":117}},"323":{"start":{"line":601,"column":3},"end":{"line":634,"column":4}},"324":{"start":{"line":602,"column":4},"end":{"line":633,"column":5}},"325":{"start":{"line":603,"column":5},"end":{"line":610,"column":37}},"326":{"start":{"line":604,"column":6},"end":{"line":604,"column":46}},"327":{"start":{"line":605,"column":10},"end":{"line":610,"column":37}},"328":{"start":{"line":607,"column":6},"end":{"line":607,"column":24}},"329":{"start":{"line":608,"column":6},"end":{"line":608,"column":24}},"330":{"start":{"line":609,"column":12},"end":{"line":610,"column":37}},"331":{"start":{"line":610,"column":6},"end":{"line":610,"column":37}},"332":{"start":{"line":611,"column":11},"end":{"line":633,"column":5}},"333":{"start":{"line":613,"column":5},"end":{"line":613,"column":113}},"334":{"start":{"line":614,"column":5},"end":{"line":614,"column":31}},"335":{"start":{"line":615,"column":5},"end":{"line":615,"column":21}},"336":{"start":{"line":617,"column":5},"end":{"line":620,"column":18}},"337":{"start":{"line":618,"column":6},"end":{"line":618,"column":72}},"338":{"start":{"line":620,"column":6},"end":{"line":620,"column":18}},"339":{"start":{"line":621,"column":5},"end":{"line":627,"column":6}},"340":{"start":{"line":622,"column":6},"end":{"line":622,"column":57}},"341":{"start":{"line":625,"column":6},"end":{"line":625,"column":41}},"342":{"start":{"line":626,"column":6},"end":{"line":626,"column":19}},"343":{"start":{"line":631,"column":5},"end":{"line":631,"column":32}},"344":{"start":{"line":632,"column":5},"end":{"line":632,"column":18}},"345":{"start":{"line":636,"column":3},"end":{"line":636,"column":45}},"346":{"start":{"line":638,"column":2},"end":{"line":662,"column":3}},"347":{"start":{"line":639,"column":3},"end":{"line":639,"column":38}},"348":{"start":{"line":640,"column":3},"end":{"line":642,"column":7}},"349":{"start":{"line":641,"column":5},"end":{"line":641,"column":26}},"350":{"start":{"line":643,"column":3},"end":{"line":643,"column":25}},"351":{"start":{"line":644,"column":3},"end":{"line":651,"column":4}},"352":{"start":{"line":645,"column":4},"end":{"line":650,"column":5}},"353":{"start":{"line":649,"column":5},"end":{"line":649,"column":64}},"354":{"start":{"line":652,"column":3},"end":{"line":661,"column":5}},"355":{"start":{"line":654,"column":5},"end":{"line":654,"column":38}},"356":{"start":{"line":663,"column":2},"end":{"line":691,"column":3}},"357":{"start":{"line":664,"column":3},"end":{"line":664,"column":15}},"358":{"start":{"line":665,"column":3},"end":{"line":665,"column":16}},"359":{"start":{"line":666,"column":3},"end":{"line":679,"column":4}},"360":{"start":{"line":667,"column":4},"end":{"line":669,"column":5}},"361":{"start":{"line":668,"column":5},"end":{"line":668,"column":26}},"362":{"start":{"line":670,"column":4},"end":{"line":672,"column":5}},"363":{"start":{"line":671,"column":5},"end":{"line":671,"column":18}},"364":{"start":{"line":673,"column":4},"end":{"line":673,"column":23}},"365":{"start":{"line":674,"column":4},"end":{"line":677,"column":5}},"366":{"start":{"line":675,"column":5},"end":{"line":675,"column":81}},"367":{"start":{"line":676,"column":5},"end":{"line":676,"column":17}},"368":{"start":{"line":678,"column":4},"end":{"line":678,"column":27}},"369":{"start":{"line":680,"column":3},"end":{"line":690,"column":4}},"370":{"start":{"line":681,"column":4},"end":{"line":681,"column":57}},"371":{"start":{"line":682,"column":4},"end":{"line":685,"column":5}},"372":{"start":{"line":684,"column":5},"end":{"line":684,"column":29}},"373":{"start":{"line":686,"column":4},"end":{"line":686,"column":11}},"374":{"start":{"line":687,"column":4},"end":{"line":688,"column":14}},"375":{"start":{"line":688,"column":5},"end":{"line":688,"column":14}},"376":{"start":{"line":689,"column":4},"end":{"line":689,"column":26}},"377":{"start":{"line":692,"column":2},"end":{"line":692,"column":21}},"378":{"start":{"line":694,"column":1},"end":{"line":694,"column":24}},"379":{"start":{"line":698,"column":0},"end":{"line":698,"column":37}},"380":{"start":{"line":698,"column":21},"end":{"line":698,"column":36}},"381":{"start":{"line":700,"column":0},"end":{"line":700,"column":28}},"382":{"start":{"line":701,"column":0},"end":{"line":701,"column":16}},"383":{"start":{"line":702,"column":0},"end":{"line":702,"column":22}},"384":{"start":{"line":703,"column":0},"end":{"line":703,"column":28}},"385":{"start":{"line":704,"column":0},"end":{"line":704,"column":22}},"386":{"start":{"line":705,"column":0},"end":{"line":705,"column":42}},"387":{"start":{"line":706,"column":0},"end":{"line":706,"column":24}},"388":{"start":{"line":707,"column":0},"end":{"line":707,"column":18}},"389":{"start":{"line":709,"column":0},"end":{"line":709,"column":62}}},"branchMap":{"1":{"line":8,"type":"cond-expr","locations":[{"start":{"line":8,"column":64},"end":{"line":8,"column":80}},{"start":{"line":9,"column":1},"end":{"line":10,"column":41}}]},"2":{"line":8,"type":"binary-expr","locations":[{"start":{"line":8,"column":1},"end":{"line":8,"column":28}},{"start":{"line":8,"column":32},"end":{"line":8,"column":61}}]},"3":{"line":9,"type":"cond-expr","locations":[{"start":{"line":9,"column":46},"end":{"line":9,"column":74}},{"start":{"line":10,"column":2},"end":{"line":10,"column":40}}]},"4":{"line":9,"type":"binary-expr","locations":[{"start":{"line":9,"column":1},"end":{"line":9,"column":29}},{"start":{"line":9,"column":33},"end":{"line":9,"column":43}}]},"5":{"line":10,"type":"binary-expr","locations":[{"start":{"line":10,"column":23},"end":{"line":10,"column":32}},{"start":{"line":10,"column":36},"end":{"line":10,"column":38}}]},"6":{"line":32,"type":"cond-expr","locations":[{"start":{"line":32,"column":28},"end":{"line":32,"column":30}},{"start":{"line":32,"column":31},"end":{"line":32,"column":41}}]},"7":{"line":37,"type":"if","locations":[{"start":{"line":37,"column":1},"end":{"line":37,"column":1}},{"start":{"line":37,"column":1},"end":{"line":37,"column":1}}]},"8":{"line":41,"type":"if","locations":[{"start":{"line":41,"column":1},"end":{"line":41,"column":1}},{"start":{"line":41,"column":1},"end":{"line":41,"column":1}}]},"9":{"line":51,"type":"cond-expr","locations":[{"start":{"line":51,"column":28},"end":{"line":51,"column":40}},{"start":{"line":51,"column":41},"end":{"line":51,"column":43}}]},"10":{"line":55,"type":"if","locations":[{"start":{"line":55,"column":3},"end":{"line":55,"column":3}},{"start":{"line":55,"column":3},"end":{"line":55,"column":3}}]},"11":{"line":64,"type":"cond-expr","locations":[{"start":{"line":64,"column":37},"end":{"line":64,"column":41}},{"start":{"line":64,"column":42},"end":{"line":64,"column":50}}]},"12":{"line":65,"type":"if","locations":[{"start":{"line":65,"column":1},"end":{"line":65,"column":1}},{"start":{"line":65,"column":1},"end":{"line":65,"column":1}}]},"13":{"line":65,"type":"binary-expr","locations":[{"start":{"line":65,"column":4},"end":{"line":65,"column":11}},{"start":{"line":65,"column":15},"end":{"line":65,"column":36}}]},"14":{"line":78,"type":"if","locations":[{"start":{"line":78,"column":2},"end":{"line":78,"column":2}},{"start":{"line":78,"column":2},"end":{"line":78,"column":2}}]},"15":{"line":78,"type":"binary-expr","locations":[{"start":{"line":78,"column":5},"end":{"line":78,"column":10}},{"start":{"line":78,"column":12},"end":{"line":78,"column":41}}]},"16":{"line":93,"type":"if","locations":[{"start":{"line":93,"column":1},"end":{"line":93,"column":1}},{"start":{"line":93,"column":1},"end":{"line":93,"column":1}}]},"17":{"line":96,"type":"if","locations":[{"start":{"line":96,"column":6},"end":{"line":96,"column":6}},{"start":{"line":96,"column":6},"end":{"line":96,"column":6}}]},"18":{"line":104,"type":"if","locations":[{"start":{"line":104,"column":2},"end":{"line":104,"column":2}},{"start":{"line":104,"column":2},"end":{"line":104,"column":2}}]},"19":{"line":104,"type":"binary-expr","locations":[{"start":{"line":104,"column":6},"end":{"line":104,"column":14}},{"start":{"line":104,"column":16},"end":{"line":104,"column":38}}]},"20":{"line":122,"type":"if","locations":[{"start":{"line":122,"column":1},"end":{"line":122,"column":1}},{"start":{"line":122,"column":1},"end":{"line":122,"column":1}}]},"21":{"line":130,"type":"if","locations":[{"start":{"line":130,"column":1},"end":{"line":130,"column":1}},{"start":{"line":130,"column":1},"end":{"line":130,"column":1}}]},"22":{"line":132,"type":"binary-expr","locations":[{"start":{"line":132,"column":11},"end":{"line":132,"column":22}},{"start":{"line":132,"column":24},"end":{"line":132,"column":36}}]},"23":{"line":147,"type":"if","locations":[{"start":{"line":147,"column":1},"end":{"line":147,"column":1}},{"start":{"line":147,"column":1},"end":{"line":147,"column":1}}]},"24":{"line":147,"type":"binary-expr","locations":[{"start":{"line":147,"column":4},"end":{"line":147,"column":11}},{"start":{"line":147,"column":15},"end":{"line":147,"column":56}}]},"25":{"line":150,"type":"if","locations":[{"start":{"line":150,"column":1},"end":{"line":150,"column":1}},{"start":{"line":150,"column":1},"end":{"line":150,"column":1}}]},"26":{"line":159,"type":"if","locations":[{"start":{"line":159,"column":1},"end":{"line":159,"column":1}},{"start":{"line":159,"column":1},"end":{"line":159,"column":1}}]},"27":{"line":159,"type":"binary-expr","locations":[{"start":{"line":159,"column":4},"end":{"line":159,"column":11}},{"start":{"line":159,"column":15},"end":{"line":159,"column":56}}]},"28":{"line":162,"type":"if","locations":[{"start":{"line":162,"column":1},"end":{"line":162,"column":1}},{"start":{"line":162,"column":1},"end":{"line":162,"column":1}}]},"29":{"line":169,"type":"if","locations":[{"start":{"line":169,"column":1},"end":{"line":169,"column":1}},{"start":{"line":169,"column":1},"end":{"line":169,"column":1}}]},"30":{"line":173,"type":"binary-expr","locations":[{"start":{"line":173,"column":4},"end":{"line":173,"column":52}},{"start":{"line":173,"column":54},"end":{"line":173,"column":65}}]},"31":{"line":185,"type":"if","locations":[{"start":{"line":185,"column":1},"end":{"line":185,"column":1}},{"start":{"line":185,"column":1},"end":{"line":185,"column":1}}]},"32":{"line":206,"type":"if","locations":[{"start":{"line":206,"column":1},"end":{"line":206,"column":1}},{"start":{"line":206,"column":1},"end":{"line":206,"column":1}}]},"33":{"line":209,"type":"if","locations":[{"start":{"line":209,"column":1},"end":{"line":209,"column":1}},{"start":{"line":209,"column":1},"end":{"line":209,"column":1}}]},"34":{"line":212,"type":"if","locations":[{"start":{"line":212,"column":1},"end":{"line":212,"column":1}},{"start":{"line":212,"column":1},"end":{"line":212,"column":1}}]},"35":{"line":221,"type":"if","locations":[{"start":{"line":221,"column":1},"end":{"line":221,"column":1}},{"start":{"line":221,"column":1},"end":{"line":221,"column":1}}]},"36":{"line":221,"type":"binary-expr","locations":[{"start":{"line":221,"column":5},"end":{"line":221,"column":9}},{"start":{"line":221,"column":13},"end":{"line":221,"column":45}}]},"37":{"line":224,"type":"if","locations":[{"start":{"line":224,"column":1},"end":{"line":224,"column":1}},{"start":{"line":224,"column":1},"end":{"line":224,"column":1}}]},"38":{"line":230,"type":"if","locations":[{"start":{"line":230,"column":1},"end":{"line":230,"column":1}},{"start":{"line":230,"column":1},"end":{"line":230,"column":1}}]},"39":{"line":235,"type":"if","locations":[{"start":{"line":235,"column":4},"end":{"line":235,"column":4}},{"start":{"line":235,"column":4},"end":{"line":235,"column":4}}]},"40":{"line":246,"type":"if","locations":[{"start":{"line":246,"column":1},"end":{"line":246,"column":1}},{"start":{"line":246,"column":1},"end":{"line":246,"column":1}}]},"41":{"line":249,"type":"if","locations":[{"start":{"line":249,"column":1},"end":{"line":249,"column":1}},{"start":{"line":249,"column":1},"end":{"line":249,"column":1}}]},"42":{"line":255,"type":"if","locations":[{"start":{"line":255,"column":2},"end":{"line":255,"column":2}},{"start":{"line":255,"column":2},"end":{"line":255,"column":2}}]},"43":{"line":258,"type":"if","locations":[{"start":{"line":258,"column":4},"end":{"line":258,"column":4}},{"start":{"line":258,"column":4},"end":{"line":258,"column":4}}]},"44":{"line":273,"type":"if","locations":[{"start":{"line":273,"column":1},"end":{"line":273,"column":1}},{"start":{"line":273,"column":1},"end":{"line":273,"column":1}}]},"45":{"line":275,"type":"if","locations":[{"start":{"line":275,"column":3},"end":{"line":275,"column":3}},{"start":{"line":275,"column":3},"end":{"line":275,"column":3}}]},"46":{"line":296,"type":"if","locations":[{"start":{"line":296,"column":1},"end":{"line":296,"column":1}},{"start":{"line":296,"column":1},"end":{"line":296,"column":1}}]},"47":{"line":305,"type":"if","locations":[{"start":{"line":305,"column":1},"end":{"line":305,"column":1}},{"start":{"line":305,"column":1},"end":{"line":305,"column":1}}]},"48":{"line":349,"type":"if","locations":[{"start":{"line":349,"column":1},"end":{"line":349,"column":1}},{"start":{"line":349,"column":1},"end":{"line":349,"column":1}}]},"49":{"line":350,"type":"if","locations":[{"start":{"line":350,"column":2},"end":{"line":350,"column":2}},{"start":{"line":350,"column":2},"end":{"line":350,"column":2}}]},"50":{"line":356,"type":"if","locations":[{"start":{"line":356,"column":8},"end":{"line":356,"column":8}},{"start":{"line":356,"column":8},"end":{"line":356,"column":8}}]},"51":{"line":363,"type":"binary-expr","locations":[{"start":{"line":363,"column":9},"end":{"line":363,"column":30}},{"start":{"line":363,"column":34},"end":{"line":363,"column":45}}]},"52":{"line":368,"type":"binary-expr","locations":[{"start":{"line":368,"column":117},"end":{"line":368,"column":140}},{"start":{"line":368,"column":144},"end":{"line":368,"column":156}}]},"53":{"line":370,"type":"if","locations":[{"start":{"line":370,"column":2},"end":{"line":370,"column":2}},{"start":{"line":370,"column":2},"end":{"line":370,"column":2}}]},"54":{"line":377,"type":"binary-expr","locations":[{"start":{"line":377,"column":10},"end":{"line":377,"column":47}},{"start":{"line":377,"column":49},"end":{"line":377,"column":87}}]},"55":{"line":380,"type":"if","locations":[{"start":{"line":380,"column":5},"end":{"line":380,"column":5}},{"start":{"line":380,"column":5},"end":{"line":380,"column":5}}]},"56":{"line":386,"type":"if","locations":[{"start":{"line":386,"column":6},"end":{"line":386,"column":6}},{"start":{"line":386,"column":6},"end":{"line":386,"column":6}}]},"57":{"line":386,"type":"binary-expr","locations":[{"start":{"line":386,"column":9},"end":{"line":386,"column":27}},{"start":{"line":386,"column":29},"end":{"line":386,"column":49}}]},"58":{"line":406,"type":"if","locations":[{"start":{"line":406,"column":2},"end":{"line":406,"column":2}},{"start":{"line":406,"column":2},"end":{"line":406,"column":2}}]},"59":{"line":424,"type":"if","locations":[{"start":{"line":424,"column":4},"end":{"line":424,"column":4}},{"start":{"line":424,"column":4},"end":{"line":424,"column":4}}]},"60":{"line":433,"type":"if","locations":[{"start":{"line":433,"column":2},"end":{"line":433,"column":2}},{"start":{"line":433,"column":2},"end":{"line":433,"column":2}}]},"61":{"line":436,"type":"cond-expr","locations":[{"start":{"line":436,"column":37},"end":{"line":436,"column":74}},{"start":{"line":436,"column":77},"end":{"line":436,"column":82}}]},"62":{"line":440,"type":"cond-expr","locations":[{"start":{"line":440,"column":37},"end":{"line":440,"column":44}},{"start":{"line":440,"column":47},"end":{"line":440,"column":49}}]},"63":{"line":441,"type":"binary-expr","locations":[{"start":{"line":441,"column":11},"end":{"line":441,"column":17}},{"start":{"line":441,"column":21},"end":{"line":441,"column":29}}]},"64":{"line":451,"type":"binary-expr","locations":[{"start":{"line":451,"column":14},"end":{"line":451,"column":28}},{"start":{"line":451,"column":33},"end":{"line":451,"column":47}}]},"65":{"line":462,"type":"if","locations":[{"start":{"line":462,"column":2},"end":{"line":462,"column":2}},{"start":{"line":462,"column":2},"end":{"line":462,"column":2}}]},"66":{"line":464,"type":"if","locations":[{"start":{"line":464,"column":3},"end":{"line":464,"column":3}},{"start":{"line":464,"column":3},"end":{"line":464,"column":3}}]},"67":{"line":474,"type":"binary-expr","locations":[{"start":{"line":474,"column":12},"end":{"line":474,"column":19}},{"start":{"line":474,"column":23},"end":{"line":474,"column":24}}]},"68":{"line":483,"type":"if","locations":[{"start":{"line":483,"column":2},"end":{"line":483,"column":2}},{"start":{"line":483,"column":2},"end":{"line":483,"column":2}}]},"69":{"line":485,"type":"if","locations":[{"start":{"line":485,"column":3},"end":{"line":485,"column":3}},{"start":{"line":485,"column":3},"end":{"line":485,"column":3}}]},"70":{"line":495,"type":"binary-expr","locations":[{"start":{"line":495,"column":12},"end":{"line":495,"column":19}},{"start":{"line":495,"column":23},"end":{"line":495,"column":24}}]},"71":{"line":497,"type":"cond-expr","locations":[{"start":{"line":497,"column":18},"end":{"line":499,"column":3}},{"start":{"line":499,"column":5},"end":{"line":499,"column":14}}]},"72":{"line":506,"type":"binary-expr","locations":[{"start":{"line":506,"column":12},"end":{"line":506,"column":19}},{"start":{"line":506,"column":23},"end":{"line":506,"column":25}}]},"73":{"line":511,"type":"binary-expr","locations":[{"start":{"line":511,"column":12},"end":{"line":511,"column":19}},{"start":{"line":511,"column":23},"end":{"line":511,"column":25}}]},"74":{"line":524,"type":"binary-expr","locations":[{"start":{"line":524,"column":12},"end":{"line":524,"column":19}},{"start":{"line":524,"column":23},"end":{"line":524,"column":25}}]},"75":{"line":547,"type":"cond-expr","locations":[{"start":{"line":547,"column":45},"end":{"line":547,"column":53}},{"start":{"line":547,"column":56},"end":{"line":547,"column":71}}]},"76":{"line":555,"type":"binary-expr","locations":[{"start":{"line":555,"column":14},"end":{"line":555,"column":24}},{"start":{"line":555,"column":28},"end":{"line":555,"column":29}}]},"77":{"line":576,"type":"if","locations":[{"start":{"line":576,"column":3},"end":{"line":576,"column":3}},{"start":{"line":576,"column":3},"end":{"line":576,"column":3}}]},"78":{"line":578,"type":"if","locations":[{"start":{"line":578,"column":3},"end":{"line":578,"column":3}},{"start":{"line":578,"column":3},"end":{"line":578,"column":3}}]},"79":{"line":587,"type":"if","locations":[{"start":{"line":587,"column":4},"end":{"line":587,"column":4}},{"start":{"line":587,"column":4},"end":{"line":587,"column":4}}]},"80":{"line":590,"type":"if","locations":[{"start":{"line":590,"column":9},"end":{"line":590,"column":9}},{"start":{"line":590,"column":9},"end":{"line":590,"column":9}}]},"81":{"line":593,"type":"if","locations":[{"start":{"line":593,"column":5},"end":{"line":593,"column":5}},{"start":{"line":593,"column":5},"end":{"line":593,"column":5}}]},"82":{"line":600,"type":"cond-expr","locations":[{"start":{"line":600,"column":64},"end":{"line":600,"column":108}},{"start":{"line":600,"column":111},"end":{"line":600,"column":115}}]},"83":{"line":602,"type":"if","locations":[{"start":{"line":602,"column":4},"end":{"line":602,"column":4}},{"start":{"line":602,"column":4},"end":{"line":602,"column":4}}]},"84":{"line":603,"type":"if","locations":[{"start":{"line":603,"column":5},"end":{"line":603,"column":5}},{"start":{"line":603,"column":5},"end":{"line":603,"column":5}}]},"85":{"line":603,"type":"binary-expr","locations":[{"start":{"line":603,"column":9},"end":{"line":603,"column":20}},{"start":{"line":603,"column":24},"end":{"line":603,"column":60}}]},"86":{"line":605,"type":"if","locations":[{"start":{"line":605,"column":10},"end":{"line":605,"column":10}},{"start":{"line":605,"column":10},"end":{"line":605,"column":10}}]},"87":{"line":609,"type":"if","locations":[{"start":{"line":609,"column":12},"end":{"line":609,"column":12}},{"start":{"line":609,"column":12},"end":{"line":609,"column":12}}]},"88":{"line":611,"type":"if","locations":[{"start":{"line":611,"column":11},"end":{"line":611,"column":11}},{"start":{"line":611,"column":11},"end":{"line":611,"column":11}}]},"89":{"line":613,"type":"binary-expr","locations":[{"start":{"line":613,"column":12},"end":{"line":613,"column":27}},{"start":{"line":613,"column":31},"end":{"line":613,"column":69}},{"start":{"line":613,"column":73},"end":{"line":613,"column":111}}]},"90":{"line":617,"type":"if","locations":[{"start":{"line":617,"column":5},"end":{"line":617,"column":5}},{"start":{"line":617,"column":5},"end":{"line":617,"column":5}}]},"91":{"line":618,"type":"binary-expr","locations":[{"start":{"line":618,"column":13},"end":{"line":618,"column":28}},{"start":{"line":618,"column":32},"end":{"line":618,"column":70}}]},"92":{"line":621,"type":"if","locations":[{"start":{"line":621,"column":5},"end":{"line":621,"column":5}},{"start":{"line":621,"column":5},"end":{"line":621,"column":5}}]},"93":{"line":621,"type":"binary-expr","locations":[{"start":{"line":621,"column":9},"end":{"line":621,"column":20}},{"start":{"line":621,"column":25},"end":{"line":621,"column":49}},{"start":{"line":621,"column":54},"end":{"line":621,"column":90}}]},"94":{"line":645,"type":"if","locations":[{"start":{"line":645,"column":4},"end":{"line":645,"column":4}},{"start":{"line":645,"column":4},"end":{"line":645,"column":4}}]},"95":{"line":645,"type":"binary-expr","locations":[{"start":{"line":645,"column":9},"end":{"line":645,"column":39}},{"start":{"line":645,"column":44},"end":{"line":645,"column":75}},{"start":{"line":646,"column":7},"end":{"line":646,"column":35}},{"start":{"line":646,"column":40},"end":{"line":646,"column":71}},{"start":{"line":647,"column":8},"end":{"line":647,"column":77}},{"start":{"line":648,"column":6},"end":{"line":648,"column":37}},{"start":{"line":648,"column":42},"end":{"line":648,"column":111}}]},"96":{"line":663,"type":"binary-expr","locations":[{"start":{"line":663,"column":9},"end":{"line":663,"column":24}},{"start":{"line":663,"column":28},"end":{"line":663,"column":60}},{"start":{"line":663,"column":64},"end":{"line":663,"column":69}}]},"97":{"line":666,"type":"binary-expr","locations":[{"start":{"line":666,"column":10},"end":{"line":666,"column":23}},{"start":{"line":666,"column":27},"end":{"line":666,"column":40}},{"start":{"line":666,"column":44},"end":{"line":666,"column":59}}]},"98":{"line":667,"type":"if","locations":[{"start":{"line":667,"column":4},"end":{"line":667,"column":4}},{"start":{"line":667,"column":4},"end":{"line":667,"column":4}}]},"99":{"line":670,"type":"if","locations":[{"start":{"line":670,"column":4},"end":{"line":670,"column":4}},{"start":{"line":670,"column":4},"end":{"line":670,"column":4}}]},"100":{"line":670,"type":"binary-expr","locations":[{"start":{"line":670,"column":8},"end":{"line":670,"column":34}},{"start":{"line":670,"column":38},"end":{"line":670,"column":51}}]},"101":{"line":674,"type":"if","locations":[{"start":{"line":674,"column":4},"end":{"line":674,"column":4}},{"start":{"line":674,"column":4},"end":{"line":674,"column":4}}]},"102":{"line":674,"type":"binary-expr","locations":[{"start":{"line":674,"column":8},"end":{"line":674,"column":12}},{"start":{"line":674,"column":16},"end":{"line":674,"column":54}}]},"103":{"line":675,"type":"binary-expr","locations":[{"start":{"line":675,"column":12},"end":{"line":675,"column":27}},{"start":{"line":675,"column":31},"end":{"line":675,"column":79}}]},"104":{"line":680,"type":"if","locations":[{"start":{"line":680,"column":3},"end":{"line":680,"column":3}},{"start":{"line":680,"column":3},"end":{"line":680,"column":3}}]},"105":{"line":681,"type":"cond-expr","locations":[{"start":{"line":681,"column":25},"end":{"line":681,"column":47}},{"start":{"line":681,"column":50},"end":{"line":681,"column":56}}]},"106":{"line":682,"type":"if","locations":[{"start":{"line":682,"column":4},"end":{"line":682,"column":4}},{"start":{"line":682,"column":4},"end":{"line":682,"column":4}}]},"107":{"line":682,"type":"binary-expr","locations":[{"start":{"line":682,"column":8},"end":{"line":682,"column":23}},{"start":{"line":682,"column":28},"end":{"line":682,"column":42}},{"start":{"line":682,"column":46},"end":{"line":682,"column":74}}]},"108":{"line":687,"type":"if","locations":[{"start":{"line":687,"column":4},"end":{"line":687,"column":4}},{"start":{"line":687,"column":4},"end":{"line":687,"column":4}}]}}}}