{"C:\\Applic\\Server\\DBNode-4.0.0-beta-3\\htdocs\\__Projects\\xassist\\dist\\xAssist.js":{"path":"C:\\Applic\\Server\\DBNode-4.0.0-beta-3\\htdocs\\__Projects\\xassist\\dist\\xAssist.js","s":{"1":1,"2":1,"3":1,"4":1,"5":1,"6":1,"7":1,"8":0,"9":0,"10":0,"11":0,"12":0,"13":1,"14":0,"15":1,"16":0,"17":0,"18":0,"19":0,"20":0,"21":1,"22":0,"23":0,"24":0,"25":0,"26":0,"27":0,"28":1,"29":0,"30":0,"31":0,"32":0,"33":1,"34":0,"35":0,"36":0,"37":0,"38":0,"39":1,"40":0,"41":0,"42":0,"43":0,"44":0,"45":0,"46":0,"47":0,"48":0,"49":0,"50":0,"51":0,"52":0,"53":0,"54":1,"55":0,"56":1,"57":0,"58":0,"59":0,"60":0,"61":1,"62":0,"63":0,"64":0,"65":1,"66":0,"67":1,"68":0,"69":0,"70":0,"71":0,"72":0,"73":1,"74":0,"75":0,"76":0,"77":0,"78":0,"79":1,"80":0,"81":0,"82":0,"83":0,"84":0,"85":0,"86":0,"87":0,"88":1,"89":0,"90":0,"91":0,"92":1,"93":0,"94":1,"95":0,"96":0,"97":0,"98":1,"99":1,"100":1,"101":0,"102":1,"103":0,"104":0,"105":0,"106":0,"107":0,"108":0,"109":0,"110":1,"111":0,"112":0,"113":0,"114":0,"115":0,"116":0,"117":0,"118":0,"119":0,"120":0,"121":0,"122":0,"123":0,"124":0,"125":0,"126":1,"127":0,"128":0,"129":0,"130":0,"131":0,"132":0,"133":0,"134":0,"135":0,"136":0,"137":0,"138":0,"139":1,"140":0,"141":1,"142":0,"143":0,"144":0,"145":0,"146":0,"147":0,"148":1,"149":0,"150":0,"151":0,"152":1,"153":0,"154":0,"155":0,"156":1,"157":0,"158":0,"159":0,"160":0,"161":0,"162":1,"163":0,"164":0,"165":0,"166":0,"167":0,"168":0,"169":0,"170":1,"171":1,"172":1,"173":1,"174":0,"175":1,"176":0,"177":0,"178":0,"179":0,"180":1,"181":0,"182":1,"183":0,"184":0,"185":0,"186":0,"187":0,"188":0,"189":0,"190":0,"191":0,"192":0,"193":1,"194":0,"195":1,"196":0,"197":0,"198":0,"199":0,"200":0,"201":0,"202":0,"203":0,"204":0,"205":0,"206":0,"207":0,"208":0,"209":0,"210":0,"211":0,"212":0,"213":0,"214":0,"215":0,"216":0,"217":0,"218":1,"219":0,"220":0,"221":0,"222":0,"223":1,"224":0,"225":0,"226":1,"227":0,"228":0,"229":0,"230":0,"231":0,"232":0,"233":0,"234":0,"235":0,"236":0,"237":1,"238":0,"239":0,"240":0,"241":1,"242":0,"243":0,"244":0,"245":0,"246":0,"247":0,"248":0,"249":0,"250":0,"251":0,"252":0,"253":1,"254":0,"255":0,"256":0,"257":0,"258":0,"259":0,"260":0,"261":0,"262":0,"263":1,"264":0,"265":0,"266":0,"267":0,"268":0,"269":0,"270":0,"271":0,"272":0,"273":0,"274":0,"275":0,"276":1,"277":0,"278":0,"279":0,"280":0,"281":0,"282":0,"283":0,"284":0,"285":0,"286":1,"287":0,"288":0,"289":0,"290":0,"291":0,"292":1,"293":0,"294":0,"295":0,"296":0,"297":0,"298":0,"299":0,"300":0,"301":1,"302":0,"303":1,"304":0,"305":0,"306":1,"307":0,"308":0,"309":0,"310":0,"311":0,"312":0,"313":1,"314":0,"315":0,"316":0,"317":0,"318":0,"319":0,"320":0,"321":0,"322":0,"323":0,"324":0,"325":0,"326":0,"327":0,"328":0,"329":0,"330":0,"331":0,"332":0,"333":0,"334":0,"335":0,"336":0,"337":0,"338":0,"339":0,"340":0,"341":0,"342":0,"343":0,"344":0,"345":0,"346":0,"347":1,"348":0,"349":0,"350":0,"351":0,"352":0,"353":0,"354":0,"355":0,"356":0,"357":0,"358":0,"359":0,"360":0,"361":0,"362":0,"363":0,"364":0,"365":0,"366":0,"367":0,"368":0,"369":0,"370":0,"371":0,"372":0,"373":0,"374":0,"375":0,"376":0,"377":0,"378":0,"379":0,"380":1,"381":0,"382":1,"383":1,"384":1,"385":1,"386":1,"387":1,"388":1,"389":1,"390":1},"b":{"1":[1,0],"2":[1,1],"3":[0,0],"4":[0,0],"5":[0,0],"6":[1,0],"7":[0,0],"8":[0,0],"9":[0,0],"10":[0,0],"11":[0,0],"12":[0,0],"13":[0,0],"14":[0,0],"15":[0,0],"16":[0,0],"17":[0,0],"18":[0,0],"19":[0,0],"20":[0,0],"21":[0,0],"22":[0,0],"23":[0,0],"24":[0,0],"25":[0,0],"26":[0,0],"27":[0,0],"28":[0,0],"29":[0,0],"30":[0,0],"31":[0,0],"32":[0,0],"33":[0,0],"34":[0,0],"35":[0,0],"36":[0,0],"37":[0,0],"38":[0,0],"39":[0,0],"40":[0,0],"41":[0,0],"42":[0,0],"43":[0,0],"44":[0,0],"45":[0,0],"46":[0,0],"47":[0,0],"48":[0,0],"49":[0,0],"50":[0,0],"51":[0,0],"52":[0,0],"53":[0,0],"54":[0,0],"55":[0,0],"56":[0,0],"57":[0,0],"58":[0,0],"59":[0,0],"60":[0,0],"61":[0,0],"62":[0,0],"63":[0,0],"64":[0,0],"65":[0,0],"66":[0,0],"67":[0,0],"68":[0,0],"69":[0,0],"70":[0,0],"71":[0,0],"72":[0,0],"73":[0,0],"74":[0,0],"75":[0,0],"76":[0,0],"77":[0,0],"78":[0,0],"79":[0,0],"80":[0,0],"81":[0,0],"82":[0,0],"83":[0,0],"84":[0,0],"85":[0,0],"86":[0,0],"87":[0,0],"88":[0,0],"89":[0,0],"90":[0,0,0],"91":[0,0],"92":[0,0],"93":[0,0],"94":[0,0,0],"95":[0,0],"96":[0,0,0,0,0,0,0],"97":[0,0,0],"98":[0,0,0],"99":[0,0],"100":[0,0],"101":[0,0],"102":[0,0],"103":[0,0],"104":[0,0],"105":[0,0],"106":[0,0],"107":[0,0],"108":[0,0,0],"109":[0,0]},"f":{"1":1,"2":1,"3":0,"4":0,"5":0,"6":0,"7":0,"8":0,"9":0,"10":0,"11":0,"12":0,"13":0,"14":0,"15":0,"16":0,"17":0,"18":0,"19":0,"20":0,"21":0,"22":0,"23":0,"24":0,"25":0,"26":0,"27":0,"28":0,"29":0,"30":0,"31":0,"32":0,"33":0,"34":0,"35":0,"36":0,"37":0,"38":0,"39":0,"40":0,"41":0,"42":0,"43":0,"44":0,"45":0,"46":0,"47":0,"48":0,"49":0,"50":0,"51":0,"52":0,"53":0,"54":0,"55":0,"56":0,"57":0,"58":0,"59":0,"60":0,"61":0,"62":0,"63":0,"64":0,"65":0,"66":0,"67":0,"68":0,"69":0,"70":0,"71":0,"72":0,"73":0,"74":0,"75":0,"76":0,"77":0,"78":0,"79":0,"80":0},"fnMap":{"1":{"name":"(anonymous_1)","line":7,"loc":{"start":{"line":7,"column":1},"end":{"line":7,"column":28}}},"2":{"name":"(anonymous_2)","line":11,"loc":{"start":{"line":11,"column":9},"end":{"line":11,"column":28}}},"3":{"name":"readyHandler","line":23,"loc":{"start":{"line":23,"column":0},"end":{"line":23,"column":23}}},"4":{"name":"(anonymous_4)","line":26,"loc":{"start":{"line":26,"column":24},"end":{"line":26,"column":36}}},"5":{"name":"id","line":33,"loc":{"start":{"line":33,"column":0},"end":{"line":33,"column":19}}},"6":{"name":"ready","line":38,"loc":{"start":{"line":38,"column":0},"end":{"line":38,"column":32}}},"7":{"name":"template","line":53,"loc":{"start":{"line":53,"column":0},"end":{"line":53,"column":40}}},"8":{"name":"(anonymous_8)","line":55,"loc":{"start":{"line":55,"column":36},"end":{"line":55,"column":54}}},"9":{"name":"(anonymous_9)","line":57,"loc":{"start":{"line":57,"column":30},"end":{"line":57,"column":48}}},"10":{"name":"pushUnique","line":66,"loc":{"start":{"line":66,"column":0},"end":{"line":66,"column":35}}},"11":{"name":"groupSequence","line":76,"loc":{"start":{"line":76,"column":0},"end":{"line":76,"column":35}}},"12":{"name":"(anonymous_12)","line":79,"loc":{"start":{"line":79,"column":19},"end":{"line":79,"column":53}}},"13":{"name":"replaceNull","line":92,"loc":{"start":{"line":92,"column":0},"end":{"line":92,"column":34}}},"14":{"name":"(anonymous_14)","line":97,"loc":{"start":{"line":97,"column":12},"end":{"line":97,"column":25}}},"15":{"name":"(anonymous_15)","line":103,"loc":{"start":{"line":103,"column":12},"end":{"line":103,"column":22}}},"16":{"name":"array","line":116,"loc":{"start":{"line":116,"column":0},"end":{"line":116,"column":19}}},"17":{"name":"EventDispatcher","line":124,"loc":{"start":{"line":124,"column":0},"end":{"line":124,"column":28}}},"18":{"name":"(anonymous_18)","line":132,"loc":{"start":{"line":132,"column":40},"end":{"line":132,"column":71}}},"19":{"name":"(anonymous_19)","line":143,"loc":{"start":{"line":143,"column":35},"end":{"line":143,"column":54}}},"20":{"name":"(anonymous_20)","line":146,"loc":{"start":{"line":146,"column":29},"end":{"line":146,"column":65}}},"21":{"name":"(anonymous_21)","line":157,"loc":{"start":{"line":157,"column":31},"end":{"line":157,"column":67}}},"22":{"name":"(anonymous_22)","line":169,"loc":{"start":{"line":169,"column":31},"end":{"line":169,"column":59}}},"23":{"name":"(anonymous_23)","line":180,"loc":{"start":{"line":180,"column":77},"end":{"line":180,"column":88}}},"24":{"name":"(anonymous_24)","line":187,"loc":{"start":{"line":187,"column":30},"end":{"line":187,"column":58}}},"25":{"name":"(anonymous_25)","line":189,"loc":{"start":{"line":189,"column":77},"end":{"line":189,"column":88}}},"26":{"name":"object","line":195,"loc":{"start":{"line":195,"column":0},"end":{"line":195,"column":22}}},"27":{"name":"XaObject","line":198,"loc":{"start":{"line":198,"column":0},"end":{"line":198,"column":23}}},"28":{"name":"_getType","line":205,"loc":{"start":{"line":205,"column":0},"end":{"line":205,"column":25}}},"29":{"name":"_transformType","line":208,"loc":{"start":{"line":208,"column":0},"end":{"line":208,"column":37}}},"30":{"name":"(anonymous_30)","line":220,"loc":{"start":{"line":220,"column":30},"end":{"line":220,"column":58}}},"31":{"name":"(anonymous_31)","line":235,"loc":{"start":{"line":235,"column":8},"end":{"line":235,"column":25}}},"32":{"name":"(anonymous_32)","line":242,"loc":{"start":{"line":242,"column":8},"end":{"line":242,"column":20}}},"33":{"name":"(anonymous_33)","line":248,"loc":{"start":{"line":248,"column":28},"end":{"line":248,"column":51}}},"34":{"name":"(anonymous_34)","line":269,"loc":{"start":{"line":269,"column":27},"end":{"line":269,"column":39}}},"35":{"name":"(anonymous_35)","line":272,"loc":{"start":{"line":272,"column":33},"end":{"line":272,"column":51}}},"36":{"name":"(anonymous_36)","line":277,"loc":{"start":{"line":277,"column":35},"end":{"line":277,"column":56}}},"37":{"name":"(anonymous_37)","line":285,"loc":{"start":{"line":285,"column":29},"end":{"line":285,"column":41}}},"38":{"name":"(anonymous_38)","line":287,"loc":{"start":{"line":287,"column":37},"end":{"line":287,"column":62}}},"39":{"name":"(anonymous_39)","line":291,"loc":{"start":{"line":291,"column":32},"end":{"line":291,"column":44}}},"40":{"name":"(anonymous_40)","line":293,"loc":{"start":{"line":293,"column":37},"end":{"line":293,"column":62}}},"41":{"name":"(anonymous_41)","line":297,"loc":{"start":{"line":297,"column":29},"end":{"line":297,"column":52}}},"42":{"name":"(anonymous_42)","line":302,"loc":{"start":{"line":302,"column":41},"end":{"line":302,"column":66}}},"43":{"name":"(anonymous_43)","line":306,"loc":{"start":{"line":306,"column":25},"end":{"line":306,"column":48}}},"44":{"name":"(anonymous_44)","line":312,"loc":{"start":{"line":312,"column":34},"end":{"line":312,"column":59}}},"45":{"name":"_setOptions","line":334,"loc":{"start":{"line":334,"column":0},"end":{"line":334,"column":32}}},"46":{"name":"_setDelimiter","line":337,"loc":{"start":{"line":337,"column":0},"end":{"line":337,"column":26}}},"47":{"name":"_getReFormat","line":344,"loc":{"start":{"line":344,"column":0},"end":{"line":344,"column":33}}},"48":{"name":"csv","line":347,"loc":{"start":{"line":347,"column":0},"end":{"line":347,"column":37}}},"49":{"name":"_isNumeric","line":364,"loc":{"start":{"line":364,"column":1},"end":{"line":364,"column":24}}},"50":{"name":"_getHeader","line":368,"loc":{"start":{"line":368,"column":1},"end":{"line":368,"column":27}}},"51":{"name":"(anonymous_51)","line":375,"loc":{"start":{"line":375,"column":50},"end":{"line":375,"column":63}}},"52":{"name":"formatResult","line":407,"loc":{"start":{"line":407,"column":1},"end":{"line":407,"column":43}}},"53":{"name":"rowArrayToText","line":414,"loc":{"start":{"line":414,"column":1},"end":{"line":414,"column":33}}},"54":{"name":"(anonymous_54)","line":415,"loc":{"start":{"line":415,"column":17},"end":{"line":415,"column":30}}},"55":{"name":"rowObjectToText","line":419,"loc":{"start":{"line":419,"column":1},"end":{"line":419,"column":35}}},"56":{"name":"(anonymous_56)","line":420,"loc":{"start":{"line":420,"column":25},"end":{"line":420,"column":46}}},"57":{"name":"(anonymous_57)","line":424,"loc":{"start":{"line":424,"column":9},"end":{"line":424,"column":27}}},"58":{"name":"(anonymous_58)","line":426,"loc":{"start":{"line":426,"column":23},"end":{"line":426,"column":45}}},"59":{"name":"valueToText","line":433,"loc":{"start":{"line":433,"column":1},"end":{"line":433,"column":29}}},"60":{"name":"arrayToObject","line":442,"loc":{"start":{"line":442,"column":1},"end":{"line":442,"column":41}}},"61":{"name":"(anonymous_61)","line":446,"loc":{"start":{"line":446,"column":26},"end":{"line":446,"column":44}}},"62":{"name":"(anonymous_62)","line":452,"loc":{"start":{"line":452,"column":9},"end":{"line":452,"column":24}}},"63":{"name":"(anonymous_63)","line":453,"loc":{"start":{"line":453,"column":21},"end":{"line":453,"column":53}}},"64":{"name":"toArray","line":461,"loc":{"start":{"line":461,"column":1},"end":{"line":461,"column":43}}},"65":{"name":"toObject","line":480,"loc":{"start":{"line":480,"column":1},"end":{"line":480,"column":44}}},"66":{"name":"(anonymous_66)","line":500,"loc":{"start":{"line":500,"column":18},"end":{"line":500,"column":36}}},"67":{"name":"fromObject","line":505,"loc":{"start":{"line":505,"column":1},"end":{"line":505,"column":36}}},"68":{"name":"(anonymous_68)","line":511,"loc":{"start":{"line":511,"column":9},"end":{"line":511,"column":24}}},"69":{"name":"(anonymous_69)","line":516,"loc":{"start":{"line":516,"column":22},"end":{"line":516,"column":35}}},"70":{"name":"fromArray","line":522,"loc":{"start":{"line":522,"column":1},"end":{"line":522,"column":35}}},"71":{"name":"(anonymous_71)","line":524,"loc":{"start":{"line":524,"column":9},"end":{"line":524,"column":24}}},"72":{"name":"csvParser","line":541,"loc":{"start":{"line":541,"column":0},"end":{"line":541,"column":76}}},"73":{"name":"parseRows","line":551,"loc":{"start":{"line":551,"column":1},"end":{"line":551,"column":26}}},"74":{"name":"setError","line":564,"loc":{"start":{"line":564,"column":2},"end":{"line":564,"column":31}}},"75":{"name":"getNextValue","line":573,"loc":{"start":{"line":573,"column":2},"end":{"line":573,"column":26}}},"76":{"name":"checkCRLF","line":584,"loc":{"start":{"line":584,"column":3},"end":{"line":584,"column":24}}},"77":{"name":"getResult","line":641,"loc":{"start":{"line":641,"column":2},"end":{"line":641,"column":23}}},"78":{"name":"(anonymous_78)","line":643,"loc":{"start":{"line":643,"column":63},"end":{"line":643,"column":79}}},"79":{"name":"(anonymous_79)","line":656,"loc":{"start":{"line":656,"column":27},"end":{"line":656,"column":43}}},"80":{"name":"version$1","line":701,"loc":{"start":{"line":701,"column":0},"end":{"line":701,"column":20}}}},"statementMap":{"1":{"start":{"line":7,"column":0},"end":{"line":714,"column":5}},"2":{"start":{"line":8,"column":1},"end":{"line":10,"column":42}},"3":{"start":{"line":13,"column":0},"end":{"line":13,"column":22}},"4":{"start":{"line":15,"column":0},"end":{"line":18,"column":15}},"5":{"start":{"line":19,"column":0},"end":{"line":21,"column":1}},"6":{"start":{"line":20,"column":1},"end":{"line":20,"column":74}},"7":{"start":{"line":23,"column":0},"end":{"line":32,"column":1}},"8":{"start":{"line":25,"column":1},"end":{"line":25,"column":36}},"9":{"start":{"line":26,"column":1},"end":{"line":28,"column":4}},"10":{"start":{"line":27,"column":2},"end":{"line":27,"column":42}},"11":{"start":{"line":30,"column":1},"end":{"line":30,"column":19}},"12":{"start":{"line":31,"column":1},"end":{"line":31,"column":14}},"13":{"start":{"line":33,"column":0},"end":{"line":37,"column":1}},"14":{"start":{"line":35,"column":1},"end":{"line":35,"column":53}},"15":{"start":{"line":38,"column":0},"end":{"line":52,"column":1}},"16":{"start":{"line":40,"column":1},"end":{"line":42,"column":2}},"17":{"start":{"line":41,"column":2},"end":{"line":41,"column":19}},"18":{"start":{"line":44,"column":1},"end":{"line":50,"column":2}},"19":{"start":{"line":45,"column":2},"end":{"line":45,"column":47}},"20":{"start":{"line":49,"column":2},"end":{"line":49,"column":42}},"21":{"start":{"line":53,"column":0},"end":{"line":64,"column":1}},"22":{"start":{"line":54,"column":1},"end":{"line":54,"column":45}},"23":{"start":{"line":55,"column":1},"end":{"line":63,"column":4}},"24":{"start":{"line":57,"column":2},"end":{"line":62,"column":9}},"25":{"start":{"line":58,"column":3},"end":{"line":60,"column":4}},"26":{"start":{"line":59,"column":4},"end":{"line":59,"column":21}},"27":{"start":{"line":61,"column":3},"end":{"line":61,"column":23}},"28":{"start":{"line":66,"column":0},"end":{"line":75,"column":1}},"29":{"start":{"line":67,"column":1},"end":{"line":67,"column":52}},"30":{"start":{"line":68,"column":1},"end":{"line":74,"column":2}},"31":{"start":{"line":69,"column":2},"end":{"line":69,"column":23}},"32":{"start":{"line":73,"column":2},"end":{"line":73,"column":20}},"33":{"start":{"line":76,"column":0},"end":{"line":91,"column":1}},"34":{"start":{"line":79,"column":1},"end":{"line":90,"column":7}},"35":{"start":{"line":81,"column":2},"end":{"line":88,"column":3}},"36":{"start":{"line":83,"column":3},"end":{"line":83,"column":39}},"37":{"start":{"line":87,"column":3},"end":{"line":87,"column":24}},"38":{"start":{"line":89,"column":2},"end":{"line":89,"column":16}},"39":{"start":{"line":92,"column":0},"end":{"line":115,"column":1}},"40":{"start":{"line":95,"column":1},"end":{"line":95,"column":25}},"41":{"start":{"line":96,"column":1},"end":{"line":104,"column":2}},"42":{"start":{"line":97,"column":2},"end":{"line":97,"column":46}},"43":{"start":{"line":97,"column":26},"end":{"line":97,"column":44}},"44":{"start":{"line":99,"column":6},"end":{"line":104,"column":2}},"45":{"start":{"line":100,"column":2},"end":{"line":100,"column":21}},"46":{"start":{"line":103,"column":2},"end":{"line":103,"column":40}},"47":{"start":{"line":103,"column":23},"end":{"line":103,"column":38}},"48":{"start":{"line":105,"column":1},"end":{"line":113,"column":2}},"49":{"start":{"line":106,"column":2},"end":{"line":106,"column":11}},"50":{"start":{"line":107,"column":2},"end":{"line":112,"column":3}},"51":{"start":{"line":108,"column":3},"end":{"line":108,"column":31}},"52":{"start":{"line":111,"column":3},"end":{"line":111,"column":18}},"53":{"start":{"line":114,"column":1},"end":{"line":114,"column":15}},"54":{"start":{"line":116,"column":0},"end":{"line":122,"column":1}},"55":{"start":{"line":117,"column":1},"end":{"line":121,"column":3}},"56":{"start":{"line":124,"column":0},"end":{"line":130,"column":1}},"57":{"start":{"line":125,"column":1},"end":{"line":127,"column":2}},"58":{"start":{"line":126,"column":2},"end":{"line":126,"column":31}},"59":{"start":{"line":128,"column":1},"end":{"line":128,"column":17}},"60":{"start":{"line":129,"column":1},"end":{"line":129,"column":17}},"61":{"start":{"line":132,"column":0},"end":{"line":142,"column":2}},"62":{"start":{"line":133,"column":1},"end":{"line":141,"column":2}},"63":{"start":{"line":134,"column":2},"end":{"line":137,"column":4}},"64":{"start":{"line":140,"column":2},"end":{"line":140,"column":59}},"65":{"start":{"line":143,"column":0},"end":{"line":145,"column":2}},"66":{"start":{"line":144,"column":1},"end":{"line":144,"column":47}},"67":{"start":{"line":146,"column":0},"end":{"line":156,"column":2}},"68":{"start":{"line":147,"column":1},"end":{"line":149,"column":3}},"69":{"start":{"line":150,"column":1},"end":{"line":152,"column":2}},"70":{"start":{"line":151,"column":2},"end":{"line":151,"column":27}},"71":{"start":{"line":153,"column":1},"end":{"line":155,"column":2}},"72":{"start":{"line":154,"column":2},"end":{"line":154,"column":51}},"73":{"start":{"line":157,"column":0},"end":{"line":168,"column":2}},"74":{"start":{"line":158,"column":1},"end":{"line":161,"column":3}},"75":{"start":{"line":162,"column":1},"end":{"line":164,"column":2}},"76":{"start":{"line":163,"column":2},"end":{"line":163,"column":27}},"77":{"start":{"line":165,"column":1},"end":{"line":167,"column":2}},"78":{"start":{"line":166,"column":2},"end":{"line":166,"column":51}},"79":{"start":{"line":169,"column":0},"end":{"line":185,"column":2}},"80":{"start":{"line":170,"column":1},"end":{"line":170,"column":17}},"81":{"start":{"line":171,"column":1},"end":{"line":171,"column":52}},"82":{"start":{"line":172,"column":1},"end":{"line":183,"column":2}},"83":{"start":{"line":173,"column":2},"end":{"line":173,"column":46}},"84":{"start":{"line":174,"column":2},"end":{"line":179,"column":9}},"85":{"start":{"line":175,"column":12},"end":{"line":178,"column":5}},"86":{"start":{"line":180,"column":2},"end":{"line":182,"column":5}},"87":{"start":{"line":181,"column":3},"end":{"line":181,"column":18}},"88":{"start":{"line":187,"column":0},"end":{"line":193,"column":2}},"89":{"start":{"line":188,"column":1},"end":{"line":192,"column":2}},"90":{"start":{"line":189,"column":2},"end":{"line":191,"column":5}},"91":{"start":{"line":190,"column":3},"end":{"line":190,"column":26}},"92":{"start":{"line":195,"column":0},"end":{"line":197,"column":1}},"93":{"start":{"line":196,"column":1},"end":{"line":196,"column":26}},"94":{"start":{"line":198,"column":0},"end":{"line":202,"column":1}},"95":{"start":{"line":199,"column":1},"end":{"line":199,"column":19}},"96":{"start":{"line":200,"column":1},"end":{"line":200,"column":34}},"97":{"start":{"line":201,"column":1},"end":{"line":201,"column":25}},"98":{"start":{"line":203,"column":0},"end":{"line":203,"column":62}},"99":{"start":{"line":204,"column":0},"end":{"line":204,"column":42}},"100":{"start":{"line":205,"column":0},"end":{"line":207,"column":1}},"101":{"start":{"line":206,"column":1},"end":{"line":206,"column":21}},"102":{"start":{"line":208,"column":0},"end":{"line":219,"column":1}},"103":{"start":{"line":209,"column":1},"end":{"line":211,"column":2}},"104":{"start":{"line":210,"column":2},"end":{"line":210,"column":17}},"105":{"start":{"line":212,"column":1},"end":{"line":214,"column":2}},"106":{"start":{"line":213,"column":2},"end":{"line":213,"column":23}},"107":{"start":{"line":215,"column":1},"end":{"line":217,"column":2}},"108":{"start":{"line":216,"column":2},"end":{"line":216,"column":23}},"109":{"start":{"line":218,"column":1},"end":{"line":218,"column":14}},"110":{"start":{"line":220,"column":0},"end":{"line":247,"column":2}},"111":{"start":{"line":222,"column":1},"end":{"line":223,"column":18}},"112":{"start":{"line":224,"column":1},"end":{"line":226,"column":2}},"113":{"start":{"line":225,"column":2},"end":{"line":225,"column":59}},"114":{"start":{"line":227,"column":1},"end":{"line":231,"column":2}},"115":{"start":{"line":228,"column":2},"end":{"line":228,"column":53}},"116":{"start":{"line":229,"column":2},"end":{"line":229,"column":45}},"117":{"start":{"line":230,"column":2},"end":{"line":230,"column":18}},"118":{"start":{"line":232,"column":1},"end":{"line":232,"column":73}},"119":{"start":{"line":233,"column":1},"end":{"line":246,"column":2}},"120":{"start":{"line":234,"column":2},"end":{"line":245,"column":5}},"121":{"start":{"line":236,"column":4},"end":{"line":236,"column":41}},"122":{"start":{"line":237,"column":4},"end":{"line":237,"column":34}},"123":{"start":{"line":238,"column":4},"end":{"line":240,"column":5}},"124":{"start":{"line":239,"column":5},"end":{"line":239,"column":65}},"125":{"start":{"line":243,"column":4},"end":{"line":243,"column":33}},"126":{"start":{"line":248,"column":0},"end":{"line":268,"column":2}},"127":{"start":{"line":249,"column":1},"end":{"line":251,"column":2}},"128":{"start":{"line":250,"column":2},"end":{"line":250,"column":96}},"129":{"start":{"line":252,"column":1},"end":{"line":254,"column":2}},"130":{"start":{"line":253,"column":2},"end":{"line":253,"column":68}},"131":{"start":{"line":255,"column":1},"end":{"line":255,"column":30}},"132":{"start":{"line":256,"column":1},"end":{"line":266,"column":2}},"133":{"start":{"line":257,"column":2},"end":{"line":257,"column":36}},"134":{"start":{"line":258,"column":2},"end":{"line":265,"column":3}},"135":{"start":{"line":259,"column":3},"end":{"line":264,"column":4}},"136":{"start":{"line":261,"column":4},"end":{"line":263,"column":5}},"137":{"start":{"line":262,"column":5},"end":{"line":262,"column":39}},"138":{"start":{"line":267,"column":1},"end":{"line":267,"column":11}},"139":{"start":{"line":269,"column":0},"end":{"line":271,"column":2}},"140":{"start":{"line":270,"column":1},"end":{"line":270,"column":48}},"141":{"start":{"line":272,"column":0},"end":{"line":284,"column":2}},"142":{"start":{"line":273,"column":1},"end":{"line":273,"column":15}},"143":{"start":{"line":276,"column":1},"end":{"line":282,"column":2}},"144":{"start":{"line":277,"column":2},"end":{"line":281,"column":5}},"145":{"start":{"line":278,"column":3},"end":{"line":280,"column":4}},"146":{"start":{"line":279,"column":4},"end":{"line":279,"column":93}},"147":{"start":{"line":283,"column":1},"end":{"line":283,"column":20}},"148":{"start":{"line":285,"column":0},"end":{"line":290,"column":2}},"149":{"start":{"line":286,"column":1},"end":{"line":286,"column":15}},"150":{"start":{"line":287,"column":1},"end":{"line":289,"column":4}},"151":{"start":{"line":288,"column":2},"end":{"line":288,"column":34}},"152":{"start":{"line":291,"column":0},"end":{"line":296,"column":2}},"153":{"start":{"line":292,"column":1},"end":{"line":292,"column":15}},"154":{"start":{"line":293,"column":1},"end":{"line":295,"column":4}},"155":{"start":{"line":294,"column":2},"end":{"line":294,"column":51}},"156":{"start":{"line":297,"column":0},"end":{"line":305,"column":2}},"157":{"start":{"line":298,"column":1},"end":{"line":298,"column":15}},"158":{"start":{"line":299,"column":1},"end":{"line":301,"column":2}},"159":{"start":{"line":300,"column":2},"end":{"line":300,"column":24}},"160":{"start":{"line":302,"column":1},"end":{"line":304,"column":13}},"161":{"start":{"line":303,"column":2},"end":{"line":303,"column":71}},"162":{"start":{"line":306,"column":0},"end":{"line":316,"column":2}},"163":{"start":{"line":307,"column":1},"end":{"line":307,"column":15}},"164":{"start":{"line":308,"column":1},"end":{"line":310,"column":2}},"165":{"start":{"line":309,"column":2},"end":{"line":309,"column":24}},"166":{"start":{"line":311,"column":1},"end":{"line":311,"column":20}},"167":{"start":{"line":312,"column":1},"end":{"line":314,"column":13}},"168":{"start":{"line":313,"column":2},"end":{"line":313,"column":98}},"169":{"start":{"line":315,"column":1},"end":{"line":315,"column":18}},"170":{"start":{"line":318,"column":0},"end":{"line":318,"column":22}},"171":{"start":{"line":319,"column":0},"end":{"line":329,"column":2}},"172":{"start":{"line":330,"column":0},"end":{"line":333,"column":2}},"173":{"start":{"line":334,"column":0},"end":{"line":336,"column":1}},"174":{"start":{"line":335,"column":1},"end":{"line":335,"column":39}},"175":{"start":{"line":337,"column":0},"end":{"line":343,"column":1}},"176":{"start":{"line":338,"column":1},"end":{"line":338,"column":20}},"177":{"start":{"line":339,"column":1},"end":{"line":341,"column":2}},"178":{"start":{"line":340,"column":2},"end":{"line":340,"column":34}},"179":{"start":{"line":342,"column":1},"end":{"line":342,"column":18}},"180":{"start":{"line":344,"column":0},"end":{"line":346,"column":2}},"181":{"start":{"line":345,"column":2},"end":{"line":345,"column":83}},"182":{"start":{"line":347,"column":0},"end":{"line":539,"column":1}},"183":{"start":{"line":348,"column":1},"end":{"line":351,"column":40}},"184":{"start":{"line":352,"column":1},"end":{"line":363,"column":2}},"185":{"start":{"line":353,"column":2},"end":{"line":358,"column":3}},"186":{"start":{"line":354,"column":3},"end":{"line":354,"column":41}},"187":{"start":{"line":355,"column":3},"end":{"line":355,"column":42}},"188":{"start":{"line":357,"column":3},"end":{"line":357,"column":45}},"189":{"start":{"line":359,"column":8},"end":{"line":363,"column":2}},"190":{"start":{"line":360,"column":2},"end":{"line":360,"column":40}},"191":{"start":{"line":361,"column":2},"end":{"line":361,"column":41}},"192":{"start":{"line":362,"column":2},"end":{"line":362,"column":44}},"193":{"start":{"line":364,"column":1},"end":{"line":367,"column":2}},"194":{"start":{"line":366,"column":2},"end":{"line":366,"column":46}},"195":{"start":{"line":368,"column":1},"end":{"line":406,"column":2}},"196":{"start":{"line":369,"column":2},"end":{"line":369,"column":50}},"197":{"start":{"line":370,"column":2},"end":{"line":370,"column":23}},"198":{"start":{"line":371,"column":2},"end":{"line":371,"column":158}},"199":{"start":{"line":373,"column":2},"end":{"line":404,"column":3}},"200":{"start":{"line":375,"column":3},"end":{"line":375,"column":96}},"201":{"start":{"line":375,"column":64},"end":{"line":375,"column":93}},"202":{"start":{"line":377,"column":3},"end":{"line":403,"column":4}},"203":{"start":{"line":379,"column":4},"end":{"line":379,"column":34}},"204":{"start":{"line":380,"column":4},"end":{"line":401,"column":5}},"205":{"start":{"line":382,"column":5},"end":{"line":382,"column":40}},"206":{"start":{"line":383,"column":5},"end":{"line":399,"column":6}},"207":{"start":{"line":384,"column":6},"end":{"line":384,"column":29}},"208":{"start":{"line":385,"column":6},"end":{"line":385,"column":16}},"209":{"start":{"line":388,"column":6},"end":{"line":388,"column":30}},"210":{"start":{"line":389,"column":6},"end":{"line":397,"column":7}},"211":{"start":{"line":390,"column":7},"end":{"line":390,"column":29}},"212":{"start":{"line":391,"column":7},"end":{"line":391,"column":37}},"213":{"start":{"line":394,"column":7},"end":{"line":394,"column":52}},"214":{"start":{"line":395,"column":7},"end":{"line":395,"column":17}},"215":{"start":{"line":400,"column":5},"end":{"line":400,"column":42}},"216":{"start":{"line":402,"column":4},"end":{"line":402,"column":34}},"217":{"start":{"line":405,"column":2},"end":{"line":405,"column":13}},"218":{"start":{"line":407,"column":1},"end":{"line":413,"column":2}},"219":{"start":{"line":408,"column":2},"end":{"line":408,"column":29}},"220":{"start":{"line":409,"column":2},"end":{"line":411,"column":3}},"221":{"start":{"line":410,"column":3},"end":{"line":410,"column":64}},"222":{"start":{"line":412,"column":2},"end":{"line":412,"column":19}},"223":{"start":{"line":414,"column":1},"end":{"line":418,"column":2}},"224":{"start":{"line":415,"column":2},"end":{"line":417,"column":13}},"225":{"start":{"line":416,"column":3},"end":{"line":416,"column":25}},"226":{"start":{"line":419,"column":1},"end":{"line":432,"column":2}},"227":{"start":{"line":420,"column":2},"end":{"line":423,"column":10}},"228":{"start":{"line":421,"column":4},"end":{"line":421,"column":15}},"229":{"start":{"line":422,"column":4},"end":{"line":422,"column":15}},"230":{"start":{"line":424,"column":2},"end":{"line":431,"column":4}},"231":{"start":{"line":425,"column":3},"end":{"line":425,"column":19}},"232":{"start":{"line":426,"column":3},"end":{"line":429,"column":6}},"233":{"start":{"line":427,"column":4},"end":{"line":427,"column":63}},"234":{"start":{"line":427,"column":32},"end":{"line":427,"column":63}},"235":{"start":{"line":428,"column":4},"end":{"line":428,"column":40}},"236":{"start":{"line":430,"column":3},"end":{"line":430,"column":25}},"237":{"start":{"line":433,"column":1},"end":{"line":441,"column":2}},"238":{"start":{"line":436,"column":2},"end":{"line":440,"column":3}},"239":{"start":{"line":437,"column":3},"end":{"line":437,"column":13}},"240":{"start":{"line":439,"column":3},"end":{"line":439,"column":83}},"241":{"start":{"line":442,"column":1},"end":{"line":459,"column":2}},"242":{"start":{"line":443,"column":2},"end":{"line":443,"column":50}},"243":{"start":{"line":444,"column":2},"end":{"line":444,"column":30}},"244":{"start":{"line":446,"column":2},"end":{"line":451,"column":14}},"245":{"start":{"line":447,"column":4},"end":{"line":449,"column":5}},"246":{"start":{"line":448,"column":5},"end":{"line":448,"column":21}},"247":{"start":{"line":450,"column":4},"end":{"line":450,"column":15}},"248":{"start":{"line":452,"column":2},"end":{"line":458,"column":4}},"249":{"start":{"line":453,"column":3},"end":{"line":457,"column":10}},"250":{"start":{"line":454,"column":4},"end":{"line":454,"column":49}},"251":{"start":{"line":455,"column":4},"end":{"line":455,"column":24}},"252":{"start":{"line":456,"column":4},"end":{"line":456,"column":18}},"253":{"start":{"line":461,"column":1},"end":{"line":479,"column":2}},"254":{"start":{"line":464,"column":2},"end":{"line":464,"column":8}},"255":{"start":{"line":465,"column":2},"end":{"line":476,"column":3}},"256":{"start":{"line":466,"column":3},"end":{"line":466,"column":24}},"257":{"start":{"line":467,"column":3},"end":{"line":472,"column":4}},"258":{"start":{"line":468,"column":4},"end":{"line":468,"column":20}},"259":{"start":{"line":471,"column":4},"end":{"line":471,"column":27}},"260":{"start":{"line":475,"column":3},"end":{"line":475,"column":10}},"261":{"start":{"line":477,"column":2},"end":{"line":477,"column":25}},"262":{"start":{"line":478,"column":2},"end":{"line":478,"column":96}},"263":{"start":{"line":480,"column":1},"end":{"line":504,"column":2}},"264":{"start":{"line":483,"column":2},"end":{"line":485,"column":4}},"265":{"start":{"line":486,"column":2},"end":{"line":497,"column":3}},"266":{"start":{"line":487,"column":3},"end":{"line":487,"column":24}},"267":{"start":{"line":488,"column":3},"end":{"line":493,"column":4}},"268":{"start":{"line":489,"column":4},"end":{"line":489,"column":20}},"269":{"start":{"line":492,"column":4},"end":{"line":492,"column":27}},"270":{"start":{"line":496,"column":3},"end":{"line":496,"column":10}},"271":{"start":{"line":498,"column":2},"end":{"line":498,"column":25}},"272":{"start":{"line":499,"column":2},"end":{"line":499,"column":59}},"273":{"start":{"line":500,"column":2},"end":{"line":502,"column":16}},"274":{"start":{"line":501,"column":3},"end":{"line":501,"column":38}},"275":{"start":{"line":503,"column":2},"end":{"line":503,"column":89}},"276":{"start":{"line":505,"column":1},"end":{"line":521,"column":2}},"277":{"start":{"line":506,"column":2},"end":{"line":508,"column":7}},"278":{"start":{"line":509,"column":2},"end":{"line":509,"column":26}},"279":{"start":{"line":510,"column":2},"end":{"line":510,"column":37}},"280":{"start":{"line":511,"column":2},"end":{"line":513,"column":4}},"281":{"start":{"line":512,"column":3},"end":{"line":512,"column":26}},"282":{"start":{"line":514,"column":2},"end":{"line":514,"column":26}},"283":{"start":{"line":515,"column":2},"end":{"line":515,"column":17}},"284":{"start":{"line":516,"column":2},"end":{"line":520,"column":14}},"285":{"start":{"line":517,"column":4},"end":{"line":517,"column":26}},"286":{"start":{"line":522,"column":1},"end":{"line":531,"column":2}},"287":{"start":{"line":523,"column":2},"end":{"line":526,"column":4}},"288":{"start":{"line":525,"column":3},"end":{"line":525,"column":33}},"289":{"start":{"line":527,"column":2},"end":{"line":527,"column":26}},"290":{"start":{"line":528,"column":2},"end":{"line":530,"column":14}},"291":{"start":{"line":533,"column":1},"end":{"line":538,"column":3}},"292":{"start":{"line":541,"column":0},"end":{"line":699,"column":1}},"293":{"start":{"line":543,"column":1},"end":{"line":543,"column":16}},"294":{"start":{"line":544,"column":1},"end":{"line":544,"column":18}},"295":{"start":{"line":545,"column":1},"end":{"line":545,"column":17}},"296":{"start":{"line":546,"column":1},"end":{"line":546,"column":16}},"297":{"start":{"line":547,"column":1},"end":{"line":547,"column":14}},"298":{"start":{"line":548,"column":1},"end":{"line":548,"column":14}},"299":{"start":{"line":549,"column":1},"end":{"line":549,"column":16}},"300":{"start":{"line":550,"column":1},"end":{"line":550,"column":73}},"301":{"start":{"line":551,"column":1},"end":{"line":696,"column":2}},"302":{"start":{"line":552,"column":2},"end":{"line":563,"column":20}},"303":{"start":{"line":564,"column":2},"end":{"line":572,"column":3}},"304":{"start":{"line":565,"column":3},"end":{"line":569,"column":5}},"305":{"start":{"line":570,"column":3},"end":{"line":570,"column":17}},"306":{"start":{"line":573,"column":2},"end":{"line":640,"column":3}},"307":{"start":{"line":574,"column":3},"end":{"line":577,"column":26}},"308":{"start":{"line":578,"column":3},"end":{"line":578,"column":24}},"309":{"start":{"line":579,"column":3},"end":{"line":580,"column":15}},"310":{"start":{"line":580,"column":4},"end":{"line":580,"column":15}},"311":{"start":{"line":581,"column":3},"end":{"line":582,"column":28}},"312":{"start":{"line":582,"column":4},"end":{"line":582,"column":28}},"313":{"start":{"line":584,"column":3},"end":{"line":600,"column":4}},"314":{"start":{"line":590,"column":4},"end":{"line":598,"column":5}},"315":{"start":{"line":591,"column":5},"end":{"line":591,"column":16}},"316":{"start":{"line":593,"column":9},"end":{"line":598,"column":5}},"317":{"start":{"line":594,"column":5},"end":{"line":594,"column":16}},"318":{"start":{"line":596,"column":5},"end":{"line":597,"column":18}},"319":{"start":{"line":597,"column":6},"end":{"line":597,"column":18}},"320":{"start":{"line":599,"column":4},"end":{"line":599,"column":15}},"321":{"start":{"line":601,"column":3},"end":{"line":601,"column":21}},"322":{"start":{"line":602,"column":3},"end":{"line":602,"column":22}},"323":{"start":{"line":603,"column":3},"end":{"line":603,"column":117}},"324":{"start":{"line":604,"column":3},"end":{"line":637,"column":4}},"325":{"start":{"line":605,"column":4},"end":{"line":636,"column":5}},"326":{"start":{"line":606,"column":5},"end":{"line":613,"column":37}},"327":{"start":{"line":607,"column":6},"end":{"line":607,"column":46}},"328":{"start":{"line":608,"column":10},"end":{"line":613,"column":37}},"329":{"start":{"line":610,"column":6},"end":{"line":610,"column":24}},"330":{"start":{"line":611,"column":6},"end":{"line":611,"column":24}},"331":{"start":{"line":612,"column":12},"end":{"line":613,"column":37}},"332":{"start":{"line":613,"column":6},"end":{"line":613,"column":37}},"333":{"start":{"line":614,"column":11},"end":{"line":636,"column":5}},"334":{"start":{"line":616,"column":5},"end":{"line":616,"column":113}},"335":{"start":{"line":617,"column":5},"end":{"line":617,"column":31}},"336":{"start":{"line":618,"column":5},"end":{"line":618,"column":21}},"337":{"start":{"line":620,"column":5},"end":{"line":623,"column":18}},"338":{"start":{"line":621,"column":6},"end":{"line":621,"column":72}},"339":{"start":{"line":623,"column":6},"end":{"line":623,"column":18}},"340":{"start":{"line":624,"column":5},"end":{"line":630,"column":6}},"341":{"start":{"line":625,"column":6},"end":{"line":625,"column":57}},"342":{"start":{"line":628,"column":6},"end":{"line":628,"column":41}},"343":{"start":{"line":629,"column":6},"end":{"line":629,"column":19}},"344":{"start":{"line":634,"column":5},"end":{"line":634,"column":32}},"345":{"start":{"line":635,"column":5},"end":{"line":635,"column":18}},"346":{"start":{"line":639,"column":3},"end":{"line":639,"column":45}},"347":{"start":{"line":641,"column":2},"end":{"line":665,"column":3}},"348":{"start":{"line":642,"column":3},"end":{"line":642,"column":38}},"349":{"start":{"line":643,"column":3},"end":{"line":645,"column":7}},"350":{"start":{"line":644,"column":5},"end":{"line":644,"column":26}},"351":{"start":{"line":646,"column":3},"end":{"line":646,"column":25}},"352":{"start":{"line":647,"column":3},"end":{"line":654,"column":4}},"353":{"start":{"line":648,"column":4},"end":{"line":653,"column":5}},"354":{"start":{"line":652,"column":5},"end":{"line":652,"column":64}},"355":{"start":{"line":655,"column":3},"end":{"line":664,"column":5}},"356":{"start":{"line":657,"column":5},"end":{"line":657,"column":38}},"357":{"start":{"line":666,"column":2},"end":{"line":694,"column":3}},"358":{"start":{"line":667,"column":3},"end":{"line":667,"column":15}},"359":{"start":{"line":668,"column":3},"end":{"line":668,"column":16}},"360":{"start":{"line":669,"column":3},"end":{"line":682,"column":4}},"361":{"start":{"line":670,"column":4},"end":{"line":672,"column":5}},"362":{"start":{"line":671,"column":5},"end":{"line":671,"column":26}},"363":{"start":{"line":673,"column":4},"end":{"line":675,"column":5}},"364":{"start":{"line":674,"column":5},"end":{"line":674,"column":18}},"365":{"start":{"line":676,"column":4},"end":{"line":676,"column":23}},"366":{"start":{"line":677,"column":4},"end":{"line":680,"column":5}},"367":{"start":{"line":678,"column":5},"end":{"line":678,"column":81}},"368":{"start":{"line":679,"column":5},"end":{"line":679,"column":17}},"369":{"start":{"line":681,"column":4},"end":{"line":681,"column":27}},"370":{"start":{"line":683,"column":3},"end":{"line":693,"column":4}},"371":{"start":{"line":684,"column":4},"end":{"line":684,"column":57}},"372":{"start":{"line":685,"column":4},"end":{"line":688,"column":5}},"373":{"start":{"line":687,"column":5},"end":{"line":687,"column":29}},"374":{"start":{"line":689,"column":4},"end":{"line":689,"column":11}},"375":{"start":{"line":690,"column":4},"end":{"line":691,"column":14}},"376":{"start":{"line":691,"column":5},"end":{"line":691,"column":14}},"377":{"start":{"line":692,"column":4},"end":{"line":692,"column":26}},"378":{"start":{"line":695,"column":2},"end":{"line":695,"column":21}},"379":{"start":{"line":697,"column":1},"end":{"line":697,"column":24}},"380":{"start":{"line":701,"column":0},"end":{"line":701,"column":37}},"381":{"start":{"line":701,"column":21},"end":{"line":701,"column":36}},"382":{"start":{"line":703,"column":0},"end":{"line":703,"column":28}},"383":{"start":{"line":704,"column":0},"end":{"line":704,"column":16}},"384":{"start":{"line":705,"column":0},"end":{"line":705,"column":22}},"385":{"start":{"line":706,"column":0},"end":{"line":706,"column":28}},"386":{"start":{"line":707,"column":0},"end":{"line":707,"column":22}},"387":{"start":{"line":708,"column":0},"end":{"line":708,"column":42}},"388":{"start":{"line":709,"column":0},"end":{"line":709,"column":24}},"389":{"start":{"line":710,"column":0},"end":{"line":710,"column":18}},"390":{"start":{"line":712,"column":0},"end":{"line":712,"column":62}}},"branchMap":{"1":{"line":8,"type":"cond-expr","locations":[{"start":{"line":8,"column":64},"end":{"line":8,"column":80}},{"start":{"line":9,"column":1},"end":{"line":10,"column":41}}]},"2":{"line":8,"type":"binary-expr","locations":[{"start":{"line":8,"column":1},"end":{"line":8,"column":28}},{"start":{"line":8,"column":32},"end":{"line":8,"column":61}}]},"3":{"line":9,"type":"cond-expr","locations":[{"start":{"line":9,"column":46},"end":{"line":9,"column":74}},{"start":{"line":10,"column":2},"end":{"line":10,"column":40}}]},"4":{"line":9,"type":"binary-expr","locations":[{"start":{"line":9,"column":1},"end":{"line":9,"column":29}},{"start":{"line":9,"column":33},"end":{"line":9,"column":43}}]},"5":{"line":10,"type":"binary-expr","locations":[{"start":{"line":10,"column":23},"end":{"line":10,"column":32}},{"start":{"line":10,"column":36},"end":{"line":10,"column":38}}]},"6":{"line":19,"type":"if","locations":[{"start":{"line":19,"column":0},"end":{"line":19,"column":0}},{"start":{"line":19,"column":0},"end":{"line":19,"column":0}}]},"7":{"line":35,"type":"cond-expr","locations":[{"start":{"line":35,"column":28},"end":{"line":35,"column":30}},{"start":{"line":35,"column":31},"end":{"line":35,"column":41}}]},"8":{"line":40,"type":"if","locations":[{"start":{"line":40,"column":1},"end":{"line":40,"column":1}},{"start":{"line":40,"column":1},"end":{"line":40,"column":1}}]},"9":{"line":44,"type":"if","locations":[{"start":{"line":44,"column":1},"end":{"line":44,"column":1}},{"start":{"line":44,"column":1},"end":{"line":44,"column":1}}]},"10":{"line":54,"type":"cond-expr","locations":[{"start":{"line":54,"column":28},"end":{"line":54,"column":40}},{"start":{"line":54,"column":41},"end":{"line":54,"column":43}}]},"11":{"line":58,"type":"if","locations":[{"start":{"line":58,"column":3},"end":{"line":58,"column":3}},{"start":{"line":58,"column":3},"end":{"line":58,"column":3}}]},"12":{"line":67,"type":"cond-expr","locations":[{"start":{"line":67,"column":37},"end":{"line":67,"column":41}},{"start":{"line":67,"column":42},"end":{"line":67,"column":50}}]},"13":{"line":68,"type":"if","locations":[{"start":{"line":68,"column":1},"end":{"line":68,"column":1}},{"start":{"line":68,"column":1},"end":{"line":68,"column":1}}]},"14":{"line":68,"type":"binary-expr","locations":[{"start":{"line":68,"column":4},"end":{"line":68,"column":11}},{"start":{"line":68,"column":15},"end":{"line":68,"column":36}}]},"15":{"line":81,"type":"if","locations":[{"start":{"line":81,"column":2},"end":{"line":81,"column":2}},{"start":{"line":81,"column":2},"end":{"line":81,"column":2}}]},"16":{"line":81,"type":"binary-expr","locations":[{"start":{"line":81,"column":5},"end":{"line":81,"column":10}},{"start":{"line":81,"column":12},"end":{"line":81,"column":41}}]},"17":{"line":96,"type":"if","locations":[{"start":{"line":96,"column":1},"end":{"line":96,"column":1}},{"start":{"line":96,"column":1},"end":{"line":96,"column":1}}]},"18":{"line":99,"type":"if","locations":[{"start":{"line":99,"column":6},"end":{"line":99,"column":6}},{"start":{"line":99,"column":6},"end":{"line":99,"column":6}}]},"19":{"line":107,"type":"if","locations":[{"start":{"line":107,"column":2},"end":{"line":107,"column":2}},{"start":{"line":107,"column":2},"end":{"line":107,"column":2}}]},"20":{"line":107,"type":"binary-expr","locations":[{"start":{"line":107,"column":6},"end":{"line":107,"column":14}},{"start":{"line":107,"column":16},"end":{"line":107,"column":38}}]},"21":{"line":125,"type":"if","locations":[{"start":{"line":125,"column":1},"end":{"line":125,"column":1}},{"start":{"line":125,"column":1},"end":{"line":125,"column":1}}]},"22":{"line":133,"type":"if","locations":[{"start":{"line":133,"column":1},"end":{"line":133,"column":1}},{"start":{"line":133,"column":1},"end":{"line":133,"column":1}}]},"23":{"line":135,"type":"binary-expr","locations":[{"start":{"line":135,"column":11},"end":{"line":135,"column":22}},{"start":{"line":135,"column":24},"end":{"line":135,"column":36}}]},"24":{"line":150,"type":"if","locations":[{"start":{"line":150,"column":1},"end":{"line":150,"column":1}},{"start":{"line":150,"column":1},"end":{"line":150,"column":1}}]},"25":{"line":150,"type":"binary-expr","locations":[{"start":{"line":150,"column":4},"end":{"line":150,"column":11}},{"start":{"line":150,"column":15},"end":{"line":150,"column":56}}]},"26":{"line":153,"type":"if","locations":[{"start":{"line":153,"column":1},"end":{"line":153,"column":1}},{"start":{"line":153,"column":1},"end":{"line":153,"column":1}}]},"27":{"line":162,"type":"if","locations":[{"start":{"line":162,"column":1},"end":{"line":162,"column":1}},{"start":{"line":162,"column":1},"end":{"line":162,"column":1}}]},"28":{"line":162,"type":"binary-expr","locations":[{"start":{"line":162,"column":4},"end":{"line":162,"column":11}},{"start":{"line":162,"column":15},"end":{"line":162,"column":56}}]},"29":{"line":165,"type":"if","locations":[{"start":{"line":165,"column":1},"end":{"line":165,"column":1}},{"start":{"line":165,"column":1},"end":{"line":165,"column":1}}]},"30":{"line":172,"type":"if","locations":[{"start":{"line":172,"column":1},"end":{"line":172,"column":1}},{"start":{"line":172,"column":1},"end":{"line":172,"column":1}}]},"31":{"line":176,"type":"binary-expr","locations":[{"start":{"line":176,"column":4},"end":{"line":176,"column":52}},{"start":{"line":176,"column":54},"end":{"line":176,"column":65}}]},"32":{"line":188,"type":"if","locations":[{"start":{"line":188,"column":1},"end":{"line":188,"column":1}},{"start":{"line":188,"column":1},"end":{"line":188,"column":1}}]},"33":{"line":209,"type":"if","locations":[{"start":{"line":209,"column":1},"end":{"line":209,"column":1}},{"start":{"line":209,"column":1},"end":{"line":209,"column":1}}]},"34":{"line":212,"type":"if","locations":[{"start":{"line":212,"column":1},"end":{"line":212,"column":1}},{"start":{"line":212,"column":1},"end":{"line":212,"column":1}}]},"35":{"line":215,"type":"if","locations":[{"start":{"line":215,"column":1},"end":{"line":215,"column":1}},{"start":{"line":215,"column":1},"end":{"line":215,"column":1}}]},"36":{"line":224,"type":"if","locations":[{"start":{"line":224,"column":1},"end":{"line":224,"column":1}},{"start":{"line":224,"column":1},"end":{"line":224,"column":1}}]},"37":{"line":224,"type":"binary-expr","locations":[{"start":{"line":224,"column":5},"end":{"line":224,"column":9}},{"start":{"line":224,"column":13},"end":{"line":224,"column":45}}]},"38":{"line":227,"type":"if","locations":[{"start":{"line":227,"column":1},"end":{"line":227,"column":1}},{"start":{"line":227,"column":1},"end":{"line":227,"column":1}}]},"39":{"line":233,"type":"if","locations":[{"start":{"line":233,"column":1},"end":{"line":233,"column":1}},{"start":{"line":233,"column":1},"end":{"line":233,"column":1}}]},"40":{"line":238,"type":"if","locations":[{"start":{"line":238,"column":4},"end":{"line":238,"column":4}},{"start":{"line":238,"column":4},"end":{"line":238,"column":4}}]},"41":{"line":249,"type":"if","locations":[{"start":{"line":249,"column":1},"end":{"line":249,"column":1}},{"start":{"line":249,"column":1},"end":{"line":249,"column":1}}]},"42":{"line":252,"type":"if","locations":[{"start":{"line":252,"column":1},"end":{"line":252,"column":1}},{"start":{"line":252,"column":1},"end":{"line":252,"column":1}}]},"43":{"line":258,"type":"if","locations":[{"start":{"line":258,"column":2},"end":{"line":258,"column":2}},{"start":{"line":258,"column":2},"end":{"line":258,"column":2}}]},"44":{"line":261,"type":"if","locations":[{"start":{"line":261,"column":4},"end":{"line":261,"column":4}},{"start":{"line":261,"column":4},"end":{"line":261,"column":4}}]},"45":{"line":276,"type":"if","locations":[{"start":{"line":276,"column":1},"end":{"line":276,"column":1}},{"start":{"line":276,"column":1},"end":{"line":276,"column":1}}]},"46":{"line":278,"type":"if","locations":[{"start":{"line":278,"column":3},"end":{"line":278,"column":3}},{"start":{"line":278,"column":3},"end":{"line":278,"column":3}}]},"47":{"line":299,"type":"if","locations":[{"start":{"line":299,"column":1},"end":{"line":299,"column":1}},{"start":{"line":299,"column":1},"end":{"line":299,"column":1}}]},"48":{"line":308,"type":"if","locations":[{"start":{"line":308,"column":1},"end":{"line":308,"column":1}},{"start":{"line":308,"column":1},"end":{"line":308,"column":1}}]},"49":{"line":352,"type":"if","locations":[{"start":{"line":352,"column":1},"end":{"line":352,"column":1}},{"start":{"line":352,"column":1},"end":{"line":352,"column":1}}]},"50":{"line":353,"type":"if","locations":[{"start":{"line":353,"column":2},"end":{"line":353,"column":2}},{"start":{"line":353,"column":2},"end":{"line":353,"column":2}}]},"51":{"line":359,"type":"if","locations":[{"start":{"line":359,"column":8},"end":{"line":359,"column":8}},{"start":{"line":359,"column":8},"end":{"line":359,"column":8}}]},"52":{"line":366,"type":"binary-expr","locations":[{"start":{"line":366,"column":9},"end":{"line":366,"column":30}},{"start":{"line":366,"column":34},"end":{"line":366,"column":45}}]},"53":{"line":371,"type":"binary-expr","locations":[{"start":{"line":371,"column":117},"end":{"line":371,"column":140}},{"start":{"line":371,"column":144},"end":{"line":371,"column":156}}]},"54":{"line":373,"type":"if","locations":[{"start":{"line":373,"column":2},"end":{"line":373,"column":2}},{"start":{"line":373,"column":2},"end":{"line":373,"column":2}}]},"55":{"line":380,"type":"binary-expr","locations":[{"start":{"line":380,"column":10},"end":{"line":380,"column":47}},{"start":{"line":380,"column":49},"end":{"line":380,"column":87}}]},"56":{"line":383,"type":"if","locations":[{"start":{"line":383,"column":5},"end":{"line":383,"column":5}},{"start":{"line":383,"column":5},"end":{"line":383,"column":5}}]},"57":{"line":389,"type":"if","locations":[{"start":{"line":389,"column":6},"end":{"line":389,"column":6}},{"start":{"line":389,"column":6},"end":{"line":389,"column":6}}]},"58":{"line":389,"type":"binary-expr","locations":[{"start":{"line":389,"column":9},"end":{"line":389,"column":27}},{"start":{"line":389,"column":29},"end":{"line":389,"column":49}}]},"59":{"line":409,"type":"if","locations":[{"start":{"line":409,"column":2},"end":{"line":409,"column":2}},{"start":{"line":409,"column":2},"end":{"line":409,"column":2}}]},"60":{"line":427,"type":"if","locations":[{"start":{"line":427,"column":4},"end":{"line":427,"column":4}},{"start":{"line":427,"column":4},"end":{"line":427,"column":4}}]},"61":{"line":436,"type":"if","locations":[{"start":{"line":436,"column":2},"end":{"line":436,"column":2}},{"start":{"line":436,"column":2},"end":{"line":436,"column":2}}]},"62":{"line":439,"type":"cond-expr","locations":[{"start":{"line":439,"column":37},"end":{"line":439,"column":74}},{"start":{"line":439,"column":77},"end":{"line":439,"column":82}}]},"63":{"line":443,"type":"cond-expr","locations":[{"start":{"line":443,"column":37},"end":{"line":443,"column":44}},{"start":{"line":443,"column":47},"end":{"line":443,"column":49}}]},"64":{"line":444,"type":"binary-expr","locations":[{"start":{"line":444,"column":11},"end":{"line":444,"column":17}},{"start":{"line":444,"column":21},"end":{"line":444,"column":29}}]},"65":{"line":454,"type":"binary-expr","locations":[{"start":{"line":454,"column":14},"end":{"line":454,"column":28}},{"start":{"line":454,"column":33},"end":{"line":454,"column":47}}]},"66":{"line":465,"type":"if","locations":[{"start":{"line":465,"column":2},"end":{"line":465,"column":2}},{"start":{"line":465,"column":2},"end":{"line":465,"column":2}}]},"67":{"line":467,"type":"if","locations":[{"start":{"line":467,"column":3},"end":{"line":467,"column":3}},{"start":{"line":467,"column":3},"end":{"line":467,"column":3}}]},"68":{"line":477,"type":"binary-expr","locations":[{"start":{"line":477,"column":12},"end":{"line":477,"column":19}},{"start":{"line":477,"column":23},"end":{"line":477,"column":24}}]},"69":{"line":486,"type":"if","locations":[{"start":{"line":486,"column":2},"end":{"line":486,"column":2}},{"start":{"line":486,"column":2},"end":{"line":486,"column":2}}]},"70":{"line":488,"type":"if","locations":[{"start":{"line":488,"column":3},"end":{"line":488,"column":3}},{"start":{"line":488,"column":3},"end":{"line":488,"column":3}}]},"71":{"line":498,"type":"binary-expr","locations":[{"start":{"line":498,"column":12},"end":{"line":498,"column":19}},{"start":{"line":498,"column":23},"end":{"line":498,"column":24}}]},"72":{"line":500,"type":"cond-expr","locations":[{"start":{"line":500,"column":18},"end":{"line":502,"column":3}},{"start":{"line":502,"column":5},"end":{"line":502,"column":14}}]},"73":{"line":509,"type":"binary-expr","locations":[{"start":{"line":509,"column":12},"end":{"line":509,"column":19}},{"start":{"line":509,"column":23},"end":{"line":509,"column":25}}]},"74":{"line":514,"type":"binary-expr","locations":[{"start":{"line":514,"column":12},"end":{"line":514,"column":19}},{"start":{"line":514,"column":23},"end":{"line":514,"column":25}}]},"75":{"line":527,"type":"binary-expr","locations":[{"start":{"line":527,"column":12},"end":{"line":527,"column":19}},{"start":{"line":527,"column":23},"end":{"line":527,"column":25}}]},"76":{"line":550,"type":"cond-expr","locations":[{"start":{"line":550,"column":45},"end":{"line":550,"column":53}},{"start":{"line":550,"column":56},"end":{"line":550,"column":71}}]},"77":{"line":558,"type":"binary-expr","locations":[{"start":{"line":558,"column":14},"end":{"line":558,"column":24}},{"start":{"line":558,"column":28},"end":{"line":558,"column":29}}]},"78":{"line":579,"type":"if","locations":[{"start":{"line":579,"column":3},"end":{"line":579,"column":3}},{"start":{"line":579,"column":3},"end":{"line":579,"column":3}}]},"79":{"line":581,"type":"if","locations":[{"start":{"line":581,"column":3},"end":{"line":581,"column":3}},{"start":{"line":581,"column":3},"end":{"line":581,"column":3}}]},"80":{"line":590,"type":"if","locations":[{"start":{"line":590,"column":4},"end":{"line":590,"column":4}},{"start":{"line":590,"column":4},"end":{"line":590,"column":4}}]},"81":{"line":593,"type":"if","locations":[{"start":{"line":593,"column":9},"end":{"line":593,"column":9}},{"start":{"line":593,"column":9},"end":{"line":593,"column":9}}]},"82":{"line":596,"type":"if","locations":[{"start":{"line":596,"column":5},"end":{"line":596,"column":5}},{"start":{"line":596,"column":5},"end":{"line":596,"column":5}}]},"83":{"line":603,"type":"cond-expr","locations":[{"start":{"line":603,"column":64},"end":{"line":603,"column":108}},{"start":{"line":603,"column":111},"end":{"line":603,"column":115}}]},"84":{"line":605,"type":"if","locations":[{"start":{"line":605,"column":4},"end":{"line":605,"column":4}},{"start":{"line":605,"column":4},"end":{"line":605,"column":4}}]},"85":{"line":606,"type":"if","locations":[{"start":{"line":606,"column":5},"end":{"line":606,"column":5}},{"start":{"line":606,"column":5},"end":{"line":606,"column":5}}]},"86":{"line":606,"type":"binary-expr","locations":[{"start":{"line":606,"column":9},"end":{"line":606,"column":20}},{"start":{"line":606,"column":24},"end":{"line":606,"column":60}}]},"87":{"line":608,"type":"if","locations":[{"start":{"line":608,"column":10},"end":{"line":608,"column":10}},{"start":{"line":608,"column":10},"end":{"line":608,"column":10}}]},"88":{"line":612,"type":"if","locations":[{"start":{"line":612,"column":12},"end":{"line":612,"column":12}},{"start":{"line":612,"column":12},"end":{"line":612,"column":12}}]},"89":{"line":614,"type":"if","locations":[{"start":{"line":614,"column":11},"end":{"line":614,"column":11}},{"start":{"line":614,"column":11},"end":{"line":614,"column":11}}]},"90":{"line":616,"type":"binary-expr","locations":[{"start":{"line":616,"column":12},"end":{"line":616,"column":27}},{"start":{"line":616,"column":31},"end":{"line":616,"column":69}},{"start":{"line":616,"column":73},"end":{"line":616,"column":111}}]},"91":{"line":620,"type":"if","locations":[{"start":{"line":620,"column":5},"end":{"line":620,"column":5}},{"start":{"line":620,"column":5},"end":{"line":620,"column":5}}]},"92":{"line":621,"type":"binary-expr","locations":[{"start":{"line":621,"column":13},"end":{"line":621,"column":28}},{"start":{"line":621,"column":32},"end":{"line":621,"column":70}}]},"93":{"line":624,"type":"if","locations":[{"start":{"line":624,"column":5},"end":{"line":624,"column":5}},{"start":{"line":624,"column":5},"end":{"line":624,"column":5}}]},"94":{"line":624,"type":"binary-expr","locations":[{"start":{"line":624,"column":9},"end":{"line":624,"column":20}},{"start":{"line":624,"column":25},"end":{"line":624,"column":49}},{"start":{"line":624,"column":54},"end":{"line":624,"column":90}}]},"95":{"line":648,"type":"if","locations":[{"start":{"line":648,"column":4},"end":{"line":648,"column":4}},{"start":{"line":648,"column":4},"end":{"line":648,"column":4}}]},"96":{"line":648,"type":"binary-expr","locations":[{"start":{"line":648,"column":9},"end":{"line":648,"column":39}},{"start":{"line":648,"column":44},"end":{"line":648,"column":75}},{"start":{"line":649,"column":7},"end":{"line":649,"column":35}},{"start":{"line":649,"column":40},"end":{"line":649,"column":71}},{"start":{"line":650,"column":8},"end":{"line":650,"column":77}},{"start":{"line":651,"column":6},"end":{"line":651,"column":37}},{"start":{"line":651,"column":42},"end":{"line":651,"column":111}}]},"97":{"line":666,"type":"binary-expr","locations":[{"start":{"line":666,"column":9},"end":{"line":666,"column":24}},{"start":{"line":666,"column":28},"end":{"line":666,"column":60}},{"start":{"line":666,"column":64},"end":{"line":666,"column":69}}]},"98":{"line":669,"type":"binary-expr","locations":[{"start":{"line":669,"column":10},"end":{"line":669,"column":23}},{"start":{"line":669,"column":27},"end":{"line":669,"column":40}},{"start":{"line":669,"column":44},"end":{"line":669,"column":59}}]},"99":{"line":670,"type":"if","locations":[{"start":{"line":670,"column":4},"end":{"line":670,"column":4}},{"start":{"line":670,"column":4},"end":{"line":670,"column":4}}]},"100":{"line":673,"type":"if","locations":[{"start":{"line":673,"column":4},"end":{"line":673,"column":4}},{"start":{"line":673,"column":4},"end":{"line":673,"column":4}}]},"101":{"line":673,"type":"binary-expr","locations":[{"start":{"line":673,"column":8},"end":{"line":673,"column":34}},{"start":{"line":673,"column":38},"end":{"line":673,"column":51}}]},"102":{"line":677,"type":"if","locations":[{"start":{"line":677,"column":4},"end":{"line":677,"column":4}},{"start":{"line":677,"column":4},"end":{"line":677,"column":4}}]},"103":{"line":677,"type":"binary-expr","locations":[{"start":{"line":677,"column":8},"end":{"line":677,"column":12}},{"start":{"line":677,"column":16},"end":{"line":677,"column":54}}]},"104":{"line":678,"type":"binary-expr","locations":[{"start":{"line":678,"column":12},"end":{"line":678,"column":27}},{"start":{"line":678,"column":31},"end":{"line":678,"column":79}}]},"105":{"line":683,"type":"if","locations":[{"start":{"line":683,"column":3},"end":{"line":683,"column":3}},{"start":{"line":683,"column":3},"end":{"line":683,"column":3}}]},"106":{"line":684,"type":"cond-expr","locations":[{"start":{"line":684,"column":25},"end":{"line":684,"column":47}},{"start":{"line":684,"column":50},"end":{"line":684,"column":56}}]},"107":{"line":685,"type":"if","locations":[{"start":{"line":685,"column":4},"end":{"line":685,"column":4}},{"start":{"line":685,"column":4},"end":{"line":685,"column":4}}]},"108":{"line":685,"type":"binary-expr","locations":[{"start":{"line":685,"column":8},"end":{"line":685,"column":23}},{"start":{"line":685,"column":28},"end":{"line":685,"column":42}},{"start":{"line":685,"column":46},"end":{"line":685,"column":74}}]},"109":{"line":690,"type":"if","locations":[{"start":{"line":690,"column":4},"end":{"line":690,"column":4}},{"start":{"line":690,"column":4},"end":{"line":690,"column":4}}]}}}}