TN:
SF:C:\Applic\Server\DBNode-4.0.0-beta-3\htdocs\__Projects\xassist\dist\xAssist.js
FN:7,(anonymous_1)
FN:11,(anonymous_2)
FN:23,readyHandler
FN:26,(anonymous_4)
FN:33,id
FN:38,ready
FN:53,template
FN:55,(anonymous_8)
FN:57,(anonymous_9)
FN:66,pushUnique
FN:76,groupSequence
FN:79,(anonymous_12)
FN:92,replaceNull
FN:97,(anonymous_14)
FN:103,(anonymous_15)
FN:116,array
FN:124,EventDispatcher
FN:132,(anonymous_18)
FN:143,(anonymous_19)
FN:146,(anonymous_20)
FN:157,(anonymous_21)
FN:169,(anonymous_22)
FN:180,(anonymous_23)
FN:187,(anonymous_24)
FN:189,(anonymous_25)
FN:195,object
FN:198,XaObject
FN:205,_getType
FN:208,_transformType
FN:220,(anonymous_30)
FN:235,(anonymous_31)
FN:242,(anonymous_32)
FN:248,(anonymous_33)
FN:269,(anonymous_34)
FN:272,(anonymous_35)
FN:277,(anonymous_36)
FN:285,(anonymous_37)
FN:287,(anonymous_38)
FN:291,(anonymous_39)
FN:293,(anonymous_40)
FN:297,(anonymous_41)
FN:302,(anonymous_42)
FN:306,(anonymous_43)
FN:312,(anonymous_44)
FN:334,_setOptions
FN:337,_setDelimiter
FN:344,_getReFormat
FN:347,csv
FN:364,_isNumeric
FN:368,_getHeader
FN:375,(anonymous_51)
FN:407,formatResult
FN:414,rowArrayToText
FN:415,(anonymous_54)
FN:419,rowObjectToText
FN:420,(anonymous_56)
FN:424,(anonymous_57)
FN:426,(anonymous_58)
FN:433,valueToText
FN:442,arrayToObject
FN:446,(anonymous_61)
FN:452,(anonymous_62)
FN:453,(anonymous_63)
FN:461,toArray
FN:480,toObject
FN:500,(anonymous_66)
FN:505,fromObject
FN:511,(anonymous_68)
FN:516,(anonymous_69)
FN:522,fromArray
FN:524,(anonymous_71)
FN:541,csvParser
FN:551,parseRows
FN:564,setError
FN:573,getNextValue
FN:584,checkCRLF
FN:641,getResult
FN:643,(anonymous_78)
FN:656,(anonymous_79)
FN:702,getDecimal
FN:734,_parseDurationString
FN:748,(anonymous_82)
FN:752,XaDuration
FN:767,(anonymous_84)
FN:781,(anonymous_85)
FN:837,(anonymous_86)
FN:859,(anonymous_87)
FN:879,(anonymous_88)
FN:900,(anonymous_89)
FN:911,(anonymous_90)
FN:920,(anonymous_91)
FN:934,(anonymous_92)
FN:965,(anonymous_93)
FN:972,(anonymous_94)
FN:982,(anonymous_95)
FN:994,(anonymous_96)
FN:1015,(anonymous_97)
FN:1026,(anonymous_98)
FN:1037,(anonymous_99)
FN:1122,(anonymous_100)
FN:1138,(anonymous_101)
FN:1151,(anonymous_102)
FN:1155,(anonymous_103)
FN:1160,(anonymous_104)
FN:1180,(anonymous_105)
FN:1190,(anonymous_106)
FN:1200,(anonymous_107)
FN:1215,(anonymous_108)
FN:1238,XaDate
FN:1246,(anonymous_110)
FN:1256,(anonymous_111)
FN:1260,(anonymous_112)
FN:1264,(anonymous_113)
FN:1272,(anonymous_114)
FN:1290,(anonymous_115)
FN:1331,(anonymous_116)
FN:1332,(anonymous_117)
FN:1333,(anonymous_118)
FN:1334,(anonymous_119)
FN:1335,(anonymous_120)
FN:1338,(anonymous_121)
FN:1339,(anonymous_122)
FN:1340,(anonymous_123)
FN:1341,(anonymous_124)
FN:1342,(anonymous_125)
FN:1345,(anonymous_126)
FN:1346,(anonymous_127)
FN:1361,(anonymous_128)
FN:1362,(anonymous_129)
FN:1365,(anonymous_130)
FN:1369,getFormattedString
FN:1396,(anonymous_132)
FN:1406,(anonymous_133)
FN:1418,(anonymous_134)
FN:1446,(anonymous_135)
FN:1461,(anonymous_136)
FN:1476,(anonymous_137)
FN:1484,(anonymous_138)
FN:1492,(anonymous_139)
FN:1500,(anonymous_140)
FN:1508,(anonymous_141)
FN:1517,dom
FN:1520,XaDOMelement
FN:1526,(anonymous_144)
FN:1530,(anonymous_145)
FN:1534,(anonymous_146)
FN:1537,(anonymous_147)
FN:1541,(anonymous_148)
FN:1550,(anonymous_149)
FN:1554,(anonymous_150)
FN:1563,(anonymous_151)
FN:1567,(anonymous_152)
FN:1586,(anonymous_153)
FN:1601,(anonymous_154)
FN:1609,XaAggregator
FN:1610,(anonymous_156)
FN:1611,(anonymous_157)
FN:1612,(anonymous_158)
FN:1613,(anonymous_159)
FN:1617,(anonymous_160)
FN:1621,(anonymous_161)
FN:1626,(anonymous_162)
FN:1630,(anonymous_163)
FN:1636,(anonymous_164)
FN:1643,count
FN:1647,sum
FN:1650,(anonymous_167)
FN:1651,(anonymous_168)
FN:1654,(anonymous_169)
FN:1655,(anonymous_170)
FN:1665,average
FN:1668,(anonymous_172)
FN:1669,(anonymous_173)
FN:1672,(anonymous_174)
FN:1673,(anonymous_175)
FN:1676,(anonymous_176)
FN:1682,(anonymous_177)
FN:1686,wellford
FN:1694,getEstimatorsWelford
FN:1712,simpleStats
FN:1717,(anonymous_181)
FN:1719,(anonymous_182)
FN:1722,(anonymous_183)
FN:1725,(anonymous_184)
FN:1733,(anonymous_185)
FN:1737,addCountUnique
FN:1748,removeCountUnique
FN:1755,(anonymous_188)
FN:1768,initCountUnique
FN:1774,countUnique
FN:1781,(anonymous_191)
FN:1782,(anonymous_192)
FN:1788,(anonymous_193)
FN:1794,listValues
FN:1806,(anonymous_195)
FN:1807,(anonymous_196)
FN:1817,(anonymous_197)
FN:1818,(anonymous_198)
FN:1833,createAggregator
FN:1846,(anonymous_200)
FN:1849,(anonymous_201)
FN:1852,(anonymous_202)
FN:1855,(anonymous_203)
FN:1873,(anonymous_204)
FN:1876,(anonymous_205)
FN:1889,getAbsoluteURL
FN:1905,xassistAjax
FN:1909,(anonymous_208)
FN:1927,(anonymous_209)
FN:1931,(anonymous_210)
FN:1935,(anonymous_211)
FN:1939,(anonymous_212)
FN:1943,(anonymous_213)
FN:1944,(anonymous_214)
FN:1953,(anonymous_215)
FN:1954,(anonymous_216)
FN:1959,AJAXHandler
FN:1982,(anonymous_218)
FN:1997,(anonymous_219)
FN:2012,(anonymous_220)
FN:2027,(anonymous_221)
FN:2042,(anonymous_222)
FN:2050,(anonymous_223)
FN:2057,(anonymous_224)
FN:2072,(anonymous_225)
FN:2075,(anonymous_226)
FN:2078,(anonymous_227)
FN:2110,(anonymous_228)
FN:2128,(anonymous_229)
FN:2132,(anonymous_230)
FN:2177,version$1
FNF:231
FNH:4
FNDA:1,(anonymous_1)
FNDA:1,(anonymous_2)
FNDA:0,readyHandler
FNDA:0,(anonymous_4)
FNDA:0,id
FNDA:0,ready
FNDA:0,template
FNDA:0,(anonymous_8)
FNDA:0,(anonymous_9)
FNDA:0,pushUnique
FNDA:0,groupSequence
FNDA:0,(anonymous_12)
FNDA:0,replaceNull
FNDA:0,(anonymous_14)
FNDA:0,(anonymous_15)
FNDA:0,array
FNDA:0,EventDispatcher
FNDA:0,(anonymous_18)
FNDA:0,(anonymous_19)
FNDA:0,(anonymous_20)
FNDA:0,(anonymous_21)
FNDA:0,(anonymous_22)
FNDA:0,(anonymous_23)
FNDA:0,(anonymous_24)
FNDA:0,(anonymous_25)
FNDA:0,object
FNDA:0,XaObject
FNDA:0,_getType
FNDA:0,_transformType
FNDA:0,(anonymous_30)
FNDA:0,(anonymous_31)
FNDA:0,(anonymous_32)
FNDA:0,(anonymous_33)
FNDA:0,(anonymous_34)
FNDA:0,(anonymous_35)
FNDA:0,(anonymous_36)
FNDA:0,(anonymous_37)
FNDA:0,(anonymous_38)
FNDA:0,(anonymous_39)
FNDA:0,(anonymous_40)
FNDA:0,(anonymous_41)
FNDA:0,(anonymous_42)
FNDA:0,(anonymous_43)
FNDA:0,(anonymous_44)
FNDA:0,_setOptions
FNDA:0,_setDelimiter
FNDA:0,_getReFormat
FNDA:0,csv
FNDA:0,_isNumeric
FNDA:0,_getHeader
FNDA:0,(anonymous_51)
FNDA:0,formatResult
FNDA:0,rowArrayToText
FNDA:0,(anonymous_54)
FNDA:0,rowObjectToText
FNDA:0,(anonymous_56)
FNDA:0,(anonymous_57)
FNDA:0,(anonymous_58)
FNDA:0,valueToText
FNDA:0,arrayToObject
FNDA:0,(anonymous_61)
FNDA:0,(anonymous_62)
FNDA:0,(anonymous_63)
FNDA:0,toArray
FNDA:0,toObject
FNDA:0,(anonymous_66)
FNDA:0,fromObject
FNDA:0,(anonymous_68)
FNDA:0,(anonymous_69)
FNDA:0,fromArray
FNDA:0,(anonymous_71)
FNDA:0,csvParser
FNDA:0,parseRows
FNDA:0,setError
FNDA:0,getNextValue
FNDA:0,checkCRLF
FNDA:0,getResult
FNDA:0,(anonymous_78)
FNDA:0,(anonymous_79)
FNDA:0,getDecimal
FNDA:0,_parseDurationString
FNDA:0,(anonymous_82)
FNDA:0,XaDuration
FNDA:0,(anonymous_84)
FNDA:0,(anonymous_85)
FNDA:0,(anonymous_86)
FNDA:0,(anonymous_87)
FNDA:0,(anonymous_88)
FNDA:0,(anonymous_89)
FNDA:0,(anonymous_90)
FNDA:0,(anonymous_91)
FNDA:0,(anonymous_92)
FNDA:0,(anonymous_93)
FNDA:0,(anonymous_94)
FNDA:0,(anonymous_95)
FNDA:0,(anonymous_96)
FNDA:0,(anonymous_97)
FNDA:0,(anonymous_98)
FNDA:0,(anonymous_99)
FNDA:0,(anonymous_100)
FNDA:0,(anonymous_101)
FNDA:0,(anonymous_102)
FNDA:0,(anonymous_103)
FNDA:0,(anonymous_104)
FNDA:0,(anonymous_105)
FNDA:0,(anonymous_106)
FNDA:0,(anonymous_107)
FNDA:0,(anonymous_108)
FNDA:0,XaDate
FNDA:0,(anonymous_110)
FNDA:0,(anonymous_111)
FNDA:0,(anonymous_112)
FNDA:0,(anonymous_113)
FNDA:0,(anonymous_114)
FNDA:0,(anonymous_115)
FNDA:0,(anonymous_116)
FNDA:0,(anonymous_117)
FNDA:0,(anonymous_118)
FNDA:0,(anonymous_119)
FNDA:0,(anonymous_120)
FNDA:0,(anonymous_121)
FNDA:0,(anonymous_122)
FNDA:0,(anonymous_123)
FNDA:0,(anonymous_124)
FNDA:0,(anonymous_125)
FNDA:0,(anonymous_126)
FNDA:0,(anonymous_127)
FNDA:0,(anonymous_128)
FNDA:0,(anonymous_129)
FNDA:0,(anonymous_130)
FNDA:0,getFormattedString
FNDA:0,(anonymous_132)
FNDA:0,(anonymous_133)
FNDA:0,(anonymous_134)
FNDA:0,(anonymous_135)
FNDA:0,(anonymous_136)
FNDA:0,(anonymous_137)
FNDA:0,(anonymous_138)
FNDA:0,(anonymous_139)
FNDA:0,(anonymous_140)
FNDA:0,(anonymous_141)
FNDA:0,dom
FNDA:0,XaDOMelement
FNDA:0,(anonymous_144)
FNDA:0,(anonymous_145)
FNDA:0,(anonymous_146)
FNDA:0,(anonymous_147)
FNDA:0,(anonymous_148)
FNDA:0,(anonymous_149)
FNDA:0,(anonymous_150)
FNDA:0,(anonymous_151)
FNDA:0,(anonymous_152)
FNDA:0,(anonymous_153)
FNDA:0,(anonymous_154)
FNDA:0,XaAggregator
FNDA:0,(anonymous_156)
FNDA:0,(anonymous_157)
FNDA:0,(anonymous_158)
FNDA:0,(anonymous_159)
FNDA:0,(anonymous_160)
FNDA:0,(anonymous_161)
FNDA:0,(anonymous_162)
FNDA:0,(anonymous_163)
FNDA:0,(anonymous_164)
FNDA:0,count
FNDA:0,sum
FNDA:0,(anonymous_167)
FNDA:0,(anonymous_168)
FNDA:0,(anonymous_169)
FNDA:0,(anonymous_170)
FNDA:0,average
FNDA:0,(anonymous_172)
FNDA:0,(anonymous_173)
FNDA:0,(anonymous_174)
FNDA:0,(anonymous_175)
FNDA:0,(anonymous_176)
FNDA:0,(anonymous_177)
FNDA:0,wellford
FNDA:0,getEstimatorsWelford
FNDA:0,simpleStats
FNDA:0,(anonymous_181)
FNDA:0,(anonymous_182)
FNDA:0,(anonymous_183)
FNDA:0,(anonymous_184)
FNDA:0,(anonymous_185)
FNDA:0,addCountUnique
FNDA:0,removeCountUnique
FNDA:0,(anonymous_188)
FNDA:0,initCountUnique
FNDA:0,countUnique
FNDA:0,(anonymous_191)
FNDA:0,(anonymous_192)
FNDA:0,(anonymous_193)
FNDA:0,listValues
FNDA:0,(anonymous_195)
FNDA:0,(anonymous_196)
FNDA:0,(anonymous_197)
FNDA:0,(anonymous_198)
FNDA:0,createAggregator
FNDA:1,(anonymous_200)
FNDA:1,(anonymous_201)
FNDA:0,(anonymous_202)
FNDA:0,(anonymous_203)
FNDA:0,(anonymous_204)
FNDA:0,(anonymous_205)
FNDA:0,getAbsoluteURL
FNDA:0,xassistAjax
FNDA:0,(anonymous_208)
FNDA:0,(anonymous_209)
FNDA:0,(anonymous_210)
FNDA:0,(anonymous_211)
FNDA:0,(anonymous_212)
FNDA:0,(anonymous_213)
FNDA:0,(anonymous_214)
FNDA:0,(anonymous_215)
FNDA:0,(anonymous_216)
FNDA:0,AJAXHandler
FNDA:0,(anonymous_218)
FNDA:0,(anonymous_219)
FNDA:0,(anonymous_220)
FNDA:0,(anonymous_221)
FNDA:0,(anonymous_222)
FNDA:0,(anonymous_223)
FNDA:0,(anonymous_224)
FNDA:0,(anonymous_225)
FNDA:0,(anonymous_226)
FNDA:0,(anonymous_227)
FNDA:0,(anonymous_228)
FNDA:0,(anonymous_229)
FNDA:0,(anonymous_230)
FNDA:0,version$1
DA:7,1
DA:8,1
DA:13,1
DA:15,1
DA:19,1
DA:20,1
DA:23,1
DA:25,0
DA:26,0
DA:27,0
DA:30,0
DA:31,0
DA:33,1
DA:35,0
DA:38,1
DA:40,0
DA:41,0
DA:44,0
DA:45,0
DA:49,0
DA:53,1
DA:54,0
DA:55,0
DA:57,0
DA:58,0
DA:59,0
DA:61,0
DA:66,1
DA:67,0
DA:68,0
DA:69,0
DA:73,0
DA:76,1
DA:79,0
DA:81,0
DA:83,0
DA:87,0
DA:89,0
DA:92,1
DA:95,0
DA:96,0
DA:97,0
DA:99,0
DA:100,0
DA:103,0
DA:105,0
DA:106,0
DA:107,0
DA:108,0
DA:111,0
DA:114,0
DA:116,1
DA:117,0
DA:124,1
DA:125,0
DA:126,0
DA:129,0
DA:132,1
DA:133,0
DA:134,0
DA:140,0
DA:143,1
DA:144,0
DA:146,1
DA:147,0
DA:150,0
DA:151,0
DA:153,0
DA:154,0
DA:157,1
DA:158,0
DA:162,0
DA:163,0
DA:165,0
DA:166,0
DA:169,1
DA:170,0
DA:171,0
DA:172,0
DA:173,0
DA:174,0
DA:175,0
DA:180,0
DA:181,0
DA:187,1
DA:188,0
DA:189,0
DA:190,0
DA:195,1
DA:196,0
DA:198,1
DA:199,0
DA:200,0
DA:201,0
DA:203,1
DA:204,1
DA:205,1
DA:206,0
DA:208,1
DA:209,0
DA:210,0
DA:212,0
DA:213,0
DA:215,0
DA:216,0
DA:218,0
DA:220,1
DA:222,0
DA:224,0
DA:225,0
DA:227,0
DA:228,0
DA:229,0
DA:230,0
DA:232,0
DA:233,0
DA:234,0
DA:236,0
DA:237,0
DA:238,0
DA:239,0
DA:243,0
DA:248,1
DA:249,0
DA:250,0
DA:252,0
DA:253,0
DA:255,0
DA:256,0
DA:257,0
DA:258,0
DA:259,0
DA:261,0
DA:262,0
DA:267,0
DA:269,1
DA:270,0
DA:272,1
DA:273,0
DA:276,0
DA:277,0
DA:278,0
DA:279,0
DA:283,0
DA:285,1
DA:286,0
DA:287,0
DA:288,0
DA:291,1
DA:292,0
DA:293,0
DA:294,0
DA:297,1
DA:298,0
DA:299,0
DA:300,0
DA:302,0
DA:303,0
DA:306,1
DA:307,0
DA:308,0
DA:309,0
DA:311,0
DA:312,0
DA:313,0
DA:315,0
DA:318,1
DA:319,1
DA:330,1
DA:334,1
DA:335,0
DA:337,1
DA:338,0
DA:339,0
DA:340,0
DA:342,0
DA:344,1
DA:345,0
DA:347,1
DA:348,0
DA:352,0
DA:353,0
DA:354,0
DA:355,0
DA:357,0
DA:359,0
DA:360,0
DA:361,0
DA:362,0
DA:364,1
DA:366,0
DA:368,1
DA:369,0
DA:370,0
DA:371,0
DA:373,0
DA:375,0
DA:377,0
DA:379,0
DA:380,0
DA:382,0
DA:383,0
DA:384,0
DA:385,0
DA:388,0
DA:389,0
DA:390,0
DA:391,0
DA:394,0
DA:395,0
DA:400,0
DA:402,0
DA:405,0
DA:407,1
DA:408,0
DA:409,0
DA:410,0
DA:412,0
DA:414,1
DA:415,0
DA:416,0
DA:419,1
DA:420,0
DA:421,0
DA:422,0
DA:424,0
DA:425,0
DA:426,0
DA:427,0
DA:428,0
DA:430,0
DA:433,1
DA:436,0
DA:437,0
DA:439,0
DA:442,1
DA:443,0
DA:444,0
DA:446,0
DA:447,0
DA:448,0
DA:450,0
DA:452,0
DA:453,0
DA:454,0
DA:455,0
DA:456,0
DA:461,1
DA:464,0
DA:465,0
DA:466,0
DA:467,0
DA:468,0
DA:471,0
DA:475,0
DA:477,0
DA:478,0
DA:480,1
DA:483,0
DA:486,0
DA:487,0
DA:488,0
DA:489,0
DA:492,0
DA:496,0
DA:498,0
DA:499,0
DA:500,0
DA:501,0
DA:503,0
DA:505,1
DA:506,0
DA:509,0
DA:510,0
DA:511,0
DA:512,0
DA:514,0
DA:515,0
DA:516,0
DA:517,0
DA:522,1
DA:523,0
DA:525,0
DA:527,0
DA:528,0
DA:533,0
DA:541,1
DA:543,0
DA:544,0
DA:545,0
DA:546,0
DA:547,0
DA:548,0
DA:549,0
DA:550,0
DA:551,1
DA:552,0
DA:564,1
DA:565,0
DA:570,0
DA:573,1
DA:574,0
DA:578,0
DA:579,0
DA:580,0
DA:581,0
DA:582,0
DA:584,1
DA:590,0
DA:591,0
DA:593,0
DA:594,0
DA:596,0
DA:597,0
DA:599,0
DA:601,0
DA:602,0
DA:603,0
DA:604,0
DA:605,0
DA:606,0
DA:607,0
DA:608,0
DA:610,0
DA:611,0
DA:612,0
DA:613,0
DA:614,0
DA:616,0
DA:617,0
DA:618,0
DA:620,0
DA:621,0
DA:623,0
DA:624,0
DA:625,0
DA:628,0
DA:629,0
DA:634,0
DA:635,0
DA:639,0
DA:641,1
DA:642,0
DA:643,0
DA:644,0
DA:646,0
DA:647,0
DA:648,0
DA:652,0
DA:655,0
DA:657,0
DA:666,0
DA:667,0
DA:668,0
DA:669,0
DA:670,0
DA:671,0
DA:673,0
DA:674,0
DA:676,0
DA:677,0
DA:678,0
DA:679,0
DA:681,0
DA:683,0
DA:684,0
DA:685,0
DA:687,0
DA:689,0
DA:690,0
DA:691,0
DA:692,0
DA:695,0
DA:697,0
DA:702,1
DA:703,0
DA:707,1
DA:734,1
DA:735,0
DA:739,0
DA:742,0
DA:743,0
DA:746,0
DA:748,1
DA:750,0
DA:752,1
DA:754,0
DA:755,0
DA:756,0
DA:757,0
DA:758,0
DA:759,0
DA:760,0
DA:761,0
DA:763,0
DA:766,1
DA:767,1
DA:768,0
DA:769,0
DA:770,0
DA:772,0
DA:774,0
DA:776,0
DA:777,0
DA:780,0
DA:781,0
DA:783,0
DA:784,0
DA:803,1
DA:837,1
DA:838,0
DA:842,0
DA:847,0
DA:848,0
DA:851,0
DA:859,1
DA:860,0
DA:861,0
DA:862,0
DA:863,0
DA:864,0
DA:865,0
DA:866,0
DA:867,0
DA:868,0
DA:869,0
DA:870,0
DA:876,0
DA:877,0
DA:879,1
DA:880,0
DA:881,0
DA:882,0
DA:883,0
DA:884,0
DA:885,0
DA:886,0
DA:887,0
DA:888,0
DA:889,0
DA:890,0
DA:893,0
DA:894,0
DA:897,0
DA:898,0
DA:900,1
DA:901,0
DA:902,0
DA:908,0
DA:911,1
DA:913,0
DA:914,0
DA:915,0
DA:916,0
DA:918,0
DA:920,1
DA:921,0
DA:922,0
DA:923,0
DA:924,0
DA:925,0
DA:926,0
DA:929,0
DA:930,0
DA:932,0
DA:934,1
DA:939,0
DA:945,0
DA:946,0
DA:948,0
DA:949,0
DA:950,0
DA:952,0
DA:953,0
DA:954,0
DA:955,0
DA:956,0
DA:957,0
DA:963,0
DA:964,0
DA:965,0
DA:967,0
DA:968,0
DA:970,0
DA:972,1
DA:973,0
DA:974,0
DA:975,0
DA:976,0
DA:977,0
DA:980,0
DA:982,1
DA:984,0
DA:985,0
DA:986,0
DA:987,0
DA:990,0
DA:994,1
DA:995,0
DA:996,0
DA:997,0
DA:998,0
DA:1001,1
DA:1020,0
DA:1021,0
DA:1022,0
DA:1024,0
DA:1027,0
DA:1028,0
DA:1029,0
DA:1030,0
DA:1031,0
DA:1034,0
DA:1038,0
DA:1040,0
DA:1042,0
DA:1045,0
DA:1049,0
DA:1122,1
DA:1123,0
DA:1125,0
DA:1126,0
DA:1128,0
DA:1129,0
DA:1130,0
DA:1131,0
DA:1133,0
DA:1134,0
DA:1135,0
DA:1136,0
DA:1138,1
DA:1139,0
DA:1140,0
DA:1141,0
DA:1143,0
DA:1144,0
DA:1145,0
DA:1146,0
DA:1147,0
DA:1148,0
DA:1149,0
DA:1151,1
DA:1152,0
DA:1155,1
DA:1156,0
DA:1160,1
DA:1161,0
DA:1167,0
DA:1168,0
DA:1170,0
DA:1171,0
DA:1174,0
DA:1175,0
DA:1176,0
DA:1177,0
DA:1178,0
DA:1179,0
DA:1180,0
DA:1181,0
DA:1183,0
DA:1184,0
DA:1185,0
DA:1190,0
DA:1191,0
DA:1192,0
DA:1195,0
DA:1196,0
DA:1197,0
DA:1198,0
DA:1199,0
DA:1200,0
DA:1201,0
DA:1202,0
DA:1203,0
DA:1204,0
DA:1206,0
DA:1211,0
DA:1215,1
DA:1216,0
DA:1217,0
DA:1220,0
DA:1221,0
DA:1225,0
DA:1226,0
DA:1227,0
DA:1232,0
DA:1235,0
DA:1238,1
DA:1239,0
DA:1241,0
DA:1242,0
DA:1245,1
DA:1246,1
DA:1247,0
DA:1252,1
DA:1253,1
DA:1254,1
DA:1255,1
DA:1256,1
DA:1257,0
DA:1259,1
DA:1260,1
DA:1261,0
DA:1263,1
DA:1264,1
DA:1265,0
DA:1266,0
DA:1267,0
DA:1268,0
DA:1269,0
DA:1270,0
DA:1272,1
DA:1274,0
DA:1275,0
DA:1276,0
DA:1277,0
DA:1278,0
DA:1280,0
DA:1282,0
DA:1283,0
DA:1284,0
DA:1285,0
DA:1290,1
DA:1329,0
DA:1331,0
DA:1332,0
DA:1333,0
DA:1334,0
DA:1335,0
DA:1338,0
DA:1339,0
DA:1340,0
DA:1341,0
DA:1342,0
DA:1345,0
DA:1346,0
DA:1361,0
DA:1362,0
DA:1365,0
DA:1368,0
DA:1369,1
DA:1370,0
DA:1371,0
DA:1372,0
DA:1373,0
DA:1375,0
DA:1376,0
DA:1378,0
DA:1379,0
DA:1381,0
DA:1382,0
DA:1384,0
DA:1385,0
DA:1387,0
DA:1388,0
DA:1390,0
DA:1391,0
DA:1395,0
DA:1396,0
DA:1397,0
DA:1398,0
DA:1399,0
DA:1402,0
DA:1406,1
DA:1407,0
DA:1409,0
DA:1411,0
DA:1412,0
DA:1414,0
DA:1418,1
DA:1420,0
DA:1421,0
DA:1422,0
DA:1423,0
DA:1424,0
DA:1427,0
DA:1428,0
DA:1431,0
DA:1432,0
DA:1433,0
DA:1434,0
DA:1437,0
DA:1438,0
DA:1439,0
DA:1440,0
DA:1441,0
DA:1444,0
DA:1446,1
DA:1448,0
DA:1449,0
DA:1450,0
DA:1452,0
DA:1453,0
DA:1454,0
DA:1455,0
DA:1456,0
DA:1457,0
DA:1459,0
DA:1461,1
DA:1463,0
DA:1464,0
DA:1465,0
DA:1467,0
DA:1469,0
DA:1471,0
DA:1472,0
DA:1474,0
DA:1476,1
DA:1478,0
DA:1479,0
DA:1481,0
DA:1482,0
DA:1484,1
DA:1486,0
DA:1487,0
DA:1489,0
DA:1490,0
DA:1492,1
DA:1494,0
DA:1495,0
DA:1497,0
DA:1498,0
DA:1500,1
DA:1502,0
DA:1503,0
DA:1505,0
DA:1506,0
DA:1508,1
DA:1510,0
DA:1511,0
DA:1513,0
DA:1514,0
DA:1517,1
DA:1518,0
DA:1520,1
DA:1521,0
DA:1525,1
DA:1527,0
DA:1528,0
DA:1531,0
DA:1532,0
DA:1535,0
DA:1538,0
DA:1539,0
DA:1542,0
DA:1543,0
DA:1544,0
DA:1547,0
DA:1551,0
DA:1552,0
DA:1555,0
DA:1557,0
DA:1558,0
DA:1559,0
DA:1561,0
DA:1565,0
DA:1569,0
DA:1573,0
DA:1575,0
DA:1577,0
DA:1578,0
DA:1583,0
DA:1584,0
DA:1586,0
DA:1587,0
DA:1588,0
DA:1593,0
DA:1598,0
DA:1599,0
DA:1600,0
DA:1601,0
DA:1602,0
DA:1605,0
DA:1609,1
DA:1610,0
DA:1611,0
DA:1612,0
DA:1613,0
DA:1615,0
DA:1617,1
DA:1618,0
DA:1619,0
DA:1621,1
DA:1623,0
DA:1624,0
DA:1626,1
DA:1627,0
DA:1628,0
DA:1630,1
DA:1631,0
DA:1632,0
DA:1634,0
DA:1636,1
DA:1637,0
DA:1638,0
DA:1640,0
DA:1643,1
DA:1644,0
DA:1647,1
DA:1648,0
DA:1649,0
DA:1650,0
DA:1651,0
DA:1654,0
DA:1655,0
DA:1657,0
DA:1665,1
DA:1666,0
DA:1667,0
DA:1668,0
DA:1669,0
DA:1672,0
DA:1673,0
DA:1675,0
DA:1677,0
DA:1682,0
DA:1686,1
DA:1687,0
DA:1688,0
DA:1689,0
DA:1690,0
DA:1691,0
DA:1692,0
DA:1694,1
DA:1695,0
DA:1696,0
DA:1697,0
DA:1699,0
DA:1700,0
DA:1701,0
DA:1702,0
DA:1712,1
DA:1716,0
DA:1717,0
DA:1718,0
DA:1719,0
DA:1722,0
DA:1724,0
DA:1726,0
DA:1733,0
DA:1737,1
DA:1738,0
DA:1739,0
DA:1740,0
DA:1744,0
DA:1746,0
DA:1748,1
DA:1749,0
DA:1750,0
DA:1751,0
DA:1752,0
DA:1753,0
DA:1754,0
DA:1755,0
DA:1757,0
DA:1758,0
DA:1766,0
DA:1768,1
DA:1769,0
DA:1774,1
DA:1775,0
DA:1776,0
DA:1777,0
DA:1778,0
DA:1781,0
DA:1782,0
DA:1784,0
DA:1789,0
DA:1794,1
DA:1795,0
DA:1800,0
DA:1801,0
DA:1802,0
DA:1803,0
DA:1806,0
DA:1807,0
DA:1808,0
DA:1810,0
DA:1811,0
DA:1812,0
DA:1813,0
DA:1818,0
DA:1819,0
DA:1820,0
DA:1822,0
DA:1823,0
DA:1826,0
DA:1833,1
DA:1834,0
DA:1837,1
DA:1838,1
DA:1839,1
DA:1840,1
DA:1841,1
DA:1842,1
DA:1843,1
DA:1844,1
DA:1846,1
DA:1847,1
DA:1848,1
DA:1850,1
DA:1853,0
DA:1856,0
DA:1859,1
DA:1860,1
DA:1861,1
DA:1863,0
DA:1867,1
DA:1870,0
DA:1873,0
DA:1877,0
DA:1880,0
DA:1881,0
DA:1883,0
DA:1889,1
DA:1890,0
DA:1897,0
DA:1898,0
DA:1899,0
DA:1901,0
DA:1902,0
DA:1903,0
DA:1905,1
DA:1906,0
DA:1907,0
DA:1908,0
DA:1910,0
DA:1911,0
DA:1913,0
DA:1914,0
DA:1916,0
DA:1917,0
DA:1919,0
DA:1920,0
DA:1923,0
DA:1925,0
DA:1928,0
DA:1929,0
DA:1932,0
DA:1933,0
DA:1936,0
DA:1937,0
DA:1940,0
DA:1941,0
DA:1943,0
DA:1946,0
DA:1947,0
DA:1948,0
DA:1951,0
DA:1953,0
DA:1954,0
DA:1956,0
DA:1959,1
DA:1960,0
DA:1961,0
DA:1967,0
DA:1968,0
DA:1970,0
DA:1971,0
DA:1973,0
DA:1974,0
DA:1975,0
DA:1977,0
DA:1978,0
DA:1980,0
DA:1982,1
DA:1983,0
DA:1984,0
DA:1987,0
DA:1989,0
DA:1993,0
DA:1997,1
DA:1998,0
DA:1999,0
DA:2002,0
DA:2004,0
DA:2008,0
DA:2012,1
DA:2013,0
DA:2014,0
DA:2017,0
DA:2019,0
DA:2023,0
DA:2027,1
DA:2028,0
DA:2029,0
DA:2032,0
DA:2038,0
DA:2042,1
DA:2043,0
DA:2050,1
DA:2051,0
DA:2052,0
DA:2053,0
DA:2055,0
DA:2057,1
DA:2058,0
DA:2059,0
DA:2068,0
DA:2069,0
DA:2072,1
DA:2073,0
DA:2075,1
DA:2076,0
DA:2078,1
DA:2079,0
DA:2080,0
DA:2082,0
DA:2083,0
DA:2087,0
DA:2089,0
DA:2090,0
DA:2093,0
DA:2094,0
DA:2096,0
DA:2097,0
DA:2098,0
DA:2100,0
DA:2102,0
DA:2106,0
DA:2108,0
DA:2110,1
DA:2112,0
DA:2113,0
DA:2114,0
DA:2115,0
DA:2119,0
DA:2120,0
DA:2124,0
DA:2126,0
DA:2128,1
DA:2129,0
DA:2130,0
DA:2131,0
DA:2132,0
DA:2133,0
DA:2177,1
DA:2179,1
DA:2180,1
DA:2181,1
DA:2182,1
DA:2183,1
DA:2184,1
DA:2185,1
DA:2186,1
DA:2187,1
DA:2188,1
DA:2189,1
DA:2190,1
DA:2192,1
LF:1050
LH:174
BRDA:8,1,0,1
BRDA:8,1,1,0
BRDA:8,2,0,1
BRDA:8,2,1,1
BRDA:9,3,0,0
BRDA:9,3,1,0
BRDA:9,4,0,0
BRDA:9,4,1,0
BRDA:10,5,0,0
BRDA:10,5,1,0
BRDA:19,6,0,1
BRDA:19,6,1,0
BRDA:35,7,0,0
BRDA:35,7,1,0
BRDA:40,8,0,0
BRDA:40,8,1,0
BRDA:44,9,0,0
BRDA:44,9,1,0
BRDA:54,10,0,0
BRDA:54,10,1,0
BRDA:58,11,0,0
BRDA:58,11,1,0
BRDA:67,12,0,0
BRDA:67,12,1,0
BRDA:68,13,0,0
BRDA:68,13,1,0
BRDA:68,14,0,0
BRDA:68,14,1,0
BRDA:81,15,0,0
BRDA:81,15,1,0
BRDA:81,16,0,0
BRDA:81,16,1,0
BRDA:96,17,0,0
BRDA:96,17,1,0
BRDA:99,18,0,0
BRDA:99,18,1,0
BRDA:107,19,0,0
BRDA:107,19,1,0
BRDA:107,20,0,0
BRDA:107,20,1,0
BRDA:125,21,0,0
BRDA:125,21,1,0
BRDA:133,22,0,0
BRDA:133,22,1,0
BRDA:135,23,0,0
BRDA:135,23,1,0
BRDA:150,24,0,0
BRDA:150,24,1,0
BRDA:150,25,0,0
BRDA:150,25,1,0
BRDA:153,26,0,0
BRDA:153,26,1,0
BRDA:162,27,0,0
BRDA:162,27,1,0
BRDA:162,28,0,0
BRDA:162,28,1,0
BRDA:165,29,0,0
BRDA:165,29,1,0
BRDA:172,30,0,0
BRDA:172,30,1,0
BRDA:176,31,0,0
BRDA:176,31,1,0
BRDA:188,32,0,0
BRDA:188,32,1,0
BRDA:209,33,0,0
BRDA:209,33,1,0
BRDA:212,34,0,0
BRDA:212,34,1,0
BRDA:215,35,0,0
BRDA:215,35,1,0
BRDA:224,36,0,0
BRDA:224,36,1,0
BRDA:224,37,0,0
BRDA:224,37,1,0
BRDA:227,38,0,0
BRDA:227,38,1,0
BRDA:233,39,0,0
BRDA:233,39,1,0
BRDA:238,40,0,0
BRDA:238,40,1,0
BRDA:249,41,0,0
BRDA:249,41,1,0
BRDA:252,42,0,0
BRDA:252,42,1,0
BRDA:258,43,0,0
BRDA:258,43,1,0
BRDA:261,44,0,0
BRDA:261,44,1,0
BRDA:276,45,0,0
BRDA:276,45,1,0
BRDA:278,46,0,0
BRDA:278,46,1,0
BRDA:299,47,0,0
BRDA:299,47,1,0
BRDA:308,48,0,0
BRDA:308,48,1,0
BRDA:352,49,0,0
BRDA:352,49,1,0
BRDA:353,50,0,0
BRDA:353,50,1,0
BRDA:359,51,0,0
BRDA:359,51,1,0
BRDA:366,52,0,0
BRDA:366,52,1,0
BRDA:371,53,0,0
BRDA:371,53,1,0
BRDA:373,54,0,0
BRDA:373,54,1,0
BRDA:380,55,0,0
BRDA:380,55,1,0
BRDA:383,56,0,0
BRDA:383,56,1,0
BRDA:389,57,0,0
BRDA:389,57,1,0
BRDA:389,58,0,0
BRDA:389,58,1,0
BRDA:409,59,0,0
BRDA:409,59,1,0
BRDA:427,60,0,0
BRDA:427,60,1,0
BRDA:436,61,0,0
BRDA:436,61,1,0
BRDA:439,62,0,0
BRDA:439,62,1,0
BRDA:443,63,0,0
BRDA:443,63,1,0
BRDA:444,64,0,0
BRDA:444,64,1,0
BRDA:454,65,0,0
BRDA:454,65,1,0
BRDA:465,66,0,0
BRDA:465,66,1,0
BRDA:467,67,0,0
BRDA:467,67,1,0
BRDA:477,68,0,0
BRDA:477,68,1,0
BRDA:486,69,0,0
BRDA:486,69,1,0
BRDA:488,70,0,0
BRDA:488,70,1,0
BRDA:498,71,0,0
BRDA:498,71,1,0
BRDA:500,72,0,0
BRDA:500,72,1,0
BRDA:509,73,0,0
BRDA:509,73,1,0
BRDA:514,74,0,0
BRDA:514,74,1,0
BRDA:527,75,0,0
BRDA:527,75,1,0
BRDA:550,76,0,0
BRDA:550,76,1,0
BRDA:558,77,0,0
BRDA:558,77,1,0
BRDA:579,78,0,0
BRDA:579,78,1,0
BRDA:581,79,0,0
BRDA:581,79,1,0
BRDA:590,80,0,0
BRDA:590,80,1,0
BRDA:593,81,0,0
BRDA:593,81,1,0
BRDA:596,82,0,0
BRDA:596,82,1,0
BRDA:603,83,0,0
BRDA:603,83,1,0
BRDA:605,84,0,0
BRDA:605,84,1,0
BRDA:606,85,0,0
BRDA:606,85,1,0
BRDA:606,86,0,0
BRDA:606,86,1,0
BRDA:608,87,0,0
BRDA:608,87,1,0
BRDA:612,88,0,0
BRDA:612,88,1,0
BRDA:614,89,0,0
BRDA:614,89,1,0
BRDA:616,90,0,0
BRDA:616,90,1,0
BRDA:616,90,2,0
BRDA:620,91,0,0
BRDA:620,91,1,0
BRDA:621,92,0,0
BRDA:621,92,1,0
BRDA:624,93,0,0
BRDA:624,93,1,0
BRDA:624,94,0,0
BRDA:624,94,1,0
BRDA:624,94,2,0
BRDA:648,95,0,0
BRDA:648,95,1,0
BRDA:648,96,0,0
BRDA:648,96,1,0
BRDA:648,96,2,0
BRDA:648,96,3,0
BRDA:648,96,4,0
BRDA:648,96,5,0
BRDA:648,96,6,0
BRDA:666,97,0,0
BRDA:666,97,1,0
BRDA:666,97,2,0
BRDA:669,98,0,0
BRDA:669,98,1,0
BRDA:669,98,2,0
BRDA:670,99,0,0
BRDA:670,99,1,0
BRDA:673,100,0,0
BRDA:673,100,1,0
BRDA:673,101,0,0
BRDA:673,101,1,0
BRDA:677,102,0,0
BRDA:677,102,1,0
BRDA:677,103,0,0
BRDA:677,103,1,0
BRDA:678,104,0,0
BRDA:678,104,1,0
BRDA:683,105,0,0
BRDA:683,105,1,0
BRDA:684,106,0,0
BRDA:684,106,1,0
BRDA:685,107,0,0
BRDA:685,107,1,0
BRDA:685,108,0,0
BRDA:685,108,1,0
BRDA:685,108,2,0
BRDA:690,109,0,0
BRDA:690,109,1,0
BRDA:703,110,0,0
BRDA:703,110,1,0
BRDA:703,111,0,0
BRDA:703,111,1,0
BRDA:743,112,0,0
BRDA:743,112,1,0
BRDA:768,113,0,0
BRDA:768,113,1,0
BRDA:769,114,0,0
BRDA:769,114,1,0
BRDA:772,115,0,0
BRDA:772,115,1,0
BRDA:776,116,0,0
BRDA:776,116,1,0
BRDA:780,117,0,0
BRDA:780,117,1,0
BRDA:783,118,0,0
BRDA:783,118,1,0
BRDA:783,119,0,0
BRDA:783,119,1,0
BRDA:838,120,0,0
BRDA:838,120,1,0
BRDA:847,121,0,0
BRDA:847,121,1,0
BRDA:861,122,0,0
BRDA:861,122,1,0
BRDA:865,123,0,0
BRDA:865,123,1,0
BRDA:867,124,0,0
BRDA:867,124,1,0
BRDA:867,125,0,0
BRDA:867,125,1,0
BRDA:881,126,0,0
BRDA:881,126,1,0
BRDA:885,127,0,0
BRDA:885,127,1,0
BRDA:887,128,0,0
BRDA:887,128,1,0
BRDA:887,129,0,0
BRDA:887,129,1,0
BRDA:893,130,0,0
BRDA:893,130,1,0
BRDA:894,131,0,0
BRDA:894,131,1,0
BRDA:901,132,0,0
BRDA:901,132,1,0
BRDA:901,133,0,0
BRDA:901,133,1,0
BRDA:925,134,0,0
BRDA:925,134,1,0
BRDA:926,135,0,0
BRDA:926,135,1,0
BRDA:929,136,0,0
BRDA:929,136,1,0
BRDA:945,137,0,0
BRDA:945,137,1,0
BRDA:949,138,0,0
BRDA:949,138,1,0
BRDA:952,139,0,0
BRDA:952,139,1,0
BRDA:954,140,0,0
BRDA:954,140,1,0
BRDA:956,141,0,0
BRDA:956,141,1,0
BRDA:964,142,0,0
BRDA:964,142,1,0
BRDA:965,143,0,0
BRDA:965,143,1,0
BRDA:967,144,0,0
BRDA:967,144,1,0
BRDA:976,145,0,0
BRDA:976,145,1,0
BRDA:976,146,0,0
BRDA:976,146,1,0
BRDA:984,147,0,0
BRDA:984,147,1,0
BRDA:985,148,0,0
BRDA:985,148,1,0
BRDA:1020,149,0,0
BRDA:1020,149,1,0
BRDA:1021,150,0,0
BRDA:1021,150,1,0
BRDA:1021,151,0,0
BRDA:1021,151,1,0
BRDA:1022,152,0,0
BRDA:1022,152,1,0
BRDA:1022,152,2,0
BRDA:1028,153,0,0
BRDA:1028,153,1,0
BRDA:1029,154,0,0
BRDA:1029,154,1,0
BRDA:1031,155,0,0
BRDA:1031,155,1,0
BRDA:1031,156,0,0
BRDA:1031,156,1,0
BRDA:1038,157,0,0
BRDA:1038,157,1,0
BRDA:1040,158,0,0
BRDA:1040,158,1,0
BRDA:1125,159,0,0
BRDA:1125,159,1,0
BRDA:1125,160,0,0
BRDA:1125,160,1,0
BRDA:1125,160,2,0
BRDA:1128,161,0,0
BRDA:1128,161,1,0
BRDA:1128,162,0,0
BRDA:1128,162,1,0
BRDA:1129,163,0,0
BRDA:1129,163,1,0
BRDA:1130,164,0,0
BRDA:1130,164,1,0
BRDA:1130,165,0,0
BRDA:1130,165,1,0
BRDA:1131,166,0,0
BRDA:1131,166,1,0
BRDA:1131,167,0,0
BRDA:1131,167,1,0
BRDA:1133,168,0,0
BRDA:1133,168,1,0
BRDA:1134,169,0,0
BRDA:1134,169,1,0
BRDA:1135,170,0,0
BRDA:1135,170,1,0
BRDA:1140,171,0,0
BRDA:1140,171,1,0
BRDA:1140,172,0,0
BRDA:1140,172,1,0
BRDA:1140,172,2,0
BRDA:1143,173,0,0
BRDA:1143,173,1,0
BRDA:1143,174,0,0
BRDA:1143,174,1,0
BRDA:1144,175,0,0
BRDA:1144,175,1,0
BRDA:1145,176,0,0
BRDA:1145,176,1,0
BRDA:1146,177,0,0
BRDA:1146,177,1,0
BRDA:1146,178,0,0
BRDA:1146,178,1,0
BRDA:1147,179,0,0
BRDA:1147,179,1,0
BRDA:1148,180,0,0
BRDA:1148,180,1,0
BRDA:1167,181,0,0
BRDA:1167,181,1,0
BRDA:1174,182,0,0
BRDA:1174,182,1,0
BRDA:1175,183,0,0
BRDA:1175,183,1,0
BRDA:1176,184,0,0
BRDA:1176,184,1,0
BRDA:1177,185,0,0
BRDA:1177,185,1,0
BRDA:1181,186,0,0
BRDA:1181,186,1,0
BRDA:1181,187,0,0
BRDA:1181,187,1,0
BRDA:1190,188,0,0
BRDA:1190,188,1,0
BRDA:1190,188,2,0
BRDA:1191,189,0,0
BRDA:1191,189,1,0
BRDA:1217,190,0,0
BRDA:1217,190,1,0
BRDA:1220,191,0,0
BRDA:1220,191,1,0
BRDA:1226,192,0,0
BRDA:1226,192,1,0
BRDA:1257,193,0,0
BRDA:1257,193,1,0
BRDA:1261,194,0,0
BRDA:1261,194,1,0
BRDA:1284,195,0,0
BRDA:1284,195,1,0
BRDA:1372,196,0,0
BRDA:1372,196,1,0
BRDA:1372,197,0,0
BRDA:1372,197,1,0
BRDA:1372,197,2,0
BRDA:1375,198,0,0
BRDA:1375,198,1,0
BRDA:1375,199,0,0
BRDA:1375,199,1,0
BRDA:1378,200,0,0
BRDA:1378,200,1,0
BRDA:1378,201,0,0
BRDA:1378,201,1,0
BRDA:1381,202,0,0
BRDA:1381,202,1,0
BRDA:1381,203,0,0
BRDA:1381,203,1,0
BRDA:1384,204,0,0
BRDA:1384,204,1,0
BRDA:1384,205,0,0
BRDA:1384,205,1,0
BRDA:1387,206,0,0
BRDA:1387,206,1,0
BRDA:1387,207,0,0
BRDA:1387,207,1,0
BRDA:1390,208,0,0
BRDA:1390,208,1,0
BRDA:1390,209,0,0
BRDA:1390,209,1,0
BRDA:1398,210,0,0
BRDA:1398,210,1,0
BRDA:1407,211,0,0
BRDA:1407,211,1,0
BRDA:1411,212,0,0
BRDA:1411,212,1,0
BRDA:1422,213,0,0
BRDA:1422,213,1,0
BRDA:1427,214,0,0
BRDA:1427,214,1,0
BRDA:1432,215,0,0
BRDA:1432,215,1,0
BRDA:1438,216,0,0
BRDA:1438,216,1,0
BRDA:1449,217,0,0
BRDA:1449,217,1,0
BRDA:1456,218,0,0
BRDA:1456,218,1,0
BRDA:1464,219,0,0
BRDA:1464,219,1,0
BRDA:1471,220,0,0
BRDA:1471,220,1,0
BRDA:1478,221,0,0
BRDA:1478,221,1,0
BRDA:1486,222,0,0
BRDA:1486,222,1,0
BRDA:1494,223,0,0
BRDA:1494,223,1,0
BRDA:1502,224,0,0
BRDA:1502,224,1,0
BRDA:1510,225,0,0
BRDA:1510,225,1,0
BRDA:1542,226,0,0
BRDA:1542,226,1,0
BRDA:1543,227,0,0
BRDA:1543,227,1,0
BRDA:1565,228,0,0
BRDA:1565,228,1,0
BRDA:1565,228,2,0
BRDA:1565,229,0,0
BRDA:1565,229,1,0
BRDA:1573,230,0,0
BRDA:1573,230,1,0
BRDA:1583,231,0,0
BRDA:1583,231,1,0
BRDA:1610,232,0,0
BRDA:1610,232,1,0
BRDA:1611,233,0,0
BRDA:1611,233,1,0
BRDA:1612,234,0,0
BRDA:1612,234,1,0
BRDA:1613,235,0,0
BRDA:1613,235,1,0
BRDA:1649,236,0,0
BRDA:1649,236,1,0
BRDA:1650,237,0,0
BRDA:1650,237,1,0
BRDA:1651,238,0,0
BRDA:1651,238,1,0
BRDA:1654,239,0,0
BRDA:1654,239,1,0
BRDA:1655,240,0,0
BRDA:1655,240,1,0
BRDA:1667,241,0,0
BRDA:1667,241,1,0
BRDA:1668,242,0,0
BRDA:1668,242,1,0
BRDA:1669,243,0,0
BRDA:1669,243,1,0
BRDA:1672,244,0,0
BRDA:1672,244,1,0
BRDA:1673,245,0,0
BRDA:1673,245,1,0
BRDA:1718,246,0,0
BRDA:1718,246,1,0
BRDA:1719,247,0,0
BRDA:1719,247,1,0
BRDA:1722,248,0,0
BRDA:1722,248,1,0
BRDA:1739,249,0,0
BRDA:1739,249,1,0
BRDA:1750,250,0,0
BRDA:1750,250,1,0
BRDA:1752,251,0,0
BRDA:1752,251,1,0
BRDA:1757,252,0,0
BRDA:1757,252,1,0
BRDA:1776,253,0,0
BRDA:1776,253,1,0
BRDA:1800,254,0,0
BRDA:1800,254,1,0
BRDA:1800,255,0,0
BRDA:1800,255,1,0
BRDA:1803,256,0,0
BRDA:1803,256,1,0
BRDA:1808,257,0,0
BRDA:1808,257,1,0
BRDA:1810,258,0,0
BRDA:1810,258,1,0
BRDA:1811,259,0,0
BRDA:1811,259,1,0
BRDA:1812,260,0,0
BRDA:1812,260,1,0
BRDA:1819,261,0,0
BRDA:1819,261,1,0
BRDA:1822,262,0,0
BRDA:1822,262,1,0
BRDA:1847,263,0,1
BRDA:1847,263,1,0
BRDA:1880,264,0,0
BRDA:1880,264,1,0
BRDA:1880,265,0,0
BRDA:1880,265,1,0
BRDA:1892,266,0,0
BRDA:1892,266,1,0
BRDA:1893,267,0,0
BRDA:1893,267,1,0
BRDA:1894,268,0,0
BRDA:1894,268,1,0
BRDA:1897,269,0,0
BRDA:1897,269,1,0
BRDA:1901,270,0,0
BRDA:1901,270,1,0
BRDA:1910,271,0,0
BRDA:1910,271,1,0
BRDA:1913,272,0,0
BRDA:1913,272,1,0
BRDA:1916,273,0,0
BRDA:1916,273,1,0
BRDA:1919,274,0,0
BRDA:1919,274,1,0
BRDA:1946,275,0,0
BRDA:1946,275,1,0
BRDA:1947,276,0,0
BRDA:1947,276,1,0
BRDA:1967,277,0,0
BRDA:1967,277,1,0
BRDA:1971,278,0,0
BRDA:1971,278,1,0
BRDA:1971,279,0,0
BRDA:1971,279,1,0
BRDA:1977,280,0,0
BRDA:1977,280,1,0
BRDA:1978,281,0,0
BRDA:1978,281,1,0
BRDA:1983,282,0,0
BRDA:1983,282,1,0
BRDA:1987,283,0,0
BRDA:1987,283,1,0
BRDA:1987,284,0,0
BRDA:1987,284,1,0
BRDA:1998,285,0,0
BRDA:1998,285,1,0
BRDA:2002,286,0,0
BRDA:2002,286,1,0
BRDA:2002,287,0,0
BRDA:2002,287,1,0
BRDA:2013,288,0,0
BRDA:2013,288,1,0
BRDA:2017,289,0,0
BRDA:2017,289,1,0
BRDA:2028,290,0,0
BRDA:2028,290,1,0
BRDA:2032,291,0,0
BRDA:2032,291,1,0
BRDA:2052,292,0,0
BRDA:2052,292,1,0
BRDA:2080,293,0,0
BRDA:2080,293,1,0
BRDA:2089,294,0,0
BRDA:2089,294,1,0
BRDA:2096,295,0,0
BRDA:2096,295,1,0
BRDA:2096,296,0,0
BRDA:2096,296,1,0
BRDA:2100,297,0,0
BRDA:2100,297,1,0
BRDA:2113,298,0,0
BRDA:2113,298,1,0
BRDA:2131,299,0,0
BRDA:2131,299,1,0
BRF:614
BRH:5
end_of_record
