TN:
SF:C:\Applic\Server\DBNode-4.0.0-beta-3\htdocs\__Projects\xassist\dist\xAssist.js
FN:7,(anonymous_1)
FN:11,(anonymous_2)
FN:23,readyHandler
FN:26,(anonymous_4)
FN:33,id
FN:38,ready
FN:53,template
FN:55,(anonymous_8)
FN:57,(anonymous_9)
FN:66,pushUnique
FN:76,groupSequence
FN:79,(anonymous_12)
FN:92,replaceNull
FN:97,(anonymous_14)
FN:103,(anonymous_15)
FN:116,array
FN:124,EventDispatcher
FN:132,(anonymous_18)
FN:143,(anonymous_19)
FN:146,(anonymous_20)
FN:157,(anonymous_21)
FN:169,(anonymous_22)
FN:180,(anonymous_23)
FN:187,(anonymous_24)
FN:189,(anonymous_25)
FN:195,EventDispatcher$1
FN:203,(anonymous_27)
FN:214,(anonymous_28)
FN:217,(anonymous_29)
FN:228,(anonymous_30)
FN:240,(anonymous_31)
FN:251,(anonymous_32)
FN:258,(anonymous_33)
FN:260,(anonymous_34)
FN:266,object
FN:269,XaObject
FN:276,_getType
FN:279,_transformType
FN:291,(anonymous_39)
FN:306,(anonymous_40)
FN:313,(anonymous_41)
FN:319,(anonymous_42)
FN:340,(anonymous_43)
FN:343,(anonymous_44)
FN:348,(anonymous_45)
FN:356,(anonymous_46)
FN:358,(anonymous_47)
FN:362,(anonymous_48)
FN:364,(anonymous_49)
FN:368,(anonymous_50)
FN:373,(anonymous_51)
FN:377,(anonymous_52)
FN:383,(anonymous_53)
FN:405,_setOptions
FN:408,_setDelimiter
FN:415,_getReFormat
FN:418,csv
FN:435,_isNumeric
FN:439,_getHeader
FN:446,(anonymous_60)
FN:478,formatResult
FN:485,rowArrayToText
FN:486,(anonymous_63)
FN:490,rowObjectToText
FN:491,(anonymous_65)
FN:495,(anonymous_66)
FN:497,(anonymous_67)
FN:504,valueToText
FN:513,arrayToObject
FN:517,(anonymous_70)
FN:523,(anonymous_71)
FN:524,(anonymous_72)
FN:532,toArray
FN:551,toObject
FN:571,(anonymous_75)
FN:576,fromObject
FN:582,(anonymous_77)
FN:587,(anonymous_78)
FN:593,fromArray
FN:595,(anonymous_80)
FN:612,csvParser
FN:622,parseRows
FN:635,setError
FN:644,getNextValue
FN:655,checkCRLF
FN:712,getResult
FN:714,(anonymous_87)
FN:727,(anonymous_88)
FN:772,version$1
FNF:89
FNH:2
FNDA:1,(anonymous_1)
FNDA:1,(anonymous_2)
FNDA:0,readyHandler
FNDA:0,(anonymous_4)
FNDA:0,id
FNDA:0,ready
FNDA:0,template
FNDA:0,(anonymous_8)
FNDA:0,(anonymous_9)
FNDA:0,pushUnique
FNDA:0,groupSequence
FNDA:0,(anonymous_12)
FNDA:0,replaceNull
FNDA:0,(anonymous_14)
FNDA:0,(anonymous_15)
FNDA:0,array
FNDA:0,EventDispatcher
FNDA:0,(anonymous_18)
FNDA:0,(anonymous_19)
FNDA:0,(anonymous_20)
FNDA:0,(anonymous_21)
FNDA:0,(anonymous_22)
FNDA:0,(anonymous_23)
FNDA:0,(anonymous_24)
FNDA:0,(anonymous_25)
FNDA:0,EventDispatcher$1
FNDA:0,(anonymous_27)
FNDA:0,(anonymous_28)
FNDA:0,(anonymous_29)
FNDA:0,(anonymous_30)
FNDA:0,(anonymous_31)
FNDA:0,(anonymous_32)
FNDA:0,(anonymous_33)
FNDA:0,(anonymous_34)
FNDA:0,object
FNDA:0,XaObject
FNDA:0,_getType
FNDA:0,_transformType
FNDA:0,(anonymous_39)
FNDA:0,(anonymous_40)
FNDA:0,(anonymous_41)
FNDA:0,(anonymous_42)
FNDA:0,(anonymous_43)
FNDA:0,(anonymous_44)
FNDA:0,(anonymous_45)
FNDA:0,(anonymous_46)
FNDA:0,(anonymous_47)
FNDA:0,(anonymous_48)
FNDA:0,(anonymous_49)
FNDA:0,(anonymous_50)
FNDA:0,(anonymous_51)
FNDA:0,(anonymous_52)
FNDA:0,(anonymous_53)
FNDA:0,_setOptions
FNDA:0,_setDelimiter
FNDA:0,_getReFormat
FNDA:0,csv
FNDA:0,_isNumeric
FNDA:0,_getHeader
FNDA:0,(anonymous_60)
FNDA:0,formatResult
FNDA:0,rowArrayToText
FNDA:0,(anonymous_63)
FNDA:0,rowObjectToText
FNDA:0,(anonymous_65)
FNDA:0,(anonymous_66)
FNDA:0,(anonymous_67)
FNDA:0,valueToText
FNDA:0,arrayToObject
FNDA:0,(anonymous_70)
FNDA:0,(anonymous_71)
FNDA:0,(anonymous_72)
FNDA:0,toArray
FNDA:0,toObject
FNDA:0,(anonymous_75)
FNDA:0,fromObject
FNDA:0,(anonymous_77)
FNDA:0,(anonymous_78)
FNDA:0,fromArray
FNDA:0,(anonymous_80)
FNDA:0,csvParser
FNDA:0,parseRows
FNDA:0,setError
FNDA:0,getNextValue
FNDA:0,checkCRLF
FNDA:0,getResult
FNDA:0,(anonymous_87)
FNDA:0,(anonymous_88)
FNDA:0,version$1
DA:7,1
DA:8,1
DA:13,1
DA:15,1
DA:19,1
DA:20,1
DA:23,1
DA:25,0
DA:26,0
DA:27,0
DA:30,0
DA:31,0
DA:33,1
DA:35,0
DA:38,1
DA:40,0
DA:41,0
DA:44,0
DA:45,0
DA:49,0
DA:53,1
DA:54,0
DA:55,0
DA:57,0
DA:58,0
DA:59,0
DA:61,0
DA:66,1
DA:67,0
DA:68,0
DA:69,0
DA:73,0
DA:76,1
DA:79,0
DA:81,0
DA:83,0
DA:87,0
DA:89,0
DA:92,1
DA:95,0
DA:96,0
DA:97,0
DA:99,0
DA:100,0
DA:103,0
DA:105,0
DA:106,0
DA:107,0
DA:108,0
DA:111,0
DA:114,0
DA:116,1
DA:117,0
DA:124,1
DA:125,0
DA:126,0
DA:129,0
DA:132,1
DA:133,0
DA:134,0
DA:140,0
DA:143,1
DA:144,0
DA:146,1
DA:147,0
DA:150,0
DA:151,0
DA:153,0
DA:154,0
DA:157,1
DA:158,0
DA:162,0
DA:163,0
DA:165,0
DA:166,0
DA:169,1
DA:170,0
DA:171,0
DA:172,0
DA:173,0
DA:174,0
DA:175,0
DA:180,0
DA:181,0
DA:187,1
DA:188,0
DA:189,0
DA:190,0
DA:195,1
DA:196,0
DA:197,0
DA:199,0
DA:200,0
DA:203,1
DA:204,0
DA:205,0
DA:211,0
DA:214,1
DA:215,0
DA:217,1
DA:218,0
DA:221,0
DA:222,0
DA:224,0
DA:225,0
DA:228,1
DA:229,0
DA:233,0
DA:234,0
DA:236,0
DA:237,0
DA:240,1
DA:241,0
DA:242,0
DA:243,0
DA:244,0
DA:245,0
DA:246,0
DA:251,0
DA:252,0
DA:258,1
DA:259,0
DA:260,0
DA:261,0
DA:266,1
DA:267,0
DA:269,1
DA:270,0
DA:271,0
DA:272,0
DA:274,1
DA:275,1
DA:276,1
DA:277,0
DA:279,1
DA:280,0
DA:281,0
DA:283,0
DA:284,0
DA:286,0
DA:287,0
DA:289,0
DA:291,1
DA:293,0
DA:295,0
DA:296,0
DA:298,0
DA:299,0
DA:300,0
DA:301,0
DA:303,0
DA:304,0
DA:305,0
DA:307,0
DA:308,0
DA:309,0
DA:310,0
DA:314,0
DA:319,1
DA:320,0
DA:321,0
DA:323,0
DA:324,0
DA:326,0
DA:327,0
DA:328,0
DA:329,0
DA:330,0
DA:332,0
DA:333,0
DA:338,0
DA:340,1
DA:341,0
DA:343,1
DA:344,0
DA:347,0
DA:348,0
DA:349,0
DA:350,0
DA:354,0
DA:356,1
DA:357,0
DA:358,0
DA:359,0
DA:362,1
DA:363,0
DA:364,0
DA:365,0
DA:368,1
DA:369,0
DA:370,0
DA:371,0
DA:373,0
DA:374,0
DA:377,1
DA:378,0
DA:379,0
DA:380,0
DA:382,0
DA:383,0
DA:384,0
DA:386,0
DA:389,1
DA:390,1
DA:401,1
DA:405,1
DA:406,0
DA:408,1
DA:409,0
DA:410,0
DA:411,0
DA:413,0
DA:415,1
DA:416,0
DA:418,1
DA:419,0
DA:423,0
DA:424,0
DA:425,0
DA:426,0
DA:428,0
DA:430,0
DA:431,0
DA:432,0
DA:433,0
DA:435,1
DA:437,0
DA:439,1
DA:440,0
DA:441,0
DA:442,0
DA:444,0
DA:446,0
DA:448,0
DA:450,0
DA:451,0
DA:453,0
DA:454,0
DA:455,0
DA:456,0
DA:459,0
DA:460,0
DA:461,0
DA:462,0
DA:465,0
DA:466,0
DA:471,0
DA:473,0
DA:476,0
DA:478,1
DA:479,0
DA:480,0
DA:481,0
DA:483,0
DA:485,1
DA:486,0
DA:487,0
DA:490,1
DA:491,0
DA:492,0
DA:493,0
DA:495,0
DA:496,0
DA:497,0
DA:498,0
DA:499,0
DA:501,0
DA:504,1
DA:507,0
DA:508,0
DA:510,0
DA:513,1
DA:514,0
DA:515,0
DA:517,0
DA:518,0
DA:519,0
DA:521,0
DA:523,0
DA:524,0
DA:525,0
DA:526,0
DA:527,0
DA:532,1
DA:535,0
DA:536,0
DA:537,0
DA:538,0
DA:539,0
DA:542,0
DA:546,0
DA:548,0
DA:549,0
DA:551,1
DA:554,0
DA:557,0
DA:558,0
DA:559,0
DA:560,0
DA:563,0
DA:567,0
DA:569,0
DA:570,0
DA:571,0
DA:572,0
DA:574,0
DA:576,1
DA:577,0
DA:580,0
DA:581,0
DA:582,0
DA:583,0
DA:585,0
DA:586,0
DA:587,0
DA:588,0
DA:593,1
DA:594,0
DA:596,0
DA:598,0
DA:599,0
DA:604,0
DA:612,1
DA:614,0
DA:615,0
DA:616,0
DA:617,0
DA:618,0
DA:619,0
DA:620,0
DA:621,0
DA:622,1
DA:623,0
DA:635,1
DA:636,0
DA:641,0
DA:644,1
DA:645,0
DA:649,0
DA:650,0
DA:651,0
DA:652,0
DA:653,0
DA:655,1
DA:661,0
DA:662,0
DA:664,0
DA:665,0
DA:667,0
DA:668,0
DA:670,0
DA:672,0
DA:673,0
DA:674,0
DA:675,0
DA:676,0
DA:677,0
DA:678,0
DA:679,0
DA:681,0
DA:682,0
DA:683,0
DA:684,0
DA:685,0
DA:687,0
DA:688,0
DA:689,0
DA:691,0
DA:692,0
DA:694,0
DA:695,0
DA:696,0
DA:699,0
DA:700,0
DA:705,0
DA:706,0
DA:710,0
DA:712,1
DA:713,0
DA:714,0
DA:715,0
DA:717,0
DA:718,0
DA:719,0
DA:723,0
DA:726,0
DA:728,0
DA:737,0
DA:738,0
DA:739,0
DA:740,0
DA:741,0
DA:742,0
DA:744,0
DA:745,0
DA:747,0
DA:748,0
DA:749,0
DA:750,0
DA:752,0
DA:754,0
DA:755,0
DA:756,0
DA:758,0
DA:760,0
DA:761,0
DA:762,0
DA:763,0
DA:766,0
DA:768,0
DA:772,1
DA:774,1
DA:775,1
DA:776,1
DA:777,1
DA:778,1
DA:779,1
DA:780,1
DA:781,1
DA:783,1
LF:420
LH:76
BRDA:8,1,0,1
BRDA:8,1,1,0
BRDA:8,2,0,1
BRDA:8,2,1,1
BRDA:9,3,0,0
BRDA:9,3,1,0
BRDA:9,4,0,0
BRDA:9,4,1,0
BRDA:10,5,0,0
BRDA:10,5,1,0
BRDA:19,6,0,1
BRDA:19,6,1,0
BRDA:35,7,0,0
BRDA:35,7,1,0
BRDA:40,8,0,0
BRDA:40,8,1,0
BRDA:44,9,0,0
BRDA:44,9,1,0
BRDA:54,10,0,0
BRDA:54,10,1,0
BRDA:58,11,0,0
BRDA:58,11,1,0
BRDA:67,12,0,0
BRDA:67,12,1,0
BRDA:68,13,0,0
BRDA:68,13,1,0
BRDA:68,14,0,0
BRDA:68,14,1,0
BRDA:81,15,0,0
BRDA:81,15,1,0
BRDA:81,16,0,0
BRDA:81,16,1,0
BRDA:96,17,0,0
BRDA:96,17,1,0
BRDA:99,18,0,0
BRDA:99,18,1,0
BRDA:107,19,0,0
BRDA:107,19,1,0
BRDA:107,20,0,0
BRDA:107,20,1,0
BRDA:125,21,0,0
BRDA:125,21,1,0
BRDA:133,22,0,0
BRDA:133,22,1,0
BRDA:135,23,0,0
BRDA:135,23,1,0
BRDA:150,24,0,0
BRDA:150,24,1,0
BRDA:150,25,0,0
BRDA:150,25,1,0
BRDA:153,26,0,0
BRDA:153,26,1,0
BRDA:162,27,0,0
BRDA:162,27,1,0
BRDA:162,28,0,0
BRDA:162,28,1,0
BRDA:165,29,0,0
BRDA:165,29,1,0
BRDA:172,30,0,0
BRDA:172,30,1,0
BRDA:176,31,0,0
BRDA:176,31,1,0
BRDA:188,32,0,0
BRDA:188,32,1,0
BRDA:196,33,0,0
BRDA:196,33,1,0
BRDA:204,34,0,0
BRDA:204,34,1,0
BRDA:206,35,0,0
BRDA:206,35,1,0
BRDA:221,36,0,0
BRDA:221,36,1,0
BRDA:221,37,0,0
BRDA:221,37,1,0
BRDA:224,38,0,0
BRDA:224,38,1,0
BRDA:233,39,0,0
BRDA:233,39,1,0
BRDA:233,40,0,0
BRDA:233,40,1,0
BRDA:236,41,0,0
BRDA:236,41,1,0
BRDA:243,42,0,0
BRDA:243,42,1,0
BRDA:247,43,0,0
BRDA:247,43,1,0
BRDA:259,44,0,0
BRDA:259,44,1,0
BRDA:280,45,0,0
BRDA:280,45,1,0
BRDA:283,46,0,0
BRDA:283,46,1,0
BRDA:286,47,0,0
BRDA:286,47,1,0
BRDA:295,48,0,0
BRDA:295,48,1,0
BRDA:295,49,0,0
BRDA:295,49,1,0
BRDA:298,50,0,0
BRDA:298,50,1,0
BRDA:304,51,0,0
BRDA:304,51,1,0
BRDA:309,52,0,0
BRDA:309,52,1,0
BRDA:320,53,0,0
BRDA:320,53,1,0
BRDA:323,54,0,0
BRDA:323,54,1,0
BRDA:329,55,0,0
BRDA:329,55,1,0
BRDA:332,56,0,0
BRDA:332,56,1,0
BRDA:347,57,0,0
BRDA:347,57,1,0
BRDA:349,58,0,0
BRDA:349,58,1,0
BRDA:370,59,0,0
BRDA:370,59,1,0
BRDA:379,60,0,0
BRDA:379,60,1,0
BRDA:423,61,0,0
BRDA:423,61,1,0
BRDA:424,62,0,0
BRDA:424,62,1,0
BRDA:430,63,0,0
BRDA:430,63,1,0
BRDA:437,64,0,0
BRDA:437,64,1,0
BRDA:442,65,0,0
BRDA:442,65,1,0
BRDA:444,66,0,0
BRDA:444,66,1,0
BRDA:451,67,0,0
BRDA:451,67,1,0
BRDA:454,68,0,0
BRDA:454,68,1,0
BRDA:460,69,0,0
BRDA:460,69,1,0
BRDA:460,70,0,0
BRDA:460,70,1,0
BRDA:480,71,0,0
BRDA:480,71,1,0
BRDA:498,72,0,0
BRDA:498,72,1,0
BRDA:507,73,0,0
BRDA:507,73,1,0
BRDA:510,74,0,0
BRDA:510,74,1,0
BRDA:514,75,0,0
BRDA:514,75,1,0
BRDA:515,76,0,0
BRDA:515,76,1,0
BRDA:525,77,0,0
BRDA:525,77,1,0
BRDA:536,78,0,0
BRDA:536,78,1,0
BRDA:538,79,0,0
BRDA:538,79,1,0
BRDA:548,80,0,0
BRDA:548,80,1,0
BRDA:557,81,0,0
BRDA:557,81,1,0
BRDA:559,82,0,0
BRDA:559,82,1,0
BRDA:569,83,0,0
BRDA:569,83,1,0
BRDA:571,84,0,0
BRDA:571,84,1,0
BRDA:580,85,0,0
BRDA:580,85,1,0
BRDA:585,86,0,0
BRDA:585,86,1,0
BRDA:598,87,0,0
BRDA:598,87,1,0
BRDA:621,88,0,0
BRDA:621,88,1,0
BRDA:629,89,0,0
BRDA:629,89,1,0
BRDA:650,90,0,0
BRDA:650,90,1,0
BRDA:652,91,0,0
BRDA:652,91,1,0
BRDA:661,92,0,0
BRDA:661,92,1,0
BRDA:664,93,0,0
BRDA:664,93,1,0
BRDA:667,94,0,0
BRDA:667,94,1,0
BRDA:674,95,0,0
BRDA:674,95,1,0
BRDA:676,96,0,0
BRDA:676,96,1,0
BRDA:677,97,0,0
BRDA:677,97,1,0
BRDA:677,98,0,0
BRDA:677,98,1,0
BRDA:679,99,0,0
BRDA:679,99,1,0
BRDA:683,100,0,0
BRDA:683,100,1,0
BRDA:685,101,0,0
BRDA:685,101,1,0
BRDA:687,102,0,0
BRDA:687,102,1,0
BRDA:687,102,2,0
BRDA:691,103,0,0
BRDA:691,103,1,0
BRDA:692,104,0,0
BRDA:692,104,1,0
BRDA:695,105,0,0
BRDA:695,105,1,0
BRDA:695,106,0,0
BRDA:695,106,1,0
BRDA:695,106,2,0
BRDA:719,107,0,0
BRDA:719,107,1,0
BRDA:719,108,0,0
BRDA:719,108,1,0
BRDA:719,108,2,0
BRDA:719,108,3,0
BRDA:719,108,4,0
BRDA:719,108,5,0
BRDA:719,108,6,0
BRDA:737,109,0,0
BRDA:737,109,1,0
BRDA:737,109,2,0
BRDA:740,110,0,0
BRDA:740,110,1,0
BRDA:740,110,2,0
BRDA:741,111,0,0
BRDA:741,111,1,0
BRDA:744,112,0,0
BRDA:744,112,1,0
BRDA:744,113,0,0
BRDA:744,113,1,0
BRDA:748,114,0,0
BRDA:748,114,1,0
BRDA:748,115,0,0
BRDA:748,115,1,0
BRDA:749,116,0,0
BRDA:749,116,1,0
BRDA:754,117,0,0
BRDA:754,117,1,0
BRDA:755,118,0,0
BRDA:755,118,1,0
BRDA:756,119,0,0
BRDA:756,119,1,0
BRDA:756,120,0,0
BRDA:756,120,1,0
BRDA:756,120,2,0
BRDA:761,121,0,0
BRDA:761,121,1,0
BRF:252
BRH:4
end_of_record
